[0.005s] Invoking command in '/home/comrade/kshoonya_ws/build/my_robot_bringup': CMAKE_PREFIX_PATH=${CMAKE_PREFIX_PATH}:/home/comrade/ros2_ws/install/py_pkg:/opt/ros/iron /usr/bin/cmake /home/comrade/kshoonya_ws/src/my_robot_bringup -DAMENT_CMAKE_SYMLINK_INSTALL=1 -DCMAKE_INSTALL_PREFIX=/home/comrade/kshoonya_ws/install/my_robot_bringup
[0.057s] -- The C compiler identification is GNU 11.4.0
[0.135s] -- The CXX compiler identification is GNU 11.4.0
[0.140s] -- Detecting C compiler ABI info
[0.244s] -- Detecting C compiler ABI info - done
[0.250s] -- Check for working C compiler: /usr/bin/cc - skipped
[0.251s] -- Detecting C compile features
[0.252s] -- Detecting C compile features - done
[0.257s] -- Detecting CXX compiler ABI info
[0.356s] -- Detecting CXX compiler ABI info - done
[0.360s] -- Check for working CXX compiler: /usr/bin/c++ - skipped
[0.360s] -- Detecting CXX compile features
[0.361s] -- Detecting CXX compile features - done
[0.364s] -- Found ament_cmake: 2.0.3 (/opt/ros/iron/share/ament_cmake/cmake)
[0.485s] -- Found Python3: /usr/bin/python3.10 (found version "3.10.12") found components: Interpreter 
[0.521s] -- Override CMake install command with custom implementation using symlinks instead of copying resources
[0.574s] -- Configuring done
[0.575s] -- Generating done
[0.576s] -- Build files have been written to: /home/comrade/kshoonya_ws/build/my_robot_bringup
[0.579s] Invoked command in '/home/comrade/kshoonya_ws/build/my_robot_bringup' returned '0': CMAKE_PREFIX_PATH=${CMAKE_PREFIX_PATH}:/home/comrade/ros2_ws/install/py_pkg:/opt/ros/iron /usr/bin/cmake /home/comrade/kshoonya_ws/src/my_robot_bringup -DAMENT_CMAKE_SYMLINK_INSTALL=1 -DCMAKE_INSTALL_PREFIX=/home/comrade/kshoonya_ws/install/my_robot_bringup
[0.580s] Invoking command in '/home/comrade/kshoonya_ws/build/my_robot_bringup': CMAKE_PREFIX_PATH=${CMAKE_PREFIX_PATH}:/home/comrade/ros2_ws/install/py_pkg:/opt/ros/iron /usr/bin/cmake --build /home/comrade/kshoonya_ws/build/my_robot_bringup -- -j16 -l16
[0.600s] Invoked command in '/home/comrade/kshoonya_ws/build/my_robot_bringup' returned '0': CMAKE_PREFIX_PATH=${CMAKE_PREFIX_PATH}:/home/comrade/ros2_ws/install/py_pkg:/opt/ros/iron /usr/bin/cmake --build /home/comrade/kshoonya_ws/build/my_robot_bringup -- -j16 -l16
[0.637s] Invoking command in '/home/comrade/kshoonya_ws/build/my_robot_bringup': CMAKE_PREFIX_PATH=${CMAKE_PREFIX_PATH}:/home/comrade/ros2_ws/install/py_pkg:/opt/ros/iron /usr/bin/cmake --install /home/comrade/kshoonya_ws/build/my_robot_bringup
[0.653s] -- Install configuration: ""
[0.654s] -- Execute custom install script
[0.655s] -- Symlinking: /home/comrade/kshoonya_ws/install/my_robot_bringup/share/my_robot_bringup//launch/my_robot_gazebo.launch.xml
[0.666s] -- Symlinking: /home/comrade/kshoonya_ws/install/my_robot_bringup/share/ament_index/resource_index/package_run_dependencies/my_robot_bringup
[0.684s] -- Symlinking: /home/comrade/kshoonya_ws/install/my_robot_bringup/share/ament_index/resource_index/parent_prefix_path/my_robot_bringup
[0.698s] -- Symlinking: /home/comrade/kshoonya_ws/install/my_robot_bringup/share/my_robot_bringup/environment/ament_prefix_path.sh
[0.711s] -- Symlinking: /home/comrade/kshoonya_ws/install/my_robot_bringup/share/my_robot_bringup/environment/ament_prefix_path.dsv
[0.720s] -- Symlinking: /home/comrade/kshoonya_ws/install/my_robot_bringup/share/my_robot_bringup/environment/path.sh
[0.727s] -- Symlinking: /home/comrade/kshoonya_ws/install/my_robot_bringup/share/my_robot_bringup/environment/path.dsv
[0.733s] -- Symlinking: /home/comrade/kshoonya_ws/install/my_robot_bringup/share/my_robot_bringup/local_setup.bash
[0.740s] -- Symlinking: /home/comrade/kshoonya_ws/install/my_robot_bringup/share/my_robot_bringup/local_setup.sh
[0.745s] -- Symlinking: /home/comrade/kshoonya_ws/install/my_robot_bringup/share/my_robot_bringup/local_setup.zsh
[0.751s] -- Symlinking: /home/comrade/kshoonya_ws/install/my_robot_bringup/share/my_robot_bringup/local_setup.dsv
[0.757s] -- Symlinking: /home/comrade/kshoonya_ws/install/my_robot_bringup/share/my_robot_bringup/package.dsv
[0.763s] -- Symlinking: /home/comrade/kshoonya_ws/install/my_robot_bringup/share/ament_index/resource_index/packages/my_robot_bringup
[0.768s] -- Symlinking: /home/comrade/kshoonya_ws/install/my_robot_bringup/share/my_robot_bringup/cmake/my_robot_bringupConfig.cmake
[0.774s] -- Symlinking: /home/comrade/kshoonya_ws/install/my_robot_bringup/share/my_robot_bringup/cmake/my_robot_bringupConfig-version.cmake
[0.778s] -- Symlinking: /home/comrade/kshoonya_ws/install/my_robot_bringup/share/my_robot_bringup/package.xml
[0.785s] Invoked command in '/home/comrade/kshoonya_ws/build/my_robot_bringup' returned '0': CMAKE_PREFIX_PATH=${CMAKE_PREFIX_PATH}:/home/comrade/ros2_ws/install/py_pkg:/opt/ros/iron /usr/bin/cmake --install /home/comrade/kshoonya_ws/build/my_robot_bringup
