[0.008s] Invoking command in '/home/comrade/kshoonya_ws/build/kshoonya_description': CMAKE_PREFIX_PATH=${CMAKE_PREFIX_PATH}:/home/comrade/ros2_ws/install/py_pkg:/opt/ros/iron /usr/bin/cmake /home/comrade/kshoonya_ws/src/kshoonya_description -DCMAKE_INSTALL_PREFIX=/home/comrade/kshoonya_ws/install/kshoonya_description
[0.063s] -- The C compiler identification is GNU 11.4.0
[0.108s] -- The CXX compiler identification is GNU 11.4.0
[0.114s] -- Detecting C compiler ABI info
[0.158s] -- Detecting C compiler ABI info - done
[0.162s] -- Check for working C compiler: /usr/bin/cc - skipped
[0.163s] -- Detecting C compile features
[0.163s] -- Detecting C compile features - done
[0.165s] -- Detecting CXX compiler ABI info
[0.213s] -- Detecting CXX compiler ABI info - done
[0.218s] -- Check for working CXX compiler: /usr/bin/c++ - skipped
[0.218s] -- Detecting CXX compile features
[0.218s] -- Detecting CXX compile features - done
[0.223s] -- Found ament_cmake: 2.0.3 (/opt/ros/iron/share/ament_cmake/cmake)
[0.331s] -- Found Python3: /usr/bin/python3.10 (found version "3.10.12") found components: Interpreter 
[0.430s] -- Configuring done
[0.433s] -- Generating done
[0.434s] -- Build files have been written to: /home/comrade/kshoonya_ws/build/kshoonya_description
[0.437s] Invoked command in '/home/comrade/kshoonya_ws/build/kshoonya_description' returned '0': CMAKE_PREFIX_PATH=${CMAKE_PREFIX_PATH}:/home/comrade/ros2_ws/install/py_pkg:/opt/ros/iron /usr/bin/cmake /home/comrade/kshoonya_ws/src/kshoonya_description -DCMAKE_INSTALL_PREFIX=/home/comrade/kshoonya_ws/install/kshoonya_description
[0.438s] Invoking command in '/home/comrade/kshoonya_ws/build/kshoonya_description': CMAKE_PREFIX_PATH=${CMAKE_PREFIX_PATH}:/home/comrade/ros2_ws/install/py_pkg:/opt/ros/iron /usr/bin/cmake --build /home/comrade/kshoonya_ws/build/kshoonya_description -- -j16 -l16
[0.460s] Invoked command in '/home/comrade/kshoonya_ws/build/kshoonya_description' returned '0': CMAKE_PREFIX_PATH=${CMAKE_PREFIX_PATH}:/home/comrade/ros2_ws/install/py_pkg:/opt/ros/iron /usr/bin/cmake --build /home/comrade/kshoonya_ws/build/kshoonya_description -- -j16 -l16
[0.478s] Invoking command in '/home/comrade/kshoonya_ws/build/kshoonya_description': CMAKE_PREFIX_PATH=${CMAKE_PREFIX_PATH}:/home/comrade/ros2_ws/install/py_pkg:/opt/ros/iron /usr/bin/cmake --install /home/comrade/kshoonya_ws/build/kshoonya_description
[0.483s] -- Install configuration: ""
[0.483s] -- Installing: /home/comrade/kshoonya_ws/install/kshoonya_description/share/kshoonya_description//urdf
[0.483s] -- Installing: /home/comrade/kshoonya_ws/install/kshoonya_description/share/kshoonya_description//urdf/my_robot.urdf
[0.483s] -- Installing: /home/comrade/kshoonya_ws/install/kshoonya_description/share/ament_index/resource_index/package_run_dependencies/kshoonya_description
[0.483s] -- Installing: /home/comrade/kshoonya_ws/install/kshoonya_description/share/ament_index/resource_index/parent_prefix_path/kshoonya_description
[0.484s] -- Installing: /home/comrade/kshoonya_ws/install/kshoonya_description/share/kshoonya_description/environment/ament_prefix_path.sh
[0.484s] -- Installing: /home/comrade/kshoonya_ws/install/kshoonya_description/share/kshoonya_description/environment/ament_prefix_path.dsv
[0.484s] -- Installing: /home/comrade/kshoonya_ws/install/kshoonya_description/share/kshoonya_description/environment/path.sh
[0.484s] -- Installing: /home/comrade/kshoonya_ws/install/kshoonya_description/share/kshoonya_description/environment/path.dsv
[0.484s] -- Installing: /home/comrade/kshoonya_ws/install/kshoonya_description/share/kshoonya_description/local_setup.bash
[0.484s] -- Installing: /home/comrade/kshoonya_ws/install/kshoonya_description/share/kshoonya_description/local_setup.sh
[0.484s] -- Installing: /home/comrade/kshoonya_ws/install/kshoonya_description/share/kshoonya_description/local_setup.zsh
[0.484s] -- Installing: /home/comrade/kshoonya_ws/install/kshoonya_description/share/kshoonya_description/local_setup.dsv
[0.484s] -- Installing: /home/comrade/kshoonya_ws/install/kshoonya_description/share/kshoonya_description/package.dsv
[0.484s] -- Installing: /home/comrade/kshoonya_ws/install/kshoonya_description/share/ament_index/resource_index/packages/kshoonya_description
[0.484s] -- Installing: /home/comrade/kshoonya_ws/install/kshoonya_description/share/kshoonya_description/cmake/kshoonya_descriptionConfig.cmake
[0.484s] -- Installing: /home/comrade/kshoonya_ws/install/kshoonya_description/share/kshoonya_description/cmake/kshoonya_descriptionConfig-version.cmake
[0.484s] -- Installing: /home/comrade/kshoonya_ws/install/kshoonya_description/share/kshoonya_description/package.xml
[0.486s] Invoked command in '/home/comrade/kshoonya_ws/build/kshoonya_description' returned '0': CMAKE_PREFIX_PATH=${CMAKE_PREFIX_PATH}:/home/comrade/ros2_ws/install/py_pkg:/opt/ros/iron /usr/bin/cmake --install /home/comrade/kshoonya_ws/build/kshoonya_description
