[0.202s] DEBUG:colcon:Command line arguments: ['/usr/bin/colcon', 'build', '--symlink-install']
[0.203s] DEBUG:colcon:Parsed command line arguments: Namespace(log_base=None, log_level=None, verb_name='build', build_base='build', install_base='install', merge_install=False, symlink_install=True, test_result_base=None, continue_on_error=False, executor='parallel', parallel_workers=16, event_handlers=None, ignore_user_meta=False, metas=['./colcon.meta'], base_paths=['.'], packages_ignore=None, packages_ignore_regex=None, paths=None, packages_up_to=None, packages_up_to_regex=None, packages_above=None, packages_above_and_dependencies=None, packages_above_depth=None, packages_select_by_dep=None, packages_skip_by_dep=None, packages_skip_up_to=None, packages_select_build_failed=False, packages_skip_build_finished=False, packages_select_test_failures=False, packages_skip_test_passed=False, packages_select=None, packages_skip=None, packages_select_regex=None, packages_skip_regex=None, packages_start=None, packages_end=None, allow_overriding=[], cmake_args=None, cmake_target=None, cmake_target_skip_unavailable=False, cmake_clean_cache=False, cmake_clean_first=False, cmake_force_configure=False, ament_cmake_args=None, catkin_cmake_args=None, catkin_skip_building_tests=False, verb_parser=<colcon_defaults.argument_parser.defaults.DefaultArgumentsDecorator object at 0x7f49ceaea530>, verb_extension=<colcon_core.verb.build.BuildVerb object at 0x7f49ceae9fc0>, main=<bound method BuildVerb.main of <colcon_core.verb.build.BuildVerb object at 0x7f49ceae9fc0>>)
[0.227s] Level 1:colcon.colcon_core.package_discovery:discover_packages(colcon_meta) check parameters
[0.227s] Level 1:colcon.colcon_core.package_discovery:discover_packages(recursive) check parameters
[0.227s] Level 1:colcon.colcon_core.package_discovery:discover_packages(ignore) check parameters
[0.227s] Level 1:colcon.colcon_core.package_discovery:discover_packages(path) check parameters
[0.227s] Level 1:colcon.colcon_core.package_discovery:discover_packages(colcon_meta) discover
[0.227s] Level 1:colcon.colcon_core.package_discovery:discover_packages(recursive) discover
[0.227s] INFO:colcon.colcon_core.package_discovery:Crawling recursively for packages in '/home/comrade/kshoonya_ws'
[0.227s] Level 1:colcon.colcon_core.package_identification:_identify(.) by extensions ['ignore', 'ignore_ament_install']
[0.228s] Level 1:colcon.colcon_core.package_identification:_identify(.) by extension 'ignore'
[0.228s] Level 1:colcon.colcon_core.package_identification:_identify(.) by extension 'ignore_ament_install'
[0.228s] Level 1:colcon.colcon_core.package_identification:_identify(.) by extensions ['colcon_pkg']
[0.228s] Level 1:colcon.colcon_core.package_identification:_identify(.) by extension 'colcon_pkg'
[0.228s] Level 1:colcon.colcon_core.package_identification:_identify(.) by extensions ['colcon_meta']
[0.228s] Level 1:colcon.colcon_core.package_identification:_identify(.) by extension 'colcon_meta'
[0.228s] Level 1:colcon.colcon_core.package_identification:_identify(.) by extensions ['ros']
[0.228s] Level 1:colcon.colcon_core.package_identification:_identify(.) by extension 'ros'
[0.235s] Level 1:colcon.colcon_core.package_identification:_identify(.) by extensions ['cmake', 'python']
[0.235s] Level 1:colcon.colcon_core.package_identification:_identify(.) by extension 'cmake'
[0.235s] Level 1:colcon.colcon_core.package_identification:_identify(.) by extension 'python'
[0.236s] Level 1:colcon.colcon_core.package_identification:_identify(.) by extensions ['python_setup_py']
[0.236s] Level 1:colcon.colcon_core.package_identification:_identify(.) by extension 'python_setup_py'
[0.236s] Level 1:colcon.colcon_core.package_identification:_identify(build) by extensions ['ignore', 'ignore_ament_install']
[0.236s] Level 1:colcon.colcon_core.package_identification:_identify(build) by extension 'ignore'
[0.236s] Level 1:colcon.colcon_core.package_identification:_identify(build) ignored
[0.236s] Level 1:colcon.colcon_core.package_identification:_identify(install) by extensions ['ignore', 'ignore_ament_install']
[0.236s] Level 1:colcon.colcon_core.package_identification:_identify(install) by extension 'ignore'
[0.236s] Level 1:colcon.colcon_core.package_identification:_identify(install) ignored
[0.236s] Level 1:colcon.colcon_core.package_identification:_identify(log) by extensions ['ignore', 'ignore_ament_install']
[0.236s] Level 1:colcon.colcon_core.package_identification:_identify(log) by extension 'ignore'
[0.236s] Level 1:colcon.colcon_core.package_identification:_identify(log) ignored
[0.236s] Level 1:colcon.colcon_core.package_identification:_identify(src) by extensions ['ignore', 'ignore_ament_install']
[0.236s] Level 1:colcon.colcon_core.package_identification:_identify(src) by extension 'ignore'
[0.236s] Level 1:colcon.colcon_core.package_identification:_identify(src) by extension 'ignore_ament_install'
[0.236s] Level 1:colcon.colcon_core.package_identification:_identify(src) by extensions ['colcon_pkg']
[0.236s] Level 1:colcon.colcon_core.package_identification:_identify(src) by extension 'colcon_pkg'
[0.236s] Level 1:colcon.colcon_core.package_identification:_identify(src) by extensions ['colcon_meta']
[0.236s] Level 1:colcon.colcon_core.package_identification:_identify(src) by extension 'colcon_meta'
[0.236s] Level 1:colcon.colcon_core.package_identification:_identify(src) by extensions ['ros']
[0.236s] Level 1:colcon.colcon_core.package_identification:_identify(src) by extension 'ros'
[0.236s] Level 1:colcon.colcon_core.package_identification:_identify(src) by extensions ['cmake', 'python']
[0.236s] Level 1:colcon.colcon_core.package_identification:_identify(src) by extension 'cmake'
[0.236s] Level 1:colcon.colcon_core.package_identification:_identify(src) by extension 'python'
[0.236s] Level 1:colcon.colcon_core.package_identification:_identify(src) by extensions ['python_setup_py']
[0.236s] Level 1:colcon.colcon_core.package_identification:_identify(src) by extension 'python_setup_py'
[0.237s] Level 1:colcon.colcon_core.package_identification:_identify(src/kshoonya_description) by extensions ['ignore', 'ignore_ament_install']
[0.237s] Level 1:colcon.colcon_core.package_identification:_identify(src/kshoonya_description) by extension 'ignore'
[0.237s] Level 1:colcon.colcon_core.package_identification:_identify(src/kshoonya_description) by extension 'ignore_ament_install'
[0.237s] Level 1:colcon.colcon_core.package_identification:_identify(src/kshoonya_description) by extensions ['colcon_pkg']
[0.237s] Level 1:colcon.colcon_core.package_identification:_identify(src/kshoonya_description) by extension 'colcon_pkg'
[0.237s] Level 1:colcon.colcon_core.package_identification:_identify(src/kshoonya_description) by extensions ['colcon_meta']
[0.237s] Level 1:colcon.colcon_core.package_identification:_identify(src/kshoonya_description) by extension 'colcon_meta'
[0.237s] Level 1:colcon.colcon_core.package_identification:_identify(src/kshoonya_description) by extensions ['ros']
[0.237s] Level 1:colcon.colcon_core.package_identification:_identify(src/kshoonya_description) by extension 'ros'
[0.239s] DEBUG:colcon.colcon_core.package_identification:Package 'src/kshoonya_description' with type 'ros.ament_cmake' and name 'kshoonya_description'
[0.239s] Level 1:colcon.colcon_core.package_identification:_identify(src/my_robot_bringup) by extensions ['ignore', 'ignore_ament_install']
[0.239s] Level 1:colcon.colcon_core.package_identification:_identify(src/my_robot_bringup) by extension 'ignore'
[0.239s] Level 1:colcon.colcon_core.package_identification:_identify(src/my_robot_bringup) by extension 'ignore_ament_install'
[0.239s] Level 1:colcon.colcon_core.package_identification:_identify(src/my_robot_bringup) by extensions ['colcon_pkg']
[0.239s] Level 1:colcon.colcon_core.package_identification:_identify(src/my_robot_bringup) by extension 'colcon_pkg'
[0.239s] Level 1:colcon.colcon_core.package_identification:_identify(src/my_robot_bringup) by extensions ['colcon_meta']
[0.239s] Level 1:colcon.colcon_core.package_identification:_identify(src/my_robot_bringup) by extension 'colcon_meta'
[0.239s] Level 1:colcon.colcon_core.package_identification:_identify(src/my_robot_bringup) by extensions ['ros']
[0.239s] Level 1:colcon.colcon_core.package_identification:_identify(src/my_robot_bringup) by extension 'ros'
[0.239s] DEBUG:colcon.colcon_core.package_identification:Package 'src/my_robot_bringup' with type 'ros.ament_cmake' and name 'my_robot_bringup'
[0.239s] Level 1:colcon.colcon_core.package_discovery:discover_packages(recursive) using defaults
[0.239s] Level 1:colcon.colcon_core.package_discovery:discover_packages(ignore) discover
[0.239s] Level 1:colcon.colcon_core.package_discovery:discover_packages(ignore) using defaults
[0.239s] Level 1:colcon.colcon_core.package_discovery:discover_packages(path) discover
[0.239s] Level 1:colcon.colcon_core.package_discovery:discover_packages(path) using defaults
[0.257s] Level 1:colcon.colcon_core.package_discovery:discover_packages(prefix_path) check parameters
[0.257s] Level 1:colcon.colcon_core.package_discovery:discover_packages(prefix_path) discover
[0.260s] DEBUG:colcon.colcon_installed_package_information.package_discovery:Found 2 installed packages in /home/comrade/kshoonya_ws/install
[0.260s] DEBUG:colcon.colcon_installed_package_information.package_discovery:Found 4 installed packages in /home/comrade/ros2_ws/install
[0.261s] DEBUG:colcon.colcon_installed_package_information.package_discovery:Found 337 installed packages in /opt/ros/iron
[0.263s] Level 1:colcon.colcon_core.package_discovery:discover_packages(prefix_path) using defaults
[0.298s] Level 5:colcon.colcon_core.verb:set package 'kshoonya_description' build argument 'cmake_args' from command line to 'None'
[0.298s] Level 5:colcon.colcon_core.verb:set package 'kshoonya_description' build argument 'cmake_target' from command line to 'None'
[0.298s] Level 5:colcon.colcon_core.verb:set package 'kshoonya_description' build argument 'cmake_target_skip_unavailable' from command line to 'False'
[0.298s] Level 5:colcon.colcon_core.verb:set package 'kshoonya_description' build argument 'cmake_clean_cache' from command line to 'False'
[0.298s] Level 5:colcon.colcon_core.verb:set package 'kshoonya_description' build argument 'cmake_clean_first' from command line to 'False'
[0.298s] Level 5:colcon.colcon_core.verb:set package 'kshoonya_description' build argument 'cmake_force_configure' from command line to 'False'
[0.298s] Level 5:colcon.colcon_core.verb:set package 'kshoonya_description' build argument 'ament_cmake_args' from command line to 'None'
[0.298s] Level 5:colcon.colcon_core.verb:set package 'kshoonya_description' build argument 'catkin_cmake_args' from command line to 'None'
[0.298s] Level 5:colcon.colcon_core.verb:set package 'kshoonya_description' build argument 'catkin_skip_building_tests' from command line to 'False'
[0.298s] DEBUG:colcon.colcon_core.verb:Building package 'kshoonya_description' with the following arguments: {'ament_cmake_args': None, 'build_base': '/home/comrade/kshoonya_ws/build/kshoonya_description', 'catkin_cmake_args': None, 'catkin_skip_building_tests': False, 'cmake_args': None, 'cmake_clean_cache': False, 'cmake_clean_first': False, 'cmake_force_configure': False, 'cmake_target': None, 'cmake_target_skip_unavailable': False, 'install_base': '/home/comrade/kshoonya_ws/install/kshoonya_description', 'merge_install': False, 'path': '/home/comrade/kshoonya_ws/src/kshoonya_description', 'symlink_install': True, 'test_result_base': None}
[0.299s] Level 5:colcon.colcon_core.verb:set package 'my_robot_bringup' build argument 'cmake_args' from command line to 'None'
[0.299s] Level 5:colcon.colcon_core.verb:set package 'my_robot_bringup' build argument 'cmake_target' from command line to 'None'
[0.299s] Level 5:colcon.colcon_core.verb:set package 'my_robot_bringup' build argument 'cmake_target_skip_unavailable' from command line to 'False'
[0.299s] Level 5:colcon.colcon_core.verb:set package 'my_robot_bringup' build argument 'cmake_clean_cache' from command line to 'False'
[0.299s] Level 5:colcon.colcon_core.verb:set package 'my_robot_bringup' build argument 'cmake_clean_first' from command line to 'False'
[0.299s] Level 5:colcon.colcon_core.verb:set package 'my_robot_bringup' build argument 'cmake_force_configure' from command line to 'False'
[0.299s] Level 5:colcon.colcon_core.verb:set package 'my_robot_bringup' build argument 'ament_cmake_args' from command line to 'None'
[0.299s] Level 5:colcon.colcon_core.verb:set package 'my_robot_bringup' build argument 'catkin_cmake_args' from command line to 'None'
[0.299s] Level 5:colcon.colcon_core.verb:set package 'my_robot_bringup' build argument 'catkin_skip_building_tests' from command line to 'False'
[0.299s] DEBUG:colcon.colcon_core.verb:Building package 'my_robot_bringup' with the following arguments: {'ament_cmake_args': None, 'build_base': '/home/comrade/kshoonya_ws/build/my_robot_bringup', 'catkin_cmake_args': None, 'catkin_skip_building_tests': False, 'cmake_args': None, 'cmake_clean_cache': False, 'cmake_clean_first': False, 'cmake_force_configure': False, 'cmake_target': None, 'cmake_target_skip_unavailable': False, 'install_base': '/home/comrade/kshoonya_ws/install/my_robot_bringup', 'merge_install': False, 'path': '/home/comrade/kshoonya_ws/src/my_robot_bringup', 'symlink_install': True, 'test_result_base': None}
[0.299s] INFO:colcon.colcon_core.executor:Executing jobs using 'parallel' executor
[0.301s] DEBUG:colcon.colcon_parallel_executor.executor.parallel:run_until_complete
[0.301s] INFO:colcon.colcon_ros.task.ament_cmake.build:Building ROS package in '/home/comrade/kshoonya_ws/src/kshoonya_description' with build type 'ament_cmake'
[0.301s] INFO:colcon.colcon_cmake.task.cmake.build:Building CMake package in '/home/comrade/kshoonya_ws/src/kshoonya_description'
[0.305s] INFO:colcon.colcon_core.plugin_system:Skipping extension 'colcon_core.shell.bat': Not used on non-Windows systems
[0.306s] INFO:colcon.colcon_core.shell:Skip shell extension 'powershell' for command environment: Not usable outside of PowerShell
[0.306s] DEBUG:colcon.colcon_core.shell:Skip shell extension 'dsv' for command environment
[0.312s] DEBUG:colcon.colcon_core.event_handler.log_command:Invoking command in '/home/comrade/kshoonya_ws/build/kshoonya_description': CMAKE_PREFIX_PATH=${CMAKE_PREFIX_PATH}:/home/comrade/ros2_ws/install/py_pkg:/opt/ros/iron /usr/bin/cmake --build /home/comrade/kshoonya_ws/build/kshoonya_description -- -j16 -l16
[0.367s] DEBUG:colcon.colcon_core.event_handler.log_command:Invoked command in '/home/comrade/kshoonya_ws/build/kshoonya_description' returned '0': CMAKE_PREFIX_PATH=${CMAKE_PREFIX_PATH}:/home/comrade/ros2_ws/install/py_pkg:/opt/ros/iron /usr/bin/cmake --build /home/comrade/kshoonya_ws/build/kshoonya_description -- -j16 -l16
[0.405s] DEBUG:colcon.colcon_core.event_handler.log_command:Invoking command in '/home/comrade/kshoonya_ws/build/kshoonya_description': CMAKE_PREFIX_PATH=${CMAKE_PREFIX_PATH}:/home/comrade/ros2_ws/install/py_pkg:/opt/ros/iron /usr/bin/cmake --install /home/comrade/kshoonya_ws/build/kshoonya_description
[0.434s] Level 1:colcon.colcon_core.environment:create_environment_scripts_only(kshoonya_description)
[0.436s] DEBUG:colcon.colcon_core.event_handler.log_command:Invoked command in '/home/comrade/kshoonya_ws/build/kshoonya_description' returned '0': CMAKE_PREFIX_PATH=${CMAKE_PREFIX_PATH}:/home/comrade/ros2_ws/install/py_pkg:/opt/ros/iron /usr/bin/cmake --install /home/comrade/kshoonya_ws/build/kshoonya_description
[0.449s] Level 1:colcon.colcon_core.environment:checking '/home/comrade/kshoonya_ws/install/kshoonya_description' for CMake module files
[0.450s] Level 1:colcon.colcon_core.environment:checking '/home/comrade/kshoonya_ws/install/kshoonya_description' for CMake config files
[0.451s] Level 1:colcon.colcon_core.shell:create_environment_hook('kshoonya_description', 'cmake_prefix_path')
[0.453s] INFO:colcon.colcon_core.shell:Creating environment hook '/home/comrade/kshoonya_ws/install/kshoonya_description/share/kshoonya_description/hook/cmake_prefix_path.ps1'
[0.454s] INFO:colcon.colcon_core.shell:Creating environment descriptor '/home/comrade/kshoonya_ws/install/kshoonya_description/share/kshoonya_description/hook/cmake_prefix_path.dsv'
[0.455s] INFO:colcon.colcon_core.shell:Creating environment hook '/home/comrade/kshoonya_ws/install/kshoonya_description/share/kshoonya_description/hook/cmake_prefix_path.sh'
[0.456s] Level 1:colcon.colcon_core.environment:checking '/home/comrade/kshoonya_ws/install/kshoonya_description/bin'
[0.456s] Level 1:colcon.colcon_core.environment:checking '/home/comrade/kshoonya_ws/install/kshoonya_description/lib/pkgconfig/kshoonya_description.pc'
[0.456s] Level 1:colcon.colcon_core.environment:checking '/home/comrade/kshoonya_ws/install/kshoonya_description/lib/python3.10/site-packages'
[0.457s] Level 1:colcon.colcon_core.environment:checking '/home/comrade/kshoonya_ws/install/kshoonya_description/bin'
[0.458s] INFO:colcon.colcon_core.shell:Creating package script '/home/comrade/kshoonya_ws/install/kshoonya_description/share/kshoonya_description/package.ps1'
[0.459s] INFO:colcon.colcon_core.shell:Creating package descriptor '/home/comrade/kshoonya_ws/install/kshoonya_description/share/kshoonya_description/package.dsv'
[0.459s] INFO:colcon.colcon_core.shell:Creating package script '/home/comrade/kshoonya_ws/install/kshoonya_description/share/kshoonya_description/package.sh'
[0.460s] INFO:colcon.colcon_core.shell:Creating package script '/home/comrade/kshoonya_ws/install/kshoonya_description/share/kshoonya_description/package.bash'
[0.460s] INFO:colcon.colcon_core.shell:Creating package script '/home/comrade/kshoonya_ws/install/kshoonya_description/share/kshoonya_description/package.zsh'
[0.461s] Level 1:colcon.colcon_core.environment:create_file_with_runtime_dependencies(/home/comrade/kshoonya_ws/install/kshoonya_description/share/colcon-core/packages/kshoonya_description)
[0.483s] Level 1:colcon.colcon_core.environment:create_environment_scripts_only(kshoonya_description)
[0.486s] Level 1:colcon.colcon_core.environment:checking '/home/comrade/kshoonya_ws/install/kshoonya_description' for CMake module files
[0.486s] Level 1:colcon.colcon_core.environment:checking '/home/comrade/kshoonya_ws/install/kshoonya_description' for CMake config files
[0.487s] Level 1:colcon.colcon_core.shell:create_environment_hook('kshoonya_description', 'cmake_prefix_path')
[0.488s] INFO:colcon.colcon_core.shell:Creating environment hook '/home/comrade/kshoonya_ws/install/kshoonya_description/share/kshoonya_description/hook/cmake_prefix_path.ps1'
[0.489s] INFO:colcon.colcon_core.shell:Creating environment descriptor '/home/comrade/kshoonya_ws/install/kshoonya_description/share/kshoonya_description/hook/cmake_prefix_path.dsv'
[0.489s] INFO:colcon.colcon_core.shell:Creating environment hook '/home/comrade/kshoonya_ws/install/kshoonya_description/share/kshoonya_description/hook/cmake_prefix_path.sh'
[0.489s] Level 1:colcon.colcon_core.environment:checking '/home/comrade/kshoonya_ws/install/kshoonya_description/bin'
[0.489s] Level 1:colcon.colcon_core.environment:checking '/home/comrade/kshoonya_ws/install/kshoonya_description/lib/pkgconfig/kshoonya_description.pc'
[0.490s] Level 1:colcon.colcon_core.environment:checking '/home/comrade/kshoonya_ws/install/kshoonya_description/lib/python3.10/site-packages'
[0.490s] Level 1:colcon.colcon_core.environment:checking '/home/comrade/kshoonya_ws/install/kshoonya_description/bin'
[0.491s] INFO:colcon.colcon_core.shell:Creating package script '/home/comrade/kshoonya_ws/install/kshoonya_description/share/kshoonya_description/package.ps1'
[0.491s] INFO:colcon.colcon_core.shell:Creating package descriptor '/home/comrade/kshoonya_ws/install/kshoonya_description/share/kshoonya_description/package.dsv'
[0.492s] INFO:colcon.colcon_core.shell:Creating package script '/home/comrade/kshoonya_ws/install/kshoonya_description/share/kshoonya_description/package.sh'
[0.492s] INFO:colcon.colcon_core.shell:Creating package script '/home/comrade/kshoonya_ws/install/kshoonya_description/share/kshoonya_description/package.bash'
[0.492s] INFO:colcon.colcon_core.shell:Creating package script '/home/comrade/kshoonya_ws/install/kshoonya_description/share/kshoonya_description/package.zsh'
[0.492s] Level 1:colcon.colcon_core.environment:create_file_with_runtime_dependencies(/home/comrade/kshoonya_ws/install/kshoonya_description/share/colcon-core/packages/kshoonya_description)
[0.492s] INFO:colcon.colcon_ros.task.ament_cmake.build:Building ROS package in '/home/comrade/kshoonya_ws/src/my_robot_bringup' with build type 'ament_cmake'
[0.492s] INFO:colcon.colcon_cmake.task.cmake.build:Building CMake package in '/home/comrade/kshoonya_ws/src/my_robot_bringup'
[0.493s] INFO:colcon.colcon_core.shell:Skip shell extension 'powershell' for command environment: Not usable outside of PowerShell
[0.493s] DEBUG:colcon.colcon_core.shell:Skip shell extension 'dsv' for command environment
[0.500s] DEBUG:colcon.colcon_core.event_handler.log_command:Invoking command in '/home/comrade/kshoonya_ws/build/my_robot_bringup': CMAKE_PREFIX_PATH=/home/comrade/kshoonya_ws/install/kshoonya_description:/home/comrade/kshoonya_ws/install/my_robot_bringup:/home/comrade/ros2_ws/install/my_robot_bringup:/home/comrade/ros2_ws/install/my_robot_interfaces:/home/comrade/ros2_ws/install/cpp_pubsub:/home/comrade/ros2_ws/install/py_pkg:/opt/ros/iron /usr/bin/cmake --build /home/comrade/kshoonya_ws/build/my_robot_bringup -- -j16 -l16
[0.535s] DEBUG:colcon.colcon_core.event_handler.log_command:Invoked command in '/home/comrade/kshoonya_ws/build/my_robot_bringup' returned '0': CMAKE_PREFIX_PATH=/home/comrade/kshoonya_ws/install/kshoonya_description:/home/comrade/kshoonya_ws/install/my_robot_bringup:/home/comrade/ros2_ws/install/my_robot_bringup:/home/comrade/ros2_ws/install/my_robot_interfaces:/home/comrade/ros2_ws/install/cpp_pubsub:/home/comrade/ros2_ws/install/py_pkg:/opt/ros/iron /usr/bin/cmake --build /home/comrade/kshoonya_ws/build/my_robot_bringup -- -j16 -l16
[0.551s] DEBUG:colcon.colcon_core.event_handler.log_command:Invoking command in '/home/comrade/kshoonya_ws/build/my_robot_bringup': CMAKE_PREFIX_PATH=/home/comrade/kshoonya_ws/install/kshoonya_description:/home/comrade/kshoonya_ws/install/my_robot_bringup:/home/comrade/ros2_ws/install/my_robot_bringup:/home/comrade/ros2_ws/install/my_robot_interfaces:/home/comrade/ros2_ws/install/cpp_pubsub:/home/comrade/ros2_ws/install/py_pkg:/opt/ros/iron /usr/bin/cmake --install /home/comrade/kshoonya_ws/build/my_robot_bringup
[0.578s] Level 1:colcon.colcon_core.environment:create_environment_scripts_only(my_robot_bringup)
[0.582s] Level 1:colcon.colcon_core.environment:checking '/home/comrade/kshoonya_ws/install/my_robot_bringup' for CMake module files
[0.583s] DEBUG:colcon.colcon_core.event_handler.log_command:Invoked command in '/home/comrade/kshoonya_ws/build/my_robot_bringup' returned '0': CMAKE_PREFIX_PATH=/home/comrade/kshoonya_ws/install/kshoonya_description:/home/comrade/kshoonya_ws/install/my_robot_bringup:/home/comrade/ros2_ws/install/my_robot_bringup:/home/comrade/ros2_ws/install/my_robot_interfaces:/home/comrade/ros2_ws/install/cpp_pubsub:/home/comrade/ros2_ws/install/py_pkg:/opt/ros/iron /usr/bin/cmake --install /home/comrade/kshoonya_ws/build/my_robot_bringup
[0.583s] Level 1:colcon.colcon_core.environment:checking '/home/comrade/kshoonya_ws/install/my_robot_bringup' for CMake config files
[0.584s] Level 1:colcon.colcon_core.shell:create_environment_hook('my_robot_bringup', 'cmake_prefix_path')
[0.587s] INFO:colcon.colcon_core.shell:Creating environment hook '/home/comrade/kshoonya_ws/install/my_robot_bringup/share/my_robot_bringup/hook/cmake_prefix_path.ps1'
[0.588s] INFO:colcon.colcon_core.shell:Creating environment descriptor '/home/comrade/kshoonya_ws/install/my_robot_bringup/share/my_robot_bringup/hook/cmake_prefix_path.dsv'
[0.589s] INFO:colcon.colcon_core.shell:Creating environment hook '/home/comrade/kshoonya_ws/install/my_robot_bringup/share/my_robot_bringup/hook/cmake_prefix_path.sh'
[0.590s] Level 1:colcon.colcon_core.environment:checking '/home/comrade/kshoonya_ws/install/my_robot_bringup/bin'
[0.590s] Level 1:colcon.colcon_core.environment:checking '/home/comrade/kshoonya_ws/install/my_robot_bringup/lib/pkgconfig/my_robot_bringup.pc'
[0.591s] Level 1:colcon.colcon_core.environment:checking '/home/comrade/kshoonya_ws/install/my_robot_bringup/lib/python3.10/site-packages'
[0.591s] Level 1:colcon.colcon_core.environment:checking '/home/comrade/kshoonya_ws/install/my_robot_bringup/bin'
[0.594s] INFO:colcon.colcon_core.shell:Creating package script '/home/comrade/kshoonya_ws/install/my_robot_bringup/share/my_robot_bringup/package.ps1'
[0.594s] INFO:colcon.colcon_core.shell:Creating package descriptor '/home/comrade/kshoonya_ws/install/my_robot_bringup/share/my_robot_bringup/package.dsv'
[0.595s] INFO:colcon.colcon_core.shell:Creating package script '/home/comrade/kshoonya_ws/install/my_robot_bringup/share/my_robot_bringup/package.sh'
[0.595s] INFO:colcon.colcon_core.shell:Creating package script '/home/comrade/kshoonya_ws/install/my_robot_bringup/share/my_robot_bringup/package.bash'
[0.596s] INFO:colcon.colcon_core.shell:Creating package script '/home/comrade/kshoonya_ws/install/my_robot_bringup/share/my_robot_bringup/package.zsh'
[0.596s] Level 1:colcon.colcon_core.environment:create_file_with_runtime_dependencies(/home/comrade/kshoonya_ws/install/my_robot_bringup/share/colcon-core/packages/my_robot_bringup)
[0.640s] Level 1:colcon.colcon_core.environment:create_environment_scripts_only(my_robot_bringup)
[0.646s] Level 1:colcon.colcon_core.environment:checking '/home/comrade/kshoonya_ws/install/my_robot_bringup' for CMake module files
[0.647s] Level 1:colcon.colcon_core.environment:checking '/home/comrade/kshoonya_ws/install/my_robot_bringup' for CMake config files
[0.648s] Level 1:colcon.colcon_core.shell:create_environment_hook('my_robot_bringup', 'cmake_prefix_path')
[0.651s] INFO:colcon.colcon_core.shell:Creating environment hook '/home/comrade/kshoonya_ws/install/my_robot_bringup/share/my_robot_bringup/hook/cmake_prefix_path.ps1'
[0.652s] INFO:colcon.colcon_core.shell:Creating environment descriptor '/home/comrade/kshoonya_ws/install/my_robot_bringup/share/my_robot_bringup/hook/cmake_prefix_path.dsv'
[0.652s] INFO:colcon.colcon_core.shell:Creating environment hook '/home/comrade/kshoonya_ws/install/my_robot_bringup/share/my_robot_bringup/hook/cmake_prefix_path.sh'
[0.653s] Level 1:colcon.colcon_core.environment:checking '/home/comrade/kshoonya_ws/install/my_robot_bringup/bin'
[0.653s] Level 1:colcon.colcon_core.environment:checking '/home/comrade/kshoonya_ws/install/my_robot_bringup/lib/pkgconfig/my_robot_bringup.pc'
[0.653s] Level 1:colcon.colcon_core.environment:checking '/home/comrade/kshoonya_ws/install/my_robot_bringup/lib/python3.10/site-packages'
[0.654s] Level 1:colcon.colcon_core.environment:checking '/home/comrade/kshoonya_ws/install/my_robot_bringup/bin'
[0.655s] INFO:colcon.colcon_core.shell:Creating package script '/home/comrade/kshoonya_ws/install/my_robot_bringup/share/my_robot_bringup/package.ps1'
[0.656s] INFO:colcon.colcon_core.shell:Creating package descriptor '/home/comrade/kshoonya_ws/install/my_robot_bringup/share/my_robot_bringup/package.dsv'
[0.656s] INFO:colcon.colcon_core.shell:Creating package script '/home/comrade/kshoonya_ws/install/my_robot_bringup/share/my_robot_bringup/package.sh'
[0.657s] INFO:colcon.colcon_core.shell:Creating package script '/home/comrade/kshoonya_ws/install/my_robot_bringup/share/my_robot_bringup/package.bash'
[0.657s] INFO:colcon.colcon_core.shell:Creating package script '/home/comrade/kshoonya_ws/install/my_robot_bringup/share/my_robot_bringup/package.zsh'
[0.657s] Level 1:colcon.colcon_core.environment:create_file_with_runtime_dependencies(/home/comrade/kshoonya_ws/install/my_robot_bringup/share/colcon-core/packages/my_robot_bringup)
[0.658s] DEBUG:colcon.colcon_parallel_executor.executor.parallel:closing loop
[0.658s] DEBUG:colcon.colcon_parallel_executor.executor.parallel:loop closed
[0.658s] DEBUG:colcon.colcon_parallel_executor.executor.parallel:run_until_complete finished with '0'
[0.658s] DEBUG:colcon.colcon_core.event_reactor:joining thread
[0.663s] INFO:colcon.colcon_core.plugin_system:Skipping extension 'colcon_notification.desktop_notification.terminal_notifier': Not used on non-Darwin systems
[0.663s] INFO:colcon.colcon_core.plugin_system:Skipping extension 'colcon_notification.desktop_notification.win32': Not used on non-Windows systems
[0.663s] INFO:colcon.colcon_notification.desktop_notification:Sending desktop notification using 'notify2'
[0.679s] DEBUG:colcon.colcon_core.event_reactor:joined thread
[0.681s] INFO:colcon.colcon_core.shell:Creating prefix script '/home/comrade/kshoonya_ws/install/local_setup.ps1'
[0.683s] INFO:colcon.colcon_core.shell:Creating prefix util module '/home/comrade/kshoonya_ws/install/_local_setup_util_ps1.py'
[0.685s] INFO:colcon.colcon_core.shell:Creating prefix chain script '/home/comrade/kshoonya_ws/install/setup.ps1'
[0.687s] INFO:colcon.colcon_core.shell:Creating prefix script '/home/comrade/kshoonya_ws/install/local_setup.sh'
[0.688s] INFO:colcon.colcon_core.shell:Creating prefix util module '/home/comrade/kshoonya_ws/install/_local_setup_util_sh.py'
[0.688s] INFO:colcon.colcon_core.shell:Creating prefix chain script '/home/comrade/kshoonya_ws/install/setup.sh'
[0.690s] INFO:colcon.colcon_core.shell:Creating prefix script '/home/comrade/kshoonya_ws/install/local_setup.bash'
[0.690s] INFO:colcon.colcon_core.shell:Creating prefix chain script '/home/comrade/kshoonya_ws/install/setup.bash'
[0.691s] INFO:colcon.colcon_core.shell:Creating prefix script '/home/comrade/kshoonya_ws/install/local_setup.zsh'
[0.692s] INFO:colcon.colcon_core.shell:Creating prefix chain script '/home/comrade/kshoonya_ws/install/setup.zsh'
