running develop
running egg_info
creating my_robot_packages.egg-info
writing my_robot_packages.egg-info/PKG-INFO
writing dependency_links to my_robot_packages.egg-info/dependency_links.txt
writing entry points to my_robot_packages.egg-info/entry_points.txt
writing requirements to my_robot_packages.egg-info/requires.txt
writing top-level names to my_robot_packages.egg-info/top_level.txt
writing manifest file 'my_robot_packages.egg-info/SOURCES.txt'
reading manifest file 'my_robot_packages.egg-info/SOURCES.txt'
writing manifest file 'my_robot_packages.egg-info/SOURCES.txt'
running build_ext
Creating /home/comrade/kshoonya_ws/install/my_robot_packages/lib/python3.10/site-packages/my-robot-packages.egg-link (link to .)
Installing vel_pub script to /home/comrade/kshoonya_ws/install/my_robot_packages/lib/my_robot_packages

Installed /home/comrade/kshoonya_ws/build/my_robot_packages
running install_data
creating /home/comrade/kshoonya_ws/install/my_robot_packages/share/ament_index
creating /home/comrade/kshoonya_ws/install/my_robot_packages/share/ament_index/resource_index
creating /home/comrade/kshoonya_ws/install/my_robot_packages/share/ament_index/resource_index/packages
copying resource/my_robot_packages -> /home/comrade/kshoonya_ws/install/my_robot_packages/share/ament_index/resource_index/packages
copying package.xml -> /home/comrade/kshoonya_ws/install/my_robot_packages/share/my_robot_packages
