[0.458s] Invoking command in '/home/comrade/kshoonya_ws/build/my_robot_packages': PYTHONPATH=/home/comrade/kshoonya_ws/build/my_robot_packages/prefix_override:/home/comrade/kshoonya_ws/install/my_robot_packages/lib/python3.10/site-packages:${PYTHONPATH} /usr/bin/python3 setup.py develop --editable --build-directory /home/comrade/kshoonya_ws/build/my_robot_packages/build --no-deps install_data
[0.617s] running develop
[0.721s] running egg_info
[0.721s] creating my_robot_packages.egg-info
[0.721s] writing my_robot_packages.egg-info/PKG-INFO
[0.721s] writing dependency_links to my_robot_packages.egg-info/dependency_links.txt
[0.721s] writing entry points to my_robot_packages.egg-info/entry_points.txt
[0.721s] writing requirements to my_robot_packages.egg-info/requires.txt
[0.721s] writing top-level names to my_robot_packages.egg-info/top_level.txt
[0.721s] writing manifest file 'my_robot_packages.egg-info/SOURCES.txt'
[0.722s] reading manifest file 'my_robot_packages.egg-info/SOURCES.txt'
[0.722s] writing manifest file 'my_robot_packages.egg-info/SOURCES.txt'
[0.723s] running build_ext
[0.723s] Creating /home/comrade/kshoonya_ws/install/my_robot_packages/lib/python3.10/site-packages/my-robot-packages.egg-link (link to .)
[0.724s] Installing vel_pub script to /home/comrade/kshoonya_ws/install/my_robot_packages/lib/my_robot_packages
[0.724s] 
[0.724s] Installed /home/comrade/kshoonya_ws/build/my_robot_packages
[0.724s] running install_data
[0.724s] creating /home/comrade/kshoonya_ws/install/my_robot_packages/share/ament_index
[0.724s] creating /home/comrade/kshoonya_ws/install/my_robot_packages/share/ament_index/resource_index
[0.724s] creating /home/comrade/kshoonya_ws/install/my_robot_packages/share/ament_index/resource_index/packages
[0.724s] copying resource/my_robot_packages -> /home/comrade/kshoonya_ws/install/my_robot_packages/share/ament_index/resource_index/packages
[0.724s] copying package.xml -> /home/comrade/kshoonya_ws/install/my_robot_packages/share/my_robot_packages
[0.741s] Invoked command in '/home/comrade/kshoonya_ws/build/my_robot_packages' returned '0': PYTHONPATH=/home/comrade/kshoonya_ws/build/my_robot_packages/prefix_override:/home/comrade/kshoonya_ws/install/my_robot_packages/lib/python3.10/site-packages:${PYTHONPATH} /usr/bin/python3 setup.py develop --editable --build-directory /home/comrade/kshoonya_ws/build/my_robot_packages/build --no-deps install_data
