[0.007s] Invoking command in '/home/comrade/kshoonya_ws/build/my_robot_bringup': CMAKE_PREFIX_PATH=/home/comrade/kshoonya_ws/install/kshoonya_description:/home/comrade/kshoonya_ws/install/my_robot_bringup:/home/comrade/ros2_ws/install/my_robot_bringup:/home/comrade/ros2_ws/install/my_robot_interfaces:/home/comrade/ros2_ws/install/cpp_pubsub:/home/comrade/ros2_ws/install/py_pkg:/opt/ros/iron /usr/bin/cmake --build /home/comrade/kshoonya_ws/build/my_robot_bringup -- -j16 -l16
[0.021s] -- Found ament_cmake: 2.0.3 (/opt/ros/iron/share/ament_cmake/cmake)
[0.108s] -- Override CMake install command with custom implementation using symlinks instead of copying resources
[0.150s] -- Configuring done
[0.152s] -- Generating done
[0.152s] -- Build files have been written to: /home/comrade/kshoonya_ws/build/my_robot_bringup
[0.165s] Invoked command in '/home/comrade/kshoonya_ws/build/my_robot_bringup' returned '0': CMAKE_PREFIX_PATH=/home/comrade/kshoonya_ws/install/kshoonya_description:/home/comrade/kshoonya_ws/install/my_robot_bringup:/home/comrade/ros2_ws/install/my_robot_bringup:/home/comrade/ros2_ws/install/my_robot_interfaces:/home/comrade/ros2_ws/install/cpp_pubsub:/home/comrade/ros2_ws/install/py_pkg:/opt/ros/iron /usr/bin/cmake --build /home/comrade/kshoonya_ws/build/my_robot_bringup -- -j16 -l16
[0.179s] Invoking command in '/home/comrade/kshoonya_ws/build/my_robot_bringup': CMAKE_PREFIX_PATH=/home/comrade/kshoonya_ws/install/kshoonya_description:/home/comrade/kshoonya_ws/install/my_robot_bringup:/home/comrade/ros2_ws/install/my_robot_bringup:/home/comrade/ros2_ws/install/my_robot_interfaces:/home/comrade/ros2_ws/install/cpp_pubsub:/home/comrade/ros2_ws/install/py_pkg:/opt/ros/iron /usr/bin/cmake --install /home/comrade/kshoonya_ws/build/my_robot_bringup
[0.182s] -- Install configuration: ""
[0.183s] -- Execute custom install script
[0.183s] -- Up-to-date symlink: /home/comrade/kshoonya_ws/install/my_robot_bringup/share/my_robot_bringup//launch/my_robot_gazebo.launch.xml
[0.183s] -- Symlinking: /home/comrade/kshoonya_ws/install/my_robot_bringup/share/my_robot_bringup//rviz/urdf_config.rviz
[0.188s] -- Up-to-date symlink: /home/comrade/kshoonya_ws/install/my_robot_bringup/share/ament_index/resource_index/package_run_dependencies/my_robot_bringup
[0.189s] -- Up-to-date symlink: /home/comrade/kshoonya_ws/install/my_robot_bringup/share/ament_index/resource_index/parent_prefix_path/my_robot_bringup
[0.189s] -- Up-to-date symlink: /home/comrade/kshoonya_ws/install/my_robot_bringup/share/my_robot_bringup/environment/ament_prefix_path.sh
[0.189s] -- Up-to-date symlink: /home/comrade/kshoonya_ws/install/my_robot_bringup/share/my_robot_bringup/environment/ament_prefix_path.dsv
[0.189s] -- Up-to-date symlink: /home/comrade/kshoonya_ws/install/my_robot_bringup/share/my_robot_bringup/environment/path.sh
[0.189s] -- Up-to-date symlink: /home/comrade/kshoonya_ws/install/my_robot_bringup/share/my_robot_bringup/environment/path.dsv
[0.189s] -- Up-to-date symlink: /home/comrade/kshoonya_ws/install/my_robot_bringup/share/my_robot_bringup/local_setup.bash
[0.189s] -- Up-to-date symlink: /home/comrade/kshoonya_ws/install/my_robot_bringup/share/my_robot_bringup/local_setup.sh
[0.189s] -- Up-to-date symlink: /home/comrade/kshoonya_ws/install/my_robot_bringup/share/my_robot_bringup/local_setup.zsh
[0.190s] -- Up-to-date symlink: /home/comrade/kshoonya_ws/install/my_robot_bringup/share/my_robot_bringup/local_setup.dsv
[0.190s] -- Symlinking: /home/comrade/kshoonya_ws/install/my_robot_bringup/share/my_robot_bringup/package.dsv
[0.194s] -- Up-to-date symlink: /home/comrade/kshoonya_ws/install/my_robot_bringup/share/ament_index/resource_index/packages/my_robot_bringup
[0.194s] -- Up-to-date symlink: /home/comrade/kshoonya_ws/install/my_robot_bringup/share/my_robot_bringup/cmake/my_robot_bringupConfig.cmake
[0.195s] -- Up-to-date symlink: /home/comrade/kshoonya_ws/install/my_robot_bringup/share/my_robot_bringup/cmake/my_robot_bringupConfig-version.cmake
[0.195s] -- Up-to-date symlink: /home/comrade/kshoonya_ws/install/my_robot_bringup/share/my_robot_bringup/package.xml
[0.197s] Invoked command in '/home/comrade/kshoonya_ws/build/my_robot_bringup' returned '0': CMAKE_PREFIX_PATH=/home/comrade/kshoonya_ws/install/kshoonya_description:/home/comrade/kshoonya_ws/install/my_robot_bringup:/home/comrade/ros2_ws/install/my_robot_bringup:/home/comrade/ros2_ws/install/my_robot_interfaces:/home/comrade/ros2_ws/install/cpp_pubsub:/home/comrade/ros2_ws/install/py_pkg:/opt/ros/iron /usr/bin/cmake --install /home/comrade/kshoonya_ws/build/my_robot_bringup
