[0.200s] DEBUG:colcon:Command line arguments: ['/usr/bin/colcon', 'build', '--symlink-install']
[0.200s] DEBUG:colcon:Parsed command line arguments: Namespace(log_base=None, log_level=None, verb_name='build', build_base='build', install_base='install', merge_install=False, symlink_install=True, test_result_base=None, continue_on_error=False, executor='parallel', parallel_workers=16, event_handlers=None, ignore_user_meta=False, metas=['./colcon.meta'], base_paths=['.'], packages_ignore=None, packages_ignore_regex=None, paths=None, packages_up_to=None, packages_up_to_regex=None, packages_above=None, packages_above_and_dependencies=None, packages_above_depth=None, packages_select_by_dep=None, packages_skip_by_dep=None, packages_skip_up_to=None, packages_select_build_failed=False, packages_skip_build_finished=False, packages_select_test_failures=False, packages_skip_test_passed=False, packages_select=None, packages_skip=None, packages_select_regex=None, packages_skip_regex=None, packages_start=None, packages_end=None, allow_overriding=[], cmake_args=None, cmake_target=None, cmake_target_skip_unavailable=False, cmake_clean_cache=False, cmake_clean_first=False, cmake_force_configure=False, ament_cmake_args=None, catkin_cmake_args=None, catkin_skip_building_tests=False, verb_parser=<colcon_defaults.argument_parser.defaults.DefaultArgumentsDecorator object at 0x7f06523f2410>, verb_extension=<colcon_core.verb.build.BuildVerb object at 0x7f06523f1ea0>, main=<bound method BuildVerb.main of <colcon_core.verb.build.BuildVerb object at 0x7f06523f1ea0>>)
[0.214s] Level 1:colcon.colcon_core.package_discovery:discover_packages(colcon_meta) check parameters
[0.214s] Level 1:colcon.colcon_core.package_discovery:discover_packages(recursive) check parameters
[0.214s] Level 1:colcon.colcon_core.package_discovery:discover_packages(ignore) check parameters
[0.214s] Level 1:colcon.colcon_core.package_discovery:discover_packages(path) check parameters
[0.214s] Level 1:colcon.colcon_core.package_discovery:discover_packages(colcon_meta) discover
[0.214s] Level 1:colcon.colcon_core.package_discovery:discover_packages(recursive) discover
[0.214s] INFO:colcon.colcon_core.package_discovery:Crawling recursively for packages in '/home/comrade/kshoonya_ws'
[0.214s] Level 1:colcon.colcon_core.package_identification:_identify(.) by extensions ['ignore', 'ignore_ament_install']
[0.214s] Level 1:colcon.colcon_core.package_identification:_identify(.) by extension 'ignore'
[0.214s] Level 1:colcon.colcon_core.package_identification:_identify(.) by extension 'ignore_ament_install'
[0.214s] Level 1:colcon.colcon_core.package_identification:_identify(.) by extensions ['colcon_pkg']
[0.214s] Level 1:colcon.colcon_core.package_identification:_identify(.) by extension 'colcon_pkg'
[0.214s] Level 1:colcon.colcon_core.package_identification:_identify(.) by extensions ['colcon_meta']
[0.214s] Level 1:colcon.colcon_core.package_identification:_identify(.) by extension 'colcon_meta'
[0.214s] Level 1:colcon.colcon_core.package_identification:_identify(.) by extensions ['ros']
[0.214s] Level 1:colcon.colcon_core.package_identification:_identify(.) by extension 'ros'
[0.221s] Level 1:colcon.colcon_core.package_identification:_identify(.) by extensions ['cmake', 'python']
[0.221s] Level 1:colcon.colcon_core.package_identification:_identify(.) by extension 'cmake'
[0.221s] Level 1:colcon.colcon_core.package_identification:_identify(.) by extension 'python'
[0.221s] Level 1:colcon.colcon_core.package_identification:_identify(.) by extensions ['python_setup_py']
[0.221s] Level 1:colcon.colcon_core.package_identification:_identify(.) by extension 'python_setup_py'
[0.221s] Level 1:colcon.colcon_core.package_identification:_identify(build) by extensions ['ignore', 'ignore_ament_install']
[0.221s] Level 1:colcon.colcon_core.package_identification:_identify(build) by extension 'ignore'
[0.221s] Level 1:colcon.colcon_core.package_identification:_identify(build) ignored
[0.221s] Level 1:colcon.colcon_core.package_identification:_identify(install) by extensions ['ignore', 'ignore_ament_install']
[0.221s] Level 1:colcon.colcon_core.package_identification:_identify(install) by extension 'ignore'
[0.221s] Level 1:colcon.colcon_core.package_identification:_identify(install) ignored
[0.221s] Level 1:colcon.colcon_core.package_identification:_identify(log) by extensions ['ignore', 'ignore_ament_install']
[0.221s] Level 1:colcon.colcon_core.package_identification:_identify(log) by extension 'ignore'
[0.221s] Level 1:colcon.colcon_core.package_identification:_identify(log) ignored
[0.221s] Level 1:colcon.colcon_core.package_identification:_identify(src) by extensions ['ignore', 'ignore_ament_install']
[0.222s] Level 1:colcon.colcon_core.package_identification:_identify(src) by extension 'ignore'
[0.222s] Level 1:colcon.colcon_core.package_identification:_identify(src) by extension 'ignore_ament_install'
[0.222s] Level 1:colcon.colcon_core.package_identification:_identify(src) by extensions ['colcon_pkg']
[0.222s] Level 1:colcon.colcon_core.package_identification:_identify(src) by extension 'colcon_pkg'
[0.222s] Level 1:colcon.colcon_core.package_identification:_identify(src) by extensions ['colcon_meta']
[0.222s] Level 1:colcon.colcon_core.package_identification:_identify(src) by extension 'colcon_meta'
[0.222s] Level 1:colcon.colcon_core.package_identification:_identify(src) by extensions ['ros']
[0.222s] Level 1:colcon.colcon_core.package_identification:_identify(src) by extension 'ros'
[0.222s] Level 1:colcon.colcon_core.package_identification:_identify(src) by extensions ['cmake', 'python']
[0.222s] Level 1:colcon.colcon_core.package_identification:_identify(src) by extension 'cmake'
[0.222s] Level 1:colcon.colcon_core.package_identification:_identify(src) by extension 'python'
[0.222s] Level 1:colcon.colcon_core.package_identification:_identify(src) by extensions ['python_setup_py']
[0.222s] Level 1:colcon.colcon_core.package_identification:_identify(src) by extension 'python_setup_py'
[0.222s] Level 1:colcon.colcon_core.package_identification:_identify(src/kshoonya_description) by extensions ['ignore', 'ignore_ament_install']
[0.222s] Level 1:colcon.colcon_core.package_identification:_identify(src/kshoonya_description) by extension 'ignore'
[0.222s] Level 1:colcon.colcon_core.package_identification:_identify(src/kshoonya_description) by extension 'ignore_ament_install'
[0.222s] Level 1:colcon.colcon_core.package_identification:_identify(src/kshoonya_description) by extensions ['colcon_pkg']
[0.222s] Level 1:colcon.colcon_core.package_identification:_identify(src/kshoonya_description) by extension 'colcon_pkg'
[0.222s] Level 1:colcon.colcon_core.package_identification:_identify(src/kshoonya_description) by extensions ['colcon_meta']
[0.222s] Level 1:colcon.colcon_core.package_identification:_identify(src/kshoonya_description) by extension 'colcon_meta'
[0.222s] Level 1:colcon.colcon_core.package_identification:_identify(src/kshoonya_description) by extensions ['ros']
[0.222s] Level 1:colcon.colcon_core.package_identification:_identify(src/kshoonya_description) by extension 'ros'
[0.223s] DEBUG:colcon.colcon_core.package_identification:Package 'src/kshoonya_description' with type 'ros.ament_cmake' and name 'kshoonya_description'
[0.224s] Level 1:colcon.colcon_core.package_identification:_identify(src/my_robot_bringup) by extensions ['ignore', 'ignore_ament_install']
[0.224s] Level 1:colcon.colcon_core.package_identification:_identify(src/my_robot_bringup) by extension 'ignore'
[0.224s] Level 1:colcon.colcon_core.package_identification:_identify(src/my_robot_bringup) by extension 'ignore_ament_install'
[0.224s] Level 1:colcon.colcon_core.package_identification:_identify(src/my_robot_bringup) by extensions ['colcon_pkg']
[0.224s] Level 1:colcon.colcon_core.package_identification:_identify(src/my_robot_bringup) by extension 'colcon_pkg'
[0.224s] Level 1:colcon.colcon_core.package_identification:_identify(src/my_robot_bringup) by extensions ['colcon_meta']
[0.224s] Level 1:colcon.colcon_core.package_identification:_identify(src/my_robot_bringup) by extension 'colcon_meta'
[0.224s] Level 1:colcon.colcon_core.package_identification:_identify(src/my_robot_bringup) by extensions ['ros']
[0.224s] Level 1:colcon.colcon_core.package_identification:_identify(src/my_robot_bringup) by extension 'ros'
[0.224s] DEBUG:colcon.colcon_core.package_identification:Package 'src/my_robot_bringup' with type 'ros.ament_cmake' and name 'my_robot_bringup'
[0.224s] Level 1:colcon.colcon_core.package_discovery:discover_packages(recursive) using defaults
[0.224s] Level 1:colcon.colcon_core.package_discovery:discover_packages(ignore) discover
[0.224s] Level 1:colcon.colcon_core.package_discovery:discover_packages(ignore) using defaults
[0.224s] Level 1:colcon.colcon_core.package_discovery:discover_packages(path) discover
[0.224s] Level 1:colcon.colcon_core.package_discovery:discover_packages(path) using defaults
[0.238s] Level 1:colcon.colcon_core.package_discovery:discover_packages(prefix_path) check parameters
[0.238s] Level 1:colcon.colcon_core.package_discovery:discover_packages(prefix_path) discover
[0.239s] DEBUG:colcon.colcon_installed_package_information.package_discovery:Found 2 installed packages in /home/comrade/kshoonya_ws/install
[0.240s] DEBUG:colcon.colcon_installed_package_information.package_discovery:Found 4 installed packages in /home/comrade/ros2_ws/install
[0.241s] DEBUG:colcon.colcon_installed_package_information.package_discovery:Found 337 installed packages in /opt/ros/iron
[0.242s] Level 1:colcon.colcon_core.package_discovery:discover_packages(prefix_path) using defaults
[0.273s] Level 5:colcon.colcon_core.verb:set package 'kshoonya_description' build argument 'cmake_args' from command line to 'None'
[0.273s] Level 5:colcon.colcon_core.verb:set package 'kshoonya_description' build argument 'cmake_target' from command line to 'None'
[0.273s] Level 5:colcon.colcon_core.verb:set package 'kshoonya_description' build argument 'cmake_target_skip_unavailable' from command line to 'False'
[0.273s] Level 5:colcon.colcon_core.verb:set package 'kshoonya_description' build argument 'cmake_clean_cache' from command line to 'False'
[0.273s] Level 5:colcon.colcon_core.verb:set package 'kshoonya_description' build argument 'cmake_clean_first' from command line to 'False'
[0.273s] Level 5:colcon.colcon_core.verb:set package 'kshoonya_description' build argument 'cmake_force_configure' from command line to 'False'
[0.273s] Level 5:colcon.colcon_core.verb:set package 'kshoonya_description' build argument 'ament_cmake_args' from command line to 'None'
[0.273s] Level 5:colcon.colcon_core.verb:set package 'kshoonya_description' build argument 'catkin_cmake_args' from command line to 'None'
[0.273s] Level 5:colcon.colcon_core.verb:set package 'kshoonya_description' build argument 'catkin_skip_building_tests' from command line to 'False'
[0.273s] DEBUG:colcon.colcon_core.verb:Building package 'kshoonya_description' with the following arguments: {'ament_cmake_args': None, 'build_base': '/home/comrade/kshoonya_ws/build/kshoonya_description', 'catkin_cmake_args': None, 'catkin_skip_building_tests': False, 'cmake_args': None, 'cmake_clean_cache': False, 'cmake_clean_first': False, 'cmake_force_configure': False, 'cmake_target': None, 'cmake_target_skip_unavailable': False, 'install_base': '/home/comrade/kshoonya_ws/install/kshoonya_description', 'merge_install': False, 'path': '/home/comrade/kshoonya_ws/src/kshoonya_description', 'symlink_install': True, 'test_result_base': None}
[0.274s] Level 5:colcon.colcon_core.verb:set package 'my_robot_bringup' build argument 'cmake_args' from command line to 'None'
[0.274s] Level 5:colcon.colcon_core.verb:set package 'my_robot_bringup' build argument 'cmake_target' from command line to 'None'
[0.274s] Level 5:colcon.colcon_core.verb:set package 'my_robot_bringup' build argument 'cmake_target_skip_unavailable' from command line to 'False'
[0.274s] Level 5:colcon.colcon_core.verb:set package 'my_robot_bringup' build argument 'cmake_clean_cache' from command line to 'False'
[0.274s] Level 5:colcon.colcon_core.verb:set package 'my_robot_bringup' build argument 'cmake_clean_first' from command line to 'False'
[0.274s] Level 5:colcon.colcon_core.verb:set package 'my_robot_bringup' build argument 'cmake_force_configure' from command line to 'False'
[0.274s] Level 5:colcon.colcon_core.verb:set package 'my_robot_bringup' build argument 'ament_cmake_args' from command line to 'None'
[0.274s] Level 5:colcon.colcon_core.verb:set package 'my_robot_bringup' build argument 'catkin_cmake_args' from command line to 'None'
[0.274s] Level 5:colcon.colcon_core.verb:set package 'my_robot_bringup' build argument 'catkin_skip_building_tests' from command line to 'False'
[0.274s] DEBUG:colcon.colcon_core.verb:Building package 'my_robot_bringup' with the following arguments: {'ament_cmake_args': None, 'build_base': '/home/comrade/kshoonya_ws/build/my_robot_bringup', 'catkin_cmake_args': None, 'catkin_skip_building_tests': False, 'cmake_args': None, 'cmake_clean_cache': False, 'cmake_clean_first': False, 'cmake_force_configure': False, 'cmake_target': None, 'cmake_target_skip_unavailable': False, 'install_base': '/home/comrade/kshoonya_ws/install/my_robot_bringup', 'merge_install': False, 'path': '/home/comrade/kshoonya_ws/src/my_robot_bringup', 'symlink_install': True, 'test_result_base': None}
[0.274s] INFO:colcon.colcon_core.executor:Executing jobs using 'parallel' executor
[0.276s] DEBUG:colcon.colcon_parallel_executor.executor.parallel:run_until_complete
[0.276s] INFO:colcon.colcon_ros.task.ament_cmake.build:Building ROS package in '/home/comrade/kshoonya_ws/src/kshoonya_description' with build type 'ament_cmake'
[0.276s] INFO:colcon.colcon_cmake.task.cmake.build:Building CMake package in '/home/comrade/kshoonya_ws/src/kshoonya_description'
[0.279s] INFO:colcon.colcon_core.plugin_system:Skipping extension 'colcon_core.shell.bat': Not used on non-Windows systems
[0.279s] INFO:colcon.colcon_core.shell:Skip shell extension 'powershell' for command environment: Not usable outside of PowerShell
[0.279s] DEBUG:colcon.colcon_core.shell:Skip shell extension 'dsv' for command environment
[0.285s] DEBUG:colcon.colcon_core.event_handler.log_command:Invoking command in '/home/comrade/kshoonya_ws/build/kshoonya_description': CMAKE_PREFIX_PATH=${CMAKE_PREFIX_PATH}:/home/comrade/ros2_ws/install/py_pkg:/opt/ros/iron /usr/bin/cmake --build /home/comrade/kshoonya_ws/build/kshoonya_description -- -j16 -l16
[0.307s] DEBUG:colcon.colcon_core.event_handler.log_command:Invoked command in '/home/comrade/kshoonya_ws/build/kshoonya_description' returned '0': CMAKE_PREFIX_PATH=${CMAKE_PREFIX_PATH}:/home/comrade/ros2_ws/install/py_pkg:/opt/ros/iron /usr/bin/cmake --build /home/comrade/kshoonya_ws/build/kshoonya_description -- -j16 -l16
[0.325s] DEBUG:colcon.colcon_core.event_handler.log_command:Invoking command in '/home/comrade/kshoonya_ws/build/kshoonya_description': CMAKE_PREFIX_PATH=${CMAKE_PREFIX_PATH}:/home/comrade/ros2_ws/install/py_pkg:/opt/ros/iron /usr/bin/cmake --install /home/comrade/kshoonya_ws/build/kshoonya_description
[0.336s] Level 1:colcon.colcon_core.environment:create_environment_scripts_only(kshoonya_description)
[0.336s] DEBUG:colcon.colcon_core.event_handler.log_command:Invoked command in '/home/comrade/kshoonya_ws/build/kshoonya_description' returned '0': CMAKE_PREFIX_PATH=${CMAKE_PREFIX_PATH}:/home/comrade/ros2_ws/install/py_pkg:/opt/ros/iron /usr/bin/cmake --install /home/comrade/kshoonya_ws/build/kshoonya_description
[0.339s] Level 1:colcon.colcon_core.environment:checking '/home/comrade/kshoonya_ws/install/kshoonya_description' for CMake module files
[0.339s] Level 1:colcon.colcon_core.environment:checking '/home/comrade/kshoonya_ws/install/kshoonya_description' for CMake config files
[0.340s] Level 1:colcon.colcon_core.shell:create_environment_hook('kshoonya_description', 'cmake_prefix_path')
[0.340s] INFO:colcon.colcon_core.shell:Creating environment hook '/home/comrade/kshoonya_ws/install/kshoonya_description/share/kshoonya_description/hook/cmake_prefix_path.ps1'
[0.341s] INFO:colcon.colcon_core.shell:Creating environment descriptor '/home/comrade/kshoonya_ws/install/kshoonya_description/share/kshoonya_description/hook/cmake_prefix_path.dsv'
[0.341s] INFO:colcon.colcon_core.shell:Creating environment hook '/home/comrade/kshoonya_ws/install/kshoonya_description/share/kshoonya_description/hook/cmake_prefix_path.sh'
[0.341s] Level 1:colcon.colcon_core.environment:checking '/home/comrade/kshoonya_ws/install/kshoonya_description/bin'
[0.342s] Level 1:colcon.colcon_core.environment:checking '/home/comrade/kshoonya_ws/install/kshoonya_description/lib/pkgconfig/kshoonya_description.pc'
[0.342s] Level 1:colcon.colcon_core.environment:checking '/home/comrade/kshoonya_ws/install/kshoonya_description/lib/python3.10/site-packages'
[0.342s] Level 1:colcon.colcon_core.environment:checking '/home/comrade/kshoonya_ws/install/kshoonya_description/bin'
[0.343s] INFO:colcon.colcon_core.shell:Creating package script '/home/comrade/kshoonya_ws/install/kshoonya_description/share/kshoonya_description/package.ps1'
[0.343s] INFO:colcon.colcon_core.shell:Creating package descriptor '/home/comrade/kshoonya_ws/install/kshoonya_description/share/kshoonya_description/package.dsv'
[0.343s] INFO:colcon.colcon_core.shell:Creating package script '/home/comrade/kshoonya_ws/install/kshoonya_description/share/kshoonya_description/package.sh'
[0.344s] INFO:colcon.colcon_core.shell:Creating package script '/home/comrade/kshoonya_ws/install/kshoonya_description/share/kshoonya_description/package.bash'
[0.344s] INFO:colcon.colcon_core.shell:Creating package script '/home/comrade/kshoonya_ws/install/kshoonya_description/share/kshoonya_description/package.zsh'
[0.344s] Level 1:colcon.colcon_core.environment:create_file_with_runtime_dependencies(/home/comrade/kshoonya_ws/install/kshoonya_description/share/colcon-core/packages/kshoonya_description)
[0.357s] Level 1:colcon.colcon_core.environment:create_environment_scripts_only(kshoonya_description)
[0.358s] Level 1:colcon.colcon_core.environment:checking '/home/comrade/kshoonya_ws/install/kshoonya_description' for CMake module files
[0.359s] Level 1:colcon.colcon_core.environment:checking '/home/comrade/kshoonya_ws/install/kshoonya_description' for CMake config files
[0.359s] Level 1:colcon.colcon_core.shell:create_environment_hook('kshoonya_description', 'cmake_prefix_path')
[0.360s] INFO:colcon.colcon_core.shell:Creating environment hook '/home/comrade/kshoonya_ws/install/kshoonya_description/share/kshoonya_description/hook/cmake_prefix_path.ps1'
[0.360s] INFO:colcon.colcon_core.shell:Creating environment descriptor '/home/comrade/kshoonya_ws/install/kshoonya_description/share/kshoonya_description/hook/cmake_prefix_path.dsv'
[0.360s] INFO:colcon.colcon_core.shell:Creating environment hook '/home/comrade/kshoonya_ws/install/kshoonya_description/share/kshoonya_description/hook/cmake_prefix_path.sh'
[0.360s] Level 1:colcon.colcon_core.environment:checking '/home/comrade/kshoonya_ws/install/kshoonya_description/bin'
[0.360s] Level 1:colcon.colcon_core.environment:checking '/home/comrade/kshoonya_ws/install/kshoonya_description/lib/pkgconfig/kshoonya_description.pc'
[0.361s] Level 1:colcon.colcon_core.environment:checking '/home/comrade/kshoonya_ws/install/kshoonya_description/lib/python3.10/site-packages'
[0.361s] Level 1:colcon.colcon_core.environment:checking '/home/comrade/kshoonya_ws/install/kshoonya_description/bin'
[0.361s] INFO:colcon.colcon_core.shell:Creating package script '/home/comrade/kshoonya_ws/install/kshoonya_description/share/kshoonya_description/package.ps1'
[0.362s] INFO:colcon.colcon_core.shell:Creating package descriptor '/home/comrade/kshoonya_ws/install/kshoonya_description/share/kshoonya_description/package.dsv'
[0.362s] INFO:colcon.colcon_core.shell:Creating package script '/home/comrade/kshoonya_ws/install/kshoonya_description/share/kshoonya_description/package.sh'
[0.362s] INFO:colcon.colcon_core.shell:Creating package script '/home/comrade/kshoonya_ws/install/kshoonya_description/share/kshoonya_description/package.bash'
[0.362s] INFO:colcon.colcon_core.shell:Creating package script '/home/comrade/kshoonya_ws/install/kshoonya_description/share/kshoonya_description/package.zsh'
[0.362s] Level 1:colcon.colcon_core.environment:create_file_with_runtime_dependencies(/home/comrade/kshoonya_ws/install/kshoonya_description/share/colcon-core/packages/kshoonya_description)
[0.363s] INFO:colcon.colcon_ros.task.ament_cmake.build:Building ROS package in '/home/comrade/kshoonya_ws/src/my_robot_bringup' with build type 'ament_cmake'
[0.363s] INFO:colcon.colcon_cmake.task.cmake.build:Building CMake package in '/home/comrade/kshoonya_ws/src/my_robot_bringup'
[0.363s] INFO:colcon.colcon_core.shell:Skip shell extension 'powershell' for command environment: Not usable outside of PowerShell
[0.363s] DEBUG:colcon.colcon_core.shell:Skip shell extension 'dsv' for command environment
[0.369s] DEBUG:colcon.colcon_core.event_handler.log_command:Invoking command in '/home/comrade/kshoonya_ws/build/my_robot_bringup': CMAKE_PREFIX_PATH=/home/comrade/kshoonya_ws/install/kshoonya_description:/home/comrade/kshoonya_ws/install/my_robot_bringup:/home/comrade/ros2_ws/install/my_robot_bringup:/home/comrade/ros2_ws/install/my_robot_interfaces:/home/comrade/ros2_ws/install/cpp_pubsub:/home/comrade/ros2_ws/install/py_pkg:/opt/ros/iron /usr/bin/cmake --build /home/comrade/kshoonya_ws/build/my_robot_bringup -- -j16 -l16
[0.390s] DEBUG:colcon.colcon_core.event_handler.log_command:Invoked command in '/home/comrade/kshoonya_ws/build/my_robot_bringup' returned '0': CMAKE_PREFIX_PATH=/home/comrade/kshoonya_ws/install/kshoonya_description:/home/comrade/kshoonya_ws/install/my_robot_bringup:/home/comrade/ros2_ws/install/my_robot_bringup:/home/comrade/ros2_ws/install/my_robot_interfaces:/home/comrade/ros2_ws/install/cpp_pubsub:/home/comrade/ros2_ws/install/py_pkg:/opt/ros/iron /usr/bin/cmake --build /home/comrade/kshoonya_ws/build/my_robot_bringup -- -j16 -l16
[0.404s] DEBUG:colcon.colcon_core.event_handler.log_command:Invoking command in '/home/comrade/kshoonya_ws/build/my_robot_bringup': CMAKE_PREFIX_PATH=/home/comrade/kshoonya_ws/install/kshoonya_description:/home/comrade/kshoonya_ws/install/my_robot_bringup:/home/comrade/ros2_ws/install/my_robot_bringup:/home/comrade/ros2_ws/install/my_robot_interfaces:/home/comrade/ros2_ws/install/cpp_pubsub:/home/comrade/ros2_ws/install/py_pkg:/opt/ros/iron /usr/bin/cmake --install /home/comrade/kshoonya_ws/build/my_robot_bringup
[0.416s] Level 1:colcon.colcon_core.environment:create_environment_scripts_only(my_robot_bringup)
[0.417s] Level 1:colcon.colcon_core.environment:checking '/home/comrade/kshoonya_ws/install/my_robot_bringup' for CMake module files
[0.418s] DEBUG:colcon.colcon_core.event_handler.log_command:Invoked command in '/home/comrade/kshoonya_ws/build/my_robot_bringup' returned '0': CMAKE_PREFIX_PATH=/home/comrade/kshoonya_ws/install/kshoonya_description:/home/comrade/kshoonya_ws/install/my_robot_bringup:/home/comrade/ros2_ws/install/my_robot_bringup:/home/comrade/ros2_ws/install/my_robot_interfaces:/home/comrade/ros2_ws/install/cpp_pubsub:/home/comrade/ros2_ws/install/py_pkg:/opt/ros/iron /usr/bin/cmake --install /home/comrade/kshoonya_ws/build/my_robot_bringup
[0.418s] Level 1:colcon.colcon_core.environment:checking '/home/comrade/kshoonya_ws/install/my_robot_bringup' for CMake config files
[0.418s] Level 1:colcon.colcon_core.shell:create_environment_hook('my_robot_bringup', 'cmake_prefix_path')
[0.419s] INFO:colcon.colcon_core.shell:Creating environment hook '/home/comrade/kshoonya_ws/install/my_robot_bringup/share/my_robot_bringup/hook/cmake_prefix_path.ps1'
[0.419s] INFO:colcon.colcon_core.shell:Creating environment descriptor '/home/comrade/kshoonya_ws/install/my_robot_bringup/share/my_robot_bringup/hook/cmake_prefix_path.dsv'
[0.419s] INFO:colcon.colcon_core.shell:Creating environment hook '/home/comrade/kshoonya_ws/install/my_robot_bringup/share/my_robot_bringup/hook/cmake_prefix_path.sh'
[0.420s] Level 1:colcon.colcon_core.environment:checking '/home/comrade/kshoonya_ws/install/my_robot_bringup/bin'
[0.420s] Level 1:colcon.colcon_core.environment:checking '/home/comrade/kshoonya_ws/install/my_robot_bringup/lib/pkgconfig/my_robot_bringup.pc'
[0.420s] Level 1:colcon.colcon_core.environment:checking '/home/comrade/kshoonya_ws/install/my_robot_bringup/lib/python3.10/site-packages'
[0.420s] Level 1:colcon.colcon_core.environment:checking '/home/comrade/kshoonya_ws/install/my_robot_bringup/bin'
[0.421s] INFO:colcon.colcon_core.shell:Creating package script '/home/comrade/kshoonya_ws/install/my_robot_bringup/share/my_robot_bringup/package.ps1'
[0.421s] INFO:colcon.colcon_core.shell:Creating package descriptor '/home/comrade/kshoonya_ws/install/my_robot_bringup/share/my_robot_bringup/package.dsv'
[0.421s] INFO:colcon.colcon_core.shell:Creating package script '/home/comrade/kshoonya_ws/install/my_robot_bringup/share/my_robot_bringup/package.sh'
[0.422s] INFO:colcon.colcon_core.shell:Creating package script '/home/comrade/kshoonya_ws/install/my_robot_bringup/share/my_robot_bringup/package.bash'
[0.422s] INFO:colcon.colcon_core.shell:Creating package script '/home/comrade/kshoonya_ws/install/my_robot_bringup/share/my_robot_bringup/package.zsh'
[0.422s] Level 1:colcon.colcon_core.environment:create_file_with_runtime_dependencies(/home/comrade/kshoonya_ws/install/my_robot_bringup/share/colcon-core/packages/my_robot_bringup)
[0.435s] Level 1:colcon.colcon_core.environment:create_environment_scripts_only(my_robot_bringup)
[0.436s] Level 1:colcon.colcon_core.environment:checking '/home/comrade/kshoonya_ws/install/my_robot_bringup' for CMake module files
[0.437s] Level 1:colcon.colcon_core.environment:checking '/home/comrade/kshoonya_ws/install/my_robot_bringup' for CMake config files
[0.437s] Level 1:colcon.colcon_core.shell:create_environment_hook('my_robot_bringup', 'cmake_prefix_path')
[0.437s] INFO:colcon.colcon_core.shell:Creating environment hook '/home/comrade/kshoonya_ws/install/my_robot_bringup/share/my_robot_bringup/hook/cmake_prefix_path.ps1'
[0.438s] INFO:colcon.colcon_core.shell:Creating environment descriptor '/home/comrade/kshoonya_ws/install/my_robot_bringup/share/my_robot_bringup/hook/cmake_prefix_path.dsv'
[0.438s] INFO:colcon.colcon_core.shell:Creating environment hook '/home/comrade/kshoonya_ws/install/my_robot_bringup/share/my_robot_bringup/hook/cmake_prefix_path.sh'
[0.438s] Level 1:colcon.colcon_core.environment:checking '/home/comrade/kshoonya_ws/install/my_robot_bringup/bin'
[0.438s] Level 1:colcon.colcon_core.environment:checking '/home/comrade/kshoonya_ws/install/my_robot_bringup/lib/pkgconfig/my_robot_bringup.pc'
[0.438s] Level 1:colcon.colcon_core.environment:checking '/home/comrade/kshoonya_ws/install/my_robot_bringup/lib/python3.10/site-packages'
[0.438s] Level 1:colcon.colcon_core.environment:checking '/home/comrade/kshoonya_ws/install/my_robot_bringup/bin'
[0.439s] INFO:colcon.colcon_core.shell:Creating package script '/home/comrade/kshoonya_ws/install/my_robot_bringup/share/my_robot_bringup/package.ps1'
[0.439s] INFO:colcon.colcon_core.shell:Creating package descriptor '/home/comrade/kshoonya_ws/install/my_robot_bringup/share/my_robot_bringup/package.dsv'
[0.440s] INFO:colcon.colcon_core.shell:Creating package script '/home/comrade/kshoonya_ws/install/my_robot_bringup/share/my_robot_bringup/package.sh'
[0.440s] INFO:colcon.colcon_core.shell:Creating package script '/home/comrade/kshoonya_ws/install/my_robot_bringup/share/my_robot_bringup/package.bash'
[0.440s] INFO:colcon.colcon_core.shell:Creating package script '/home/comrade/kshoonya_ws/install/my_robot_bringup/share/my_robot_bringup/package.zsh'
[0.440s] Level 1:colcon.colcon_core.environment:create_file_with_runtime_dependencies(/home/comrade/kshoonya_ws/install/my_robot_bringup/share/colcon-core/packages/my_robot_bringup)
[0.440s] DEBUG:colcon.colcon_parallel_executor.executor.parallel:closing loop
[0.441s] DEBUG:colcon.colcon_parallel_executor.executor.parallel:loop closed
[0.441s] DEBUG:colcon.colcon_parallel_executor.executor.parallel:run_until_complete finished with '0'
[0.441s] DEBUG:colcon.colcon_core.event_reactor:joining thread
[0.444s] INFO:colcon.colcon_core.plugin_system:Skipping extension 'colcon_notification.desktop_notification.terminal_notifier': Not used on non-Darwin systems
[0.444s] INFO:colcon.colcon_core.plugin_system:Skipping extension 'colcon_notification.desktop_notification.win32': Not used on non-Windows systems
[0.444s] INFO:colcon.colcon_notification.desktop_notification:Sending desktop notification using 'notify2'
[0.451s] DEBUG:colcon.colcon_core.event_reactor:joined thread
[0.452s] INFO:colcon.colcon_core.shell:Creating prefix script '/home/comrade/kshoonya_ws/install/local_setup.ps1'
[0.453s] INFO:colcon.colcon_core.shell:Creating prefix util module '/home/comrade/kshoonya_ws/install/_local_setup_util_ps1.py'
[0.453s] INFO:colcon.colcon_core.shell:Creating prefix chain script '/home/comrade/kshoonya_ws/install/setup.ps1'
[0.454s] INFO:colcon.colcon_core.shell:Creating prefix script '/home/comrade/kshoonya_ws/install/local_setup.sh'
[0.455s] INFO:colcon.colcon_core.shell:Creating prefix util module '/home/comrade/kshoonya_ws/install/_local_setup_util_sh.py'
[0.455s] INFO:colcon.colcon_core.shell:Creating prefix chain script '/home/comrade/kshoonya_ws/install/setup.sh'
[0.456s] INFO:colcon.colcon_core.shell:Creating prefix script '/home/comrade/kshoonya_ws/install/local_setup.bash'
[0.456s] INFO:colcon.colcon_core.shell:Creating prefix chain script '/home/comrade/kshoonya_ws/install/setup.bash'
[0.457s] INFO:colcon.colcon_core.shell:Creating prefix script '/home/comrade/kshoonya_ws/install/local_setup.zsh'
[0.457s] INFO:colcon.colcon_core.shell:Creating prefix chain script '/home/comrade/kshoonya_ws/install/setup.zsh'
