[0.203s] DEBUG:colcon:Command line arguments: ['/usr/bin/colcon', 'build', '--symlink-install']
[0.203s] DEBUG:colcon:Parsed command line arguments: Namespace(log_base=None, log_level=None, verb_name='build', build_base='build', install_base='install', merge_install=False, symlink_install=True, test_result_base=None, continue_on_error=False, executor='parallel', parallel_workers=16, event_handlers=None, ignore_user_meta=False, metas=['./colcon.meta'], base_paths=['.'], packages_ignore=None, packages_ignore_regex=None, paths=None, packages_up_to=None, packages_up_to_regex=None, packages_above=None, packages_above_and_dependencies=None, packages_above_depth=None, packages_select_by_dep=None, packages_skip_by_dep=None, packages_skip_up_to=None, packages_select_build_failed=False, packages_skip_build_finished=False, packages_select_test_failures=False, packages_skip_test_passed=False, packages_select=None, packages_skip=None, packages_select_regex=None, packages_skip_regex=None, packages_start=None, packages_end=None, allow_overriding=[], cmake_args=None, cmake_target=None, cmake_target_skip_unavailable=False, cmake_clean_cache=False, cmake_clean_first=False, cmake_force_configure=False, ament_cmake_args=None, catkin_cmake_args=None, catkin_skip_building_tests=False, verb_parser=<colcon_defaults.argument_parser.defaults.DefaultArgumentsDecorator object at 0x7f8db43e5fc0>, verb_extension=<colcon_core.verb.build.BuildVerb object at 0x7f8db43e5a50>, main=<bound method BuildVerb.main of <colcon_core.verb.build.BuildVerb object at 0x7f8db43e5a50>>)
[0.217s] Level 1:colcon.colcon_core.package_discovery:discover_packages(colcon_meta) check parameters
[0.217s] Level 1:colcon.colcon_core.package_discovery:discover_packages(recursive) check parameters
[0.217s] Level 1:colcon.colcon_core.package_discovery:discover_packages(ignore) check parameters
[0.217s] Level 1:colcon.colcon_core.package_discovery:discover_packages(path) check parameters
[0.217s] Level 1:colcon.colcon_core.package_discovery:discover_packages(colcon_meta) discover
[0.217s] Level 1:colcon.colcon_core.package_discovery:discover_packages(recursive) discover
[0.217s] INFO:colcon.colcon_core.package_discovery:Crawling recursively for packages in '/home/comrade/kshoonya_ws'
[0.217s] Level 1:colcon.colcon_core.package_identification:_identify(.) by extensions ['ignore', 'ignore_ament_install']
[0.218s] Level 1:colcon.colcon_core.package_identification:_identify(.) by extension 'ignore'
[0.218s] Level 1:colcon.colcon_core.package_identification:_identify(.) by extension 'ignore_ament_install'
[0.218s] Level 1:colcon.colcon_core.package_identification:_identify(.) by extensions ['colcon_pkg']
[0.218s] Level 1:colcon.colcon_core.package_identification:_identify(.) by extension 'colcon_pkg'
[0.218s] Level 1:colcon.colcon_core.package_identification:_identify(.) by extensions ['colcon_meta']
[0.218s] Level 1:colcon.colcon_core.package_identification:_identify(.) by extension 'colcon_meta'
[0.218s] Level 1:colcon.colcon_core.package_identification:_identify(.) by extensions ['ros']
[0.218s] Level 1:colcon.colcon_core.package_identification:_identify(.) by extension 'ros'
[0.225s] Level 1:colcon.colcon_core.package_identification:_identify(.) by extensions ['cmake', 'python']
[0.225s] Level 1:colcon.colcon_core.package_identification:_identify(.) by extension 'cmake'
[0.225s] Level 1:colcon.colcon_core.package_identification:_identify(.) by extension 'python'
[0.225s] Level 1:colcon.colcon_core.package_identification:_identify(.) by extensions ['python_setup_py']
[0.225s] Level 1:colcon.colcon_core.package_identification:_identify(.) by extension 'python_setup_py'
[0.225s] Level 1:colcon.colcon_core.package_identification:_identify(build) by extensions ['ignore', 'ignore_ament_install']
[0.225s] Level 1:colcon.colcon_core.package_identification:_identify(build) by extension 'ignore'
[0.225s] Level 1:colcon.colcon_core.package_identification:_identify(build) ignored
[0.225s] Level 1:colcon.colcon_core.package_identification:_identify(install) by extensions ['ignore', 'ignore_ament_install']
[0.225s] Level 1:colcon.colcon_core.package_identification:_identify(install) by extension 'ignore'
[0.225s] Level 1:colcon.colcon_core.package_identification:_identify(install) ignored
[0.225s] Level 1:colcon.colcon_core.package_identification:_identify(log) by extensions ['ignore', 'ignore_ament_install']
[0.225s] Level 1:colcon.colcon_core.package_identification:_identify(log) by extension 'ignore'
[0.225s] Level 1:colcon.colcon_core.package_identification:_identify(log) ignored
[0.225s] Level 1:colcon.colcon_core.package_identification:_identify(src) by extensions ['ignore', 'ignore_ament_install']
[0.225s] Level 1:colcon.colcon_core.package_identification:_identify(src) by extension 'ignore'
[0.225s] Level 1:colcon.colcon_core.package_identification:_identify(src) by extension 'ignore_ament_install'
[0.225s] Level 1:colcon.colcon_core.package_identification:_identify(src) by extensions ['colcon_pkg']
[0.225s] Level 1:colcon.colcon_core.package_identification:_identify(src) by extension 'colcon_pkg'
[0.225s] Level 1:colcon.colcon_core.package_identification:_identify(src) by extensions ['colcon_meta']
[0.225s] Level 1:colcon.colcon_core.package_identification:_identify(src) by extension 'colcon_meta'
[0.225s] Level 1:colcon.colcon_core.package_identification:_identify(src) by extensions ['ros']
[0.225s] Level 1:colcon.colcon_core.package_identification:_identify(src) by extension 'ros'
[0.226s] Level 1:colcon.colcon_core.package_identification:_identify(src) by extensions ['cmake', 'python']
[0.226s] Level 1:colcon.colcon_core.package_identification:_identify(src) by extension 'cmake'
[0.226s] Level 1:colcon.colcon_core.package_identification:_identify(src) by extension 'python'
[0.226s] Level 1:colcon.colcon_core.package_identification:_identify(src) by extensions ['python_setup_py']
[0.226s] Level 1:colcon.colcon_core.package_identification:_identify(src) by extension 'python_setup_py'
[0.226s] Level 1:colcon.colcon_core.package_identification:_identify(src/kshoonya_description) by extensions ['ignore', 'ignore_ament_install']
[0.226s] Level 1:colcon.colcon_core.package_identification:_identify(src/kshoonya_description) by extension 'ignore'
[0.226s] Level 1:colcon.colcon_core.package_identification:_identify(src/kshoonya_description) by extension 'ignore_ament_install'
[0.226s] Level 1:colcon.colcon_core.package_identification:_identify(src/kshoonya_description) by extensions ['colcon_pkg']
[0.226s] Level 1:colcon.colcon_core.package_identification:_identify(src/kshoonya_description) by extension 'colcon_pkg'
[0.226s] Level 1:colcon.colcon_core.package_identification:_identify(src/kshoonya_description) by extensions ['colcon_meta']
[0.226s] Level 1:colcon.colcon_core.package_identification:_identify(src/kshoonya_description) by extension 'colcon_meta'
[0.226s] Level 1:colcon.colcon_core.package_identification:_identify(src/kshoonya_description) by extensions ['ros']
[0.226s] Level 1:colcon.colcon_core.package_identification:_identify(src/kshoonya_description) by extension 'ros'
[0.227s] DEBUG:colcon.colcon_core.package_identification:Package 'src/kshoonya_description' with type 'ros.ament_cmake' and name 'kshoonya_description'
[0.227s] Level 1:colcon.colcon_core.package_identification:_identify(src/my_robot_bringup) by extensions ['ignore', 'ignore_ament_install']
[0.227s] Level 1:colcon.colcon_core.package_identification:_identify(src/my_robot_bringup) by extension 'ignore'
[0.227s] Level 1:colcon.colcon_core.package_identification:_identify(src/my_robot_bringup) by extension 'ignore_ament_install'
[0.227s] Level 1:colcon.colcon_core.package_identification:_identify(src/my_robot_bringup) by extensions ['colcon_pkg']
[0.227s] Level 1:colcon.colcon_core.package_identification:_identify(src/my_robot_bringup) by extension 'colcon_pkg'
[0.227s] Level 1:colcon.colcon_core.package_identification:_identify(src/my_robot_bringup) by extensions ['colcon_meta']
[0.227s] Level 1:colcon.colcon_core.package_identification:_identify(src/my_robot_bringup) by extension 'colcon_meta'
[0.227s] Level 1:colcon.colcon_core.package_identification:_identify(src/my_robot_bringup) by extensions ['ros']
[0.228s] Level 1:colcon.colcon_core.package_identification:_identify(src/my_robot_bringup) by extension 'ros'
[0.228s] DEBUG:colcon.colcon_core.package_identification:Package 'src/my_robot_bringup' with type 'ros.ament_cmake' and name 'my_robot_bringup'
[0.228s] Level 1:colcon.colcon_core.package_identification:_identify(src/my_robot_packages) by extensions ['ignore', 'ignore_ament_install']
[0.228s] Level 1:colcon.colcon_core.package_identification:_identify(src/my_robot_packages) by extension 'ignore'
[0.228s] Level 1:colcon.colcon_core.package_identification:_identify(src/my_robot_packages) by extension 'ignore_ament_install'
[0.228s] Level 1:colcon.colcon_core.package_identification:_identify(src/my_robot_packages) by extensions ['colcon_pkg']
[0.228s] Level 1:colcon.colcon_core.package_identification:_identify(src/my_robot_packages) by extension 'colcon_pkg'
[0.228s] Level 1:colcon.colcon_core.package_identification:_identify(src/my_robot_packages) by extensions ['colcon_meta']
[0.228s] Level 1:colcon.colcon_core.package_identification:_identify(src/my_robot_packages) by extension 'colcon_meta'
[0.228s] Level 1:colcon.colcon_core.package_identification:_identify(src/my_robot_packages) by extensions ['ros']
[0.228s] Level 1:colcon.colcon_core.package_identification:_identify(src/my_robot_packages) by extension 'ros'
[0.228s] DEBUG:colcon.colcon_core.package_identification:Package 'src/my_robot_packages' with type 'ros.ament_python' and name 'my_robot_packages'
[0.228s] Level 1:colcon.colcon_core.package_discovery:discover_packages(recursive) using defaults
[0.228s] Level 1:colcon.colcon_core.package_discovery:discover_packages(ignore) discover
[0.228s] Level 1:colcon.colcon_core.package_discovery:discover_packages(ignore) using defaults
[0.228s] Level 1:colcon.colcon_core.package_discovery:discover_packages(path) discover
[0.229s] Level 1:colcon.colcon_core.package_discovery:discover_packages(path) using defaults
[0.242s] Level 1:colcon.colcon_core.package_discovery:discover_packages(prefix_path) check parameters
[0.243s] Level 1:colcon.colcon_core.package_discovery:discover_packages(prefix_path) discover
[0.244s] DEBUG:colcon.colcon_installed_package_information.package_discovery:Found 3 installed packages in /home/comrade/kshoonya_ws/install
[0.245s] DEBUG:colcon.colcon_installed_package_information.package_discovery:Found 4 installed packages in /home/comrade/ros2_ws/install
[0.246s] DEBUG:colcon.colcon_installed_package_information.package_discovery:Found 337 installed packages in /opt/ros/iron
[0.247s] Level 1:colcon.colcon_core.package_discovery:discover_packages(prefix_path) using defaults
[0.278s] Level 5:colcon.colcon_core.verb:set package 'kshoonya_description' build argument 'cmake_args' from command line to 'None'
[0.278s] Level 5:colcon.colcon_core.verb:set package 'kshoonya_description' build argument 'cmake_target' from command line to 'None'
[0.278s] Level 5:colcon.colcon_core.verb:set package 'kshoonya_description' build argument 'cmake_target_skip_unavailable' from command line to 'False'
[0.278s] Level 5:colcon.colcon_core.verb:set package 'kshoonya_description' build argument 'cmake_clean_cache' from command line to 'False'
[0.278s] Level 5:colcon.colcon_core.verb:set package 'kshoonya_description' build argument 'cmake_clean_first' from command line to 'False'
[0.278s] Level 5:colcon.colcon_core.verb:set package 'kshoonya_description' build argument 'cmake_force_configure' from command line to 'False'
[0.278s] Level 5:colcon.colcon_core.verb:set package 'kshoonya_description' build argument 'ament_cmake_args' from command line to 'None'
[0.278s] Level 5:colcon.colcon_core.verb:set package 'kshoonya_description' build argument 'catkin_cmake_args' from command line to 'None'
[0.278s] Level 5:colcon.colcon_core.verb:set package 'kshoonya_description' build argument 'catkin_skip_building_tests' from command line to 'False'
[0.278s] DEBUG:colcon.colcon_core.verb:Building package 'kshoonya_description' with the following arguments: {'ament_cmake_args': None, 'build_base': '/home/comrade/kshoonya_ws/build/kshoonya_description', 'catkin_cmake_args': None, 'catkin_skip_building_tests': False, 'cmake_args': None, 'cmake_clean_cache': False, 'cmake_clean_first': False, 'cmake_force_configure': False, 'cmake_target': None, 'cmake_target_skip_unavailable': False, 'install_base': '/home/comrade/kshoonya_ws/install/kshoonya_description', 'merge_install': False, 'path': '/home/comrade/kshoonya_ws/src/kshoonya_description', 'symlink_install': True, 'test_result_base': None}
[0.279s] Level 5:colcon.colcon_core.verb:set package 'my_robot_packages' build argument 'cmake_args' from command line to 'None'
[0.279s] Level 5:colcon.colcon_core.verb:set package 'my_robot_packages' build argument 'cmake_target' from command line to 'None'
[0.279s] Level 5:colcon.colcon_core.verb:set package 'my_robot_packages' build argument 'cmake_target_skip_unavailable' from command line to 'False'
[0.279s] Level 5:colcon.colcon_core.verb:set package 'my_robot_packages' build argument 'cmake_clean_cache' from command line to 'False'
[0.279s] Level 5:colcon.colcon_core.verb:set package 'my_robot_packages' build argument 'cmake_clean_first' from command line to 'False'
[0.279s] Level 5:colcon.colcon_core.verb:set package 'my_robot_packages' build argument 'cmake_force_configure' from command line to 'False'
[0.279s] Level 5:colcon.colcon_core.verb:set package 'my_robot_packages' build argument 'ament_cmake_args' from command line to 'None'
[0.279s] Level 5:colcon.colcon_core.verb:set package 'my_robot_packages' build argument 'catkin_cmake_args' from command line to 'None'
[0.279s] Level 5:colcon.colcon_core.verb:set package 'my_robot_packages' build argument 'catkin_skip_building_tests' from command line to 'False'
[0.279s] DEBUG:colcon.colcon_core.verb:Building package 'my_robot_packages' with the following arguments: {'ament_cmake_args': None, 'build_base': '/home/comrade/kshoonya_ws/build/my_robot_packages', 'catkin_cmake_args': None, 'catkin_skip_building_tests': False, 'cmake_args': None, 'cmake_clean_cache': False, 'cmake_clean_first': False, 'cmake_force_configure': False, 'cmake_target': None, 'cmake_target_skip_unavailable': False, 'install_base': '/home/comrade/kshoonya_ws/install/my_robot_packages', 'merge_install': False, 'path': '/home/comrade/kshoonya_ws/src/my_robot_packages', 'symlink_install': True, 'test_result_base': None}
[0.280s] Level 5:colcon.colcon_core.verb:set package 'my_robot_bringup' build argument 'cmake_args' from command line to 'None'
[0.280s] Level 5:colcon.colcon_core.verb:set package 'my_robot_bringup' build argument 'cmake_target' from command line to 'None'
[0.280s] Level 5:colcon.colcon_core.verb:set package 'my_robot_bringup' build argument 'cmake_target_skip_unavailable' from command line to 'False'
[0.280s] Level 5:colcon.colcon_core.verb:set package 'my_robot_bringup' build argument 'cmake_clean_cache' from command line to 'False'
[0.280s] Level 5:colcon.colcon_core.verb:set package 'my_robot_bringup' build argument 'cmake_clean_first' from command line to 'False'
[0.280s] Level 5:colcon.colcon_core.verb:set package 'my_robot_bringup' build argument 'cmake_force_configure' from command line to 'False'
[0.280s] Level 5:colcon.colcon_core.verb:set package 'my_robot_bringup' build argument 'ament_cmake_args' from command line to 'None'
[0.280s] Level 5:colcon.colcon_core.verb:set package 'my_robot_bringup' build argument 'catkin_cmake_args' from command line to 'None'
[0.280s] Level 5:colcon.colcon_core.verb:set package 'my_robot_bringup' build argument 'catkin_skip_building_tests' from command line to 'False'
[0.280s] DEBUG:colcon.colcon_core.verb:Building package 'my_robot_bringup' with the following arguments: {'ament_cmake_args': None, 'build_base': '/home/comrade/kshoonya_ws/build/my_robot_bringup', 'catkin_cmake_args': None, 'catkin_skip_building_tests': False, 'cmake_args': None, 'cmake_clean_cache': False, 'cmake_clean_first': False, 'cmake_force_configure': False, 'cmake_target': None, 'cmake_target_skip_unavailable': False, 'install_base': '/home/comrade/kshoonya_ws/install/my_robot_bringup', 'merge_install': False, 'path': '/home/comrade/kshoonya_ws/src/my_robot_bringup', 'symlink_install': True, 'test_result_base': None}
[0.280s] INFO:colcon.colcon_core.executor:Executing jobs using 'parallel' executor
[0.282s] DEBUG:colcon.colcon_parallel_executor.executor.parallel:run_until_complete
[0.282s] INFO:colcon.colcon_ros.task.ament_cmake.build:Building ROS package in '/home/comrade/kshoonya_ws/src/kshoonya_description' with build type 'ament_cmake'
[0.282s] INFO:colcon.colcon_cmake.task.cmake.build:Building CMake package in '/home/comrade/kshoonya_ws/src/kshoonya_description'
[0.285s] INFO:colcon.colcon_core.plugin_system:Skipping extension 'colcon_core.shell.bat': Not used on non-Windows systems
[0.285s] INFO:colcon.colcon_core.shell:Skip shell extension 'powershell' for command environment: Not usable outside of PowerShell
[0.285s] DEBUG:colcon.colcon_core.shell:Skip shell extension 'dsv' for command environment
[0.288s] INFO:colcon.colcon_ros.task.ament_python.build:Building ROS package in '/home/comrade/kshoonya_ws/src/my_robot_packages' with build type 'ament_python'
[0.288s] Level 1:colcon.colcon_core.shell:create_environment_hook('my_robot_packages', 'ament_prefix_path')
[0.289s] INFO:colcon.colcon_core.shell:Creating environment hook '/home/comrade/kshoonya_ws/install/my_robot_packages/share/my_robot_packages/hook/ament_prefix_path.ps1'
[0.290s] INFO:colcon.colcon_core.shell:Creating environment descriptor '/home/comrade/kshoonya_ws/install/my_robot_packages/share/my_robot_packages/hook/ament_prefix_path.dsv'
[0.290s] INFO:colcon.colcon_core.shell:Creating environment hook '/home/comrade/kshoonya_ws/install/my_robot_packages/share/my_robot_packages/hook/ament_prefix_path.sh'
[0.291s] INFO:colcon.colcon_core.shell:Skip shell extension 'powershell' for command environment: Not usable outside of PowerShell
[0.291s] DEBUG:colcon.colcon_core.shell:Skip shell extension 'dsv' for command environment
[0.298s] DEBUG:colcon.colcon_core.event_handler.log_command:Invoking command in '/home/comrade/kshoonya_ws/build/kshoonya_description': CMAKE_PREFIX_PATH=${CMAKE_PREFIX_PATH}:/home/comrade/kshoonya_ws/install/my_robot_packages:/home/comrade/ros2_ws/install/py_pkg:/opt/ros/iron /usr/bin/cmake --build /home/comrade/kshoonya_ws/build/kshoonya_description -- -j16 -l16
[0.462s] INFO:colcon.colcon_core.task.python.build:Building Python package in '/home/comrade/kshoonya_ws/src/my_robot_packages'
[0.463s] INFO:colcon.colcon_core.shell:Skip shell extension 'powershell' for command environment: Not usable outside of PowerShell
[0.463s] DEBUG:colcon.colcon_core.shell:Skip shell extension 'dsv' for command environment
[0.467s] DEBUG:colcon.colcon_core.event_handler.log_command:Invoked command in '/home/comrade/kshoonya_ws/build/kshoonya_description' returned '0': CMAKE_PREFIX_PATH=${CMAKE_PREFIX_PATH}:/home/comrade/kshoonya_ws/install/my_robot_packages:/home/comrade/ros2_ws/install/py_pkg:/opt/ros/iron /usr/bin/cmake --build /home/comrade/kshoonya_ws/build/kshoonya_description -- -j16 -l16
[0.486s] DEBUG:colcon.colcon_core.event_handler.log_command:Invoking command in '/home/comrade/kshoonya_ws/build/kshoonya_description': CMAKE_PREFIX_PATH=${CMAKE_PREFIX_PATH}:/home/comrade/kshoonya_ws/install/my_robot_packages:/home/comrade/ros2_ws/install/py_pkg:/opt/ros/iron /usr/bin/cmake --install /home/comrade/kshoonya_ws/build/kshoonya_description
[0.501s] Level 1:colcon.colcon_core.environment:create_environment_scripts_only(kshoonya_description)
[0.502s] DEBUG:colcon.colcon_core.event_handler.log_command:Invoked command in '/home/comrade/kshoonya_ws/build/kshoonya_description' returned '0': CMAKE_PREFIX_PATH=${CMAKE_PREFIX_PATH}:/home/comrade/kshoonya_ws/install/my_robot_packages:/home/comrade/ros2_ws/install/py_pkg:/opt/ros/iron /usr/bin/cmake --install /home/comrade/kshoonya_ws/build/kshoonya_description
[0.504s] Level 1:colcon.colcon_core.environment:checking '/home/comrade/kshoonya_ws/install/kshoonya_description' for CMake module files
[0.505s] Level 1:colcon.colcon_core.environment:checking '/home/comrade/kshoonya_ws/install/kshoonya_description' for CMake config files
[0.505s] Level 1:colcon.colcon_core.shell:create_environment_hook('kshoonya_description', 'cmake_prefix_path')
[0.506s] INFO:colcon.colcon_core.shell:Creating environment hook '/home/comrade/kshoonya_ws/install/kshoonya_description/share/kshoonya_description/hook/cmake_prefix_path.ps1'
[0.506s] INFO:colcon.colcon_core.shell:Creating environment descriptor '/home/comrade/kshoonya_ws/install/kshoonya_description/share/kshoonya_description/hook/cmake_prefix_path.dsv'
[0.506s] INFO:colcon.colcon_core.shell:Creating environment hook '/home/comrade/kshoonya_ws/install/kshoonya_description/share/kshoonya_description/hook/cmake_prefix_path.sh'
[0.506s] Level 1:colcon.colcon_core.environment:checking '/home/comrade/kshoonya_ws/install/kshoonya_description/bin'
[0.506s] Level 1:colcon.colcon_core.environment:checking '/home/comrade/kshoonya_ws/install/kshoonya_description/lib/pkgconfig/kshoonya_description.pc'
[0.507s] Level 1:colcon.colcon_core.environment:checking '/home/comrade/kshoonya_ws/install/kshoonya_description/lib/python3.10/site-packages'
[0.507s] Level 1:colcon.colcon_core.environment:checking '/home/comrade/kshoonya_ws/install/kshoonya_description/bin'
[0.507s] INFO:colcon.colcon_core.shell:Creating package script '/home/comrade/kshoonya_ws/install/kshoonya_description/share/kshoonya_description/package.ps1'
[0.508s] INFO:colcon.colcon_core.shell:Creating package descriptor '/home/comrade/kshoonya_ws/install/kshoonya_description/share/kshoonya_description/package.dsv'
[0.508s] INFO:colcon.colcon_core.shell:Creating package script '/home/comrade/kshoonya_ws/install/kshoonya_description/share/kshoonya_description/package.sh'
[0.509s] INFO:colcon.colcon_core.shell:Creating package script '/home/comrade/kshoonya_ws/install/kshoonya_description/share/kshoonya_description/package.bash'
[0.509s] INFO:colcon.colcon_core.shell:Creating package script '/home/comrade/kshoonya_ws/install/kshoonya_description/share/kshoonya_description/package.zsh'
[0.509s] Level 1:colcon.colcon_core.environment:create_file_with_runtime_dependencies(/home/comrade/kshoonya_ws/install/kshoonya_description/share/colcon-core/packages/kshoonya_description)
[0.523s] Level 1:colcon.colcon_core.environment:create_environment_scripts_only(kshoonya_description)
[0.525s] Level 1:colcon.colcon_core.environment:checking '/home/comrade/kshoonya_ws/install/kshoonya_description' for CMake module files
[0.525s] Level 1:colcon.colcon_core.environment:checking '/home/comrade/kshoonya_ws/install/kshoonya_description' for CMake config files
[0.525s] Level 1:colcon.colcon_core.shell:create_environment_hook('kshoonya_description', 'cmake_prefix_path')
[0.526s] INFO:colcon.colcon_core.shell:Creating environment hook '/home/comrade/kshoonya_ws/install/kshoonya_description/share/kshoonya_description/hook/cmake_prefix_path.ps1'
[0.526s] INFO:colcon.colcon_core.shell:Creating environment descriptor '/home/comrade/kshoonya_ws/install/kshoonya_description/share/kshoonya_description/hook/cmake_prefix_path.dsv'
[0.526s] INFO:colcon.colcon_core.shell:Creating environment hook '/home/comrade/kshoonya_ws/install/kshoonya_description/share/kshoonya_description/hook/cmake_prefix_path.sh'
[0.527s] Level 1:colcon.colcon_core.environment:checking '/home/comrade/kshoonya_ws/install/kshoonya_description/bin'
[0.527s] Level 1:colcon.colcon_core.environment:checking '/home/comrade/kshoonya_ws/install/kshoonya_description/lib/pkgconfig/kshoonya_description.pc'
[0.527s] Level 1:colcon.colcon_core.environment:checking '/home/comrade/kshoonya_ws/install/kshoonya_description/lib/python3.10/site-packages'
[0.527s] Level 1:colcon.colcon_core.environment:checking '/home/comrade/kshoonya_ws/install/kshoonya_description/bin'
[0.528s] INFO:colcon.colcon_core.shell:Creating package script '/home/comrade/kshoonya_ws/install/kshoonya_description/share/kshoonya_description/package.ps1'
[0.528s] INFO:colcon.colcon_core.shell:Creating package descriptor '/home/comrade/kshoonya_ws/install/kshoonya_description/share/kshoonya_description/package.dsv'
[0.528s] INFO:colcon.colcon_core.shell:Creating package script '/home/comrade/kshoonya_ws/install/kshoonya_description/share/kshoonya_description/package.sh'
[0.528s] INFO:colcon.colcon_core.shell:Creating package script '/home/comrade/kshoonya_ws/install/kshoonya_description/share/kshoonya_description/package.bash'
[0.529s] INFO:colcon.colcon_core.shell:Creating package script '/home/comrade/kshoonya_ws/install/kshoonya_description/share/kshoonya_description/package.zsh'
[0.529s] Level 1:colcon.colcon_core.environment:create_file_with_runtime_dependencies(/home/comrade/kshoonya_ws/install/kshoonya_description/share/colcon-core/packages/kshoonya_description)
[0.529s] INFO:colcon.colcon_ros.task.ament_cmake.build:Building ROS package in '/home/comrade/kshoonya_ws/src/my_robot_bringup' with build type 'ament_cmake'
[0.529s] INFO:colcon.colcon_cmake.task.cmake.build:Building CMake package in '/home/comrade/kshoonya_ws/src/my_robot_bringup'
[0.530s] INFO:colcon.colcon_core.shell:Skip shell extension 'powershell' for command environment: Not usable outside of PowerShell
[0.530s] DEBUG:colcon.colcon_core.shell:Skip shell extension 'dsv' for command environment
[0.537s] DEBUG:colcon.colcon_core.event_handler.log_command:Invoking command in '/home/comrade/kshoonya_ws/build/my_robot_bringup': CMAKE_PREFIX_PATH=/home/comrade/kshoonya_ws/install/kshoonya_description:/home/comrade/kshoonya_ws/install/my_robot_bringup:/home/comrade/ros2_ws/install/my_robot_bringup:/home/comrade/ros2_ws/install/my_robot_interfaces:/home/comrade/ros2_ws/install/cpp_pubsub:/home/comrade/kshoonya_ws/install/my_robot_packages:/home/comrade/ros2_ws/install/py_pkg:/opt/ros/iron /usr/bin/cmake --build /home/comrade/kshoonya_ws/build/my_robot_bringup -- -j16 -l16
[0.562s] DEBUG:colcon.colcon_core.event_handler.log_command:Invoked command in '/home/comrade/kshoonya_ws/build/my_robot_bringup' returned '0': CMAKE_PREFIX_PATH=/home/comrade/kshoonya_ws/install/kshoonya_description:/home/comrade/kshoonya_ws/install/my_robot_bringup:/home/comrade/ros2_ws/install/my_robot_bringup:/home/comrade/ros2_ws/install/my_robot_interfaces:/home/comrade/ros2_ws/install/cpp_pubsub:/home/comrade/kshoonya_ws/install/my_robot_packages:/home/comrade/ros2_ws/install/py_pkg:/opt/ros/iron /usr/bin/cmake --build /home/comrade/kshoonya_ws/build/my_robot_bringup -- -j16 -l16
[0.575s] DEBUG:colcon.colcon_core.event_handler.log_command:Invoking command in '/home/comrade/kshoonya_ws/build/my_robot_bringup': CMAKE_PREFIX_PATH=/home/comrade/kshoonya_ws/install/kshoonya_description:/home/comrade/kshoonya_ws/install/my_robot_bringup:/home/comrade/ros2_ws/install/my_robot_bringup:/home/comrade/ros2_ws/install/my_robot_interfaces:/home/comrade/ros2_ws/install/cpp_pubsub:/home/comrade/kshoonya_ws/install/my_robot_packages:/home/comrade/ros2_ws/install/py_pkg:/opt/ros/iron /usr/bin/cmake --install /home/comrade/kshoonya_ws/build/my_robot_bringup
[0.588s] Level 1:colcon.colcon_core.environment:create_environment_scripts_only(my_robot_bringup)
[0.588s] DEBUG:colcon.colcon_core.event_handler.log_command:Invoked command in '/home/comrade/kshoonya_ws/build/my_robot_bringup' returned '0': CMAKE_PREFIX_PATH=/home/comrade/kshoonya_ws/install/kshoonya_description:/home/comrade/kshoonya_ws/install/my_robot_bringup:/home/comrade/ros2_ws/install/my_robot_bringup:/home/comrade/ros2_ws/install/my_robot_interfaces:/home/comrade/ros2_ws/install/cpp_pubsub:/home/comrade/kshoonya_ws/install/my_robot_packages:/home/comrade/ros2_ws/install/py_pkg:/opt/ros/iron /usr/bin/cmake --install /home/comrade/kshoonya_ws/build/my_robot_bringup
[0.590s] Level 1:colcon.colcon_core.environment:checking '/home/comrade/kshoonya_ws/install/my_robot_bringup' for CMake module files
[0.590s] Level 1:colcon.colcon_core.environment:checking '/home/comrade/kshoonya_ws/install/my_robot_bringup' for CMake config files
[0.590s] Level 1:colcon.colcon_core.shell:create_environment_hook('my_robot_bringup', 'cmake_prefix_path')
[0.591s] INFO:colcon.colcon_core.shell:Creating environment hook '/home/comrade/kshoonya_ws/install/my_robot_bringup/share/my_robot_bringup/hook/cmake_prefix_path.ps1'
[0.591s] INFO:colcon.colcon_core.shell:Creating environment descriptor '/home/comrade/kshoonya_ws/install/my_robot_bringup/share/my_robot_bringup/hook/cmake_prefix_path.dsv'
[0.591s] INFO:colcon.colcon_core.shell:Creating environment hook '/home/comrade/kshoonya_ws/install/my_robot_bringup/share/my_robot_bringup/hook/cmake_prefix_path.sh'
[0.592s] Level 1:colcon.colcon_core.environment:checking '/home/comrade/kshoonya_ws/install/my_robot_bringup/bin'
[0.592s] Level 1:colcon.colcon_core.environment:checking '/home/comrade/kshoonya_ws/install/my_robot_bringup/lib/pkgconfig/my_robot_bringup.pc'
[0.592s] Level 1:colcon.colcon_core.environment:checking '/home/comrade/kshoonya_ws/install/my_robot_bringup/lib/python3.10/site-packages'
[0.592s] Level 1:colcon.colcon_core.environment:checking '/home/comrade/kshoonya_ws/install/my_robot_bringup/bin'
[0.593s] INFO:colcon.colcon_core.shell:Creating package script '/home/comrade/kshoonya_ws/install/my_robot_bringup/share/my_robot_bringup/package.ps1'
[0.593s] INFO:colcon.colcon_core.shell:Creating package descriptor '/home/comrade/kshoonya_ws/install/my_robot_bringup/share/my_robot_bringup/package.dsv'
[0.593s] INFO:colcon.colcon_core.shell:Creating package script '/home/comrade/kshoonya_ws/install/my_robot_bringup/share/my_robot_bringup/package.sh'
[0.593s] INFO:colcon.colcon_core.shell:Creating package script '/home/comrade/kshoonya_ws/install/my_robot_bringup/share/my_robot_bringup/package.bash'
[0.593s] INFO:colcon.colcon_core.shell:Creating package script '/home/comrade/kshoonya_ws/install/my_robot_bringup/share/my_robot_bringup/package.zsh'
[0.594s] Level 1:colcon.colcon_core.environment:create_file_with_runtime_dependencies(/home/comrade/kshoonya_ws/install/my_robot_bringup/share/colcon-core/packages/my_robot_bringup)
[0.608s] Level 1:colcon.colcon_core.environment:create_environment_scripts_only(my_robot_bringup)
[0.609s] Level 1:colcon.colcon_core.environment:checking '/home/comrade/kshoonya_ws/install/my_robot_bringup' for CMake module files
[0.609s] Level 1:colcon.colcon_core.environment:checking '/home/comrade/kshoonya_ws/install/my_robot_bringup' for CMake config files
[0.610s] Level 1:colcon.colcon_core.shell:create_environment_hook('my_robot_bringup', 'cmake_prefix_path')
[0.610s] INFO:colcon.colcon_core.shell:Creating environment hook '/home/comrade/kshoonya_ws/install/my_robot_bringup/share/my_robot_bringup/hook/cmake_prefix_path.ps1'
[0.610s] INFO:colcon.colcon_core.shell:Creating environment descriptor '/home/comrade/kshoonya_ws/install/my_robot_bringup/share/my_robot_bringup/hook/cmake_prefix_path.dsv'
[0.611s] INFO:colcon.colcon_core.shell:Creating environment hook '/home/comrade/kshoonya_ws/install/my_robot_bringup/share/my_robot_bringup/hook/cmake_prefix_path.sh'
[0.611s] Level 1:colcon.colcon_core.environment:checking '/home/comrade/kshoonya_ws/install/my_robot_bringup/bin'
[0.611s] Level 1:colcon.colcon_core.environment:checking '/home/comrade/kshoonya_ws/install/my_robot_bringup/lib/pkgconfig/my_robot_bringup.pc'
[0.611s] Level 1:colcon.colcon_core.environment:checking '/home/comrade/kshoonya_ws/install/my_robot_bringup/lib/python3.10/site-packages'
[0.611s] Level 1:colcon.colcon_core.environment:checking '/home/comrade/kshoonya_ws/install/my_robot_bringup/bin'
[0.612s] INFO:colcon.colcon_core.shell:Creating package script '/home/comrade/kshoonya_ws/install/my_robot_bringup/share/my_robot_bringup/package.ps1'
[0.612s] INFO:colcon.colcon_core.shell:Creating package descriptor '/home/comrade/kshoonya_ws/install/my_robot_bringup/share/my_robot_bringup/package.dsv'
[0.613s] INFO:colcon.colcon_core.shell:Creating package script '/home/comrade/kshoonya_ws/install/my_robot_bringup/share/my_robot_bringup/package.sh'
[0.613s] INFO:colcon.colcon_core.shell:Creating package script '/home/comrade/kshoonya_ws/install/my_robot_bringup/share/my_robot_bringup/package.bash'
[0.613s] INFO:colcon.colcon_core.shell:Creating package script '/home/comrade/kshoonya_ws/install/my_robot_bringup/share/my_robot_bringup/package.zsh'
[0.613s] Level 1:colcon.colcon_core.environment:create_file_with_runtime_dependencies(/home/comrade/kshoonya_ws/install/my_robot_bringup/share/colcon-core/packages/my_robot_bringup)
[0.694s] DEBUG:colcon.colcon_core.event_handler.log_command:Invoking command in '/home/comrade/kshoonya_ws/build/my_robot_packages': PYTHONPATH=/home/comrade/kshoonya_ws/build/my_robot_packages/prefix_override:/home/comrade/kshoonya_ws/install/my_robot_packages/lib/python3.10/site-packages:${PYTHONPATH} /usr/bin/python3 setup.py develop --editable --build-directory /home/comrade/kshoonya_ws/build/my_robot_packages/build --no-deps install_data
[0.974s] Level 1:colcon.colcon_core.shell:create_environment_hook('my_robot_packages', 'pythonpath_develop')
[0.974s] INFO:colcon.colcon_core.shell:Creating environment hook '/home/comrade/kshoonya_ws/build/my_robot_packages/share/my_robot_packages/hook/pythonpath_develop.ps1'
[0.975s] DEBUG:colcon.colcon_core.event_handler.log_command:Invoked command in '/home/comrade/kshoonya_ws/build/my_robot_packages' returned '0': PYTHONPATH=/home/comrade/kshoonya_ws/build/my_robot_packages/prefix_override:/home/comrade/kshoonya_ws/install/my_robot_packages/lib/python3.10/site-packages:${PYTHONPATH} /usr/bin/python3 setup.py develop --editable --build-directory /home/comrade/kshoonya_ws/build/my_robot_packages/build --no-deps install_data
[0.975s] INFO:colcon.colcon_core.shell:Creating environment descriptor '/home/comrade/kshoonya_ws/build/my_robot_packages/share/my_robot_packages/hook/pythonpath_develop.dsv'
[0.975s] INFO:colcon.colcon_core.shell:Creating environment hook '/home/comrade/kshoonya_ws/build/my_robot_packages/share/my_robot_packages/hook/pythonpath_develop.sh'
[0.976s] Level 1:colcon.colcon_core.environment:checking '/home/comrade/kshoonya_ws/install/my_robot_packages' for CMake module files
[0.977s] Level 1:colcon.colcon_core.environment:checking '/home/comrade/kshoonya_ws/install/my_robot_packages' for CMake config files
[0.977s] Level 1:colcon.colcon_core.environment:checking '/home/comrade/kshoonya_ws/install/my_robot_packages/lib'
[0.977s] Level 1:colcon.colcon_core.environment:checking '/home/comrade/kshoonya_ws/install/my_robot_packages/bin'
[0.977s] Level 1:colcon.colcon_core.environment:checking '/home/comrade/kshoonya_ws/install/my_robot_packages/lib/pkgconfig/my_robot_packages.pc'
[0.977s] Level 1:colcon.colcon_core.environment:checking '/home/comrade/kshoonya_ws/install/my_robot_packages/lib/python3.10/site-packages'
[0.977s] Level 1:colcon.colcon_core.shell:create_environment_hook('my_robot_packages', 'pythonpath')
[0.978s] INFO:colcon.colcon_core.shell:Creating environment hook '/home/comrade/kshoonya_ws/install/my_robot_packages/share/my_robot_packages/hook/pythonpath.ps1'
[0.978s] INFO:colcon.colcon_core.shell:Creating environment descriptor '/home/comrade/kshoonya_ws/install/my_robot_packages/share/my_robot_packages/hook/pythonpath.dsv'
[0.978s] INFO:colcon.colcon_core.shell:Creating environment hook '/home/comrade/kshoonya_ws/install/my_robot_packages/share/my_robot_packages/hook/pythonpath.sh'
[0.979s] Level 1:colcon.colcon_core.environment:checking '/home/comrade/kshoonya_ws/install/my_robot_packages/bin'
[0.979s] Level 1:colcon.colcon_core.environment:create_environment_scripts_only(my_robot_packages)
[0.979s] INFO:colcon.colcon_core.shell:Creating package script '/home/comrade/kshoonya_ws/install/my_robot_packages/share/my_robot_packages/package.ps1'
[0.980s] INFO:colcon.colcon_core.shell:Creating package descriptor '/home/comrade/kshoonya_ws/install/my_robot_packages/share/my_robot_packages/package.dsv'
[0.980s] INFO:colcon.colcon_core.shell:Creating package script '/home/comrade/kshoonya_ws/install/my_robot_packages/share/my_robot_packages/package.sh'
[0.980s] INFO:colcon.colcon_core.shell:Creating package script '/home/comrade/kshoonya_ws/install/my_robot_packages/share/my_robot_packages/package.bash'
[0.980s] INFO:colcon.colcon_core.shell:Creating package script '/home/comrade/kshoonya_ws/install/my_robot_packages/share/my_robot_packages/package.zsh'
[0.981s] Level 1:colcon.colcon_core.environment:create_file_with_runtime_dependencies(/home/comrade/kshoonya_ws/install/my_robot_packages/share/colcon-core/packages/my_robot_packages)
[0.981s] DEBUG:colcon.colcon_parallel_executor.executor.parallel:closing loop
[0.981s] DEBUG:colcon.colcon_parallel_executor.executor.parallel:loop closed
[0.981s] DEBUG:colcon.colcon_parallel_executor.executor.parallel:run_until_complete finished with '0'
[0.981s] DEBUG:colcon.colcon_core.event_reactor:joining thread
[0.984s] INFO:colcon.colcon_core.plugin_system:Skipping extension 'colcon_notification.desktop_notification.terminal_notifier': Not used on non-Darwin systems
[0.984s] INFO:colcon.colcon_core.plugin_system:Skipping extension 'colcon_notification.desktop_notification.win32': Not used on non-Windows systems
[0.984s] INFO:colcon.colcon_notification.desktop_notification:Sending desktop notification using 'notify2'
[0.992s] DEBUG:colcon.colcon_core.event_reactor:joined thread
[0.993s] INFO:colcon.colcon_core.shell:Creating prefix script '/home/comrade/kshoonya_ws/install/local_setup.ps1'
[0.994s] INFO:colcon.colcon_core.shell:Creating prefix util module '/home/comrade/kshoonya_ws/install/_local_setup_util_ps1.py'
[0.995s] INFO:colcon.colcon_core.shell:Creating prefix chain script '/home/comrade/kshoonya_ws/install/setup.ps1'
[0.996s] INFO:colcon.colcon_core.shell:Creating prefix script '/home/comrade/kshoonya_ws/install/local_setup.sh'
[0.996s] INFO:colcon.colcon_core.shell:Creating prefix util module '/home/comrade/kshoonya_ws/install/_local_setup_util_sh.py'
[0.996s] INFO:colcon.colcon_core.shell:Creating prefix chain script '/home/comrade/kshoonya_ws/install/setup.sh'
[0.997s] INFO:colcon.colcon_core.shell:Creating prefix script '/home/comrade/kshoonya_ws/install/local_setup.bash'
[0.998s] INFO:colcon.colcon_core.shell:Creating prefix chain script '/home/comrade/kshoonya_ws/install/setup.bash'
[0.998s] INFO:colcon.colcon_core.shell:Creating prefix script '/home/comrade/kshoonya_ws/install/local_setup.zsh'
[0.999s] INFO:colcon.colcon_core.shell:Creating prefix chain script '/home/comrade/kshoonya_ws/install/setup.zsh'
