[0.010s] Invoking command in '/home/comrade/kshoonya_ws/build/kshoonya_description': CMAKE_PREFIX_PATH=${CMAKE_PREFIX_PATH}:/home/comrade/ros2_ws/install/py_pkg:/opt/ros/iron /usr/bin/cmake /home/comrade/kshoonya_ws/src/kshoonya_description -DAMENT_CMAKE_SYMLINK_INSTALL=1 -DCMAKE_INSTALL_PREFIX=/home/comrade/kshoonya_ws/install/kshoonya_description
[0.024s] -- Found ament_cmake: 2.0.3 (/opt/ros/iron/share/ament_cmake/cmake)
[0.116s] -- Override CMake install command with custom implementation using symlinks instead of copying resources
[0.169s] -- Configuring done
[0.172s] -- Generating done
[0.172s] -- Build files have been written to: /home/comrade/kshoonya_ws/build/kshoonya_description
[0.174s] Invoked command in '/home/comrade/kshoonya_ws/build/kshoonya_description' returned '0': CMAKE_PREFIX_PATH=${CMAKE_PREFIX_PATH}:/home/comrade/ros2_ws/install/py_pkg:/opt/ros/iron /usr/bin/cmake /home/comrade/kshoonya_ws/src/kshoonya_description -DAMENT_CMAKE_SYMLINK_INSTALL=1 -DCMAKE_INSTALL_PREFIX=/home/comrade/kshoonya_ws/install/kshoonya_description
[0.176s] Invoking command in '/home/comrade/kshoonya_ws/build/kshoonya_description': CMAKE_PREFIX_PATH=${CMAKE_PREFIX_PATH}:/home/comrade/ros2_ws/install/py_pkg:/opt/ros/iron /usr/bin/cmake --build /home/comrade/kshoonya_ws/build/kshoonya_description -- -j16 -l16
[0.197s] Invoked command in '/home/comrade/kshoonya_ws/build/kshoonya_description' returned '0': CMAKE_PREFIX_PATH=${CMAKE_PREFIX_PATH}:/home/comrade/ros2_ws/install/py_pkg:/opt/ros/iron /usr/bin/cmake --build /home/comrade/kshoonya_ws/build/kshoonya_description -- -j16 -l16
[0.215s] Invoking command in '/home/comrade/kshoonya_ws/build/kshoonya_description': CMAKE_PREFIX_PATH=${CMAKE_PREFIX_PATH}:/home/comrade/ros2_ws/install/py_pkg:/opt/ros/iron /usr/bin/cmake --install /home/comrade/kshoonya_ws/build/kshoonya_description
[0.219s] -- Install configuration: ""
[0.219s] -- Execute custom install script
[0.219s] -- Up-to-date symlink: /home/comrade/kshoonya_ws/install/kshoonya_description/share/kshoonya_description//urdf/common_properties.xacro
[0.219s] -- Up-to-date symlink: /home/comrade/kshoonya_ws/install/kshoonya_description/share/kshoonya_description//urdf/mobile_base.xacro
[0.220s] -- Up-to-date symlink: /home/comrade/kshoonya_ws/install/kshoonya_description/share/kshoonya_description//urdf/my_robot.urdf.xacro
[0.220s] -- Up-to-date symlink: /home/comrade/kshoonya_ws/install/kshoonya_description/share/kshoonya_description//launch/display.launch.py
[0.220s] -- Up-to-date symlink: /home/comrade/kshoonya_ws/install/kshoonya_description/share/kshoonya_description//launch/display.launch.xml
[0.220s] -- Up-to-date symlink: /home/comrade/kshoonya_ws/install/kshoonya_description/share/kshoonya_description//rviz/kshoonya_config.rviz
[0.220s] -- Up-to-date symlink: /home/comrade/kshoonya_ws/install/kshoonya_description/share/kshoonya_description//rviz/kshoonya_mobile_robot_config.rviz
[0.220s] -- Up-to-date symlink: /home/comrade/kshoonya_ws/install/kshoonya_description/share/ament_index/resource_index/package_run_dependencies/kshoonya_description
[0.221s] -- Up-to-date symlink: /home/comrade/kshoonya_ws/install/kshoonya_description/share/ament_index/resource_index/parent_prefix_path/kshoonya_description
[0.221s] -- Up-to-date symlink: /home/comrade/kshoonya_ws/install/kshoonya_description/share/kshoonya_description/environment/ament_prefix_path.sh
[0.221s] -- Up-to-date symlink: /home/comrade/kshoonya_ws/install/kshoonya_description/share/kshoonya_description/environment/ament_prefix_path.dsv
[0.221s] -- Up-to-date symlink: /home/comrade/kshoonya_ws/install/kshoonya_description/share/kshoonya_description/environment/path.sh
[0.221s] -- Up-to-date symlink: /home/comrade/kshoonya_ws/install/kshoonya_description/share/kshoonya_description/environment/path.dsv
[0.221s] -- Up-to-date symlink: /home/comrade/kshoonya_ws/install/kshoonya_description/share/kshoonya_description/local_setup.bash
[0.221s] -- Up-to-date symlink: /home/comrade/kshoonya_ws/install/kshoonya_description/share/kshoonya_description/local_setup.sh
[0.222s] -- Up-to-date symlink: /home/comrade/kshoonya_ws/install/kshoonya_description/share/kshoonya_description/local_setup.zsh
[0.222s] -- Up-to-date symlink: /home/comrade/kshoonya_ws/install/kshoonya_description/share/kshoonya_description/local_setup.dsv
[0.222s] -- Symlinking: /home/comrade/kshoonya_ws/install/kshoonya_description/share/kshoonya_description/package.dsv
[0.227s] -- Up-to-date symlink: /home/comrade/kshoonya_ws/install/kshoonya_description/share/ament_index/resource_index/packages/kshoonya_description
[0.227s] -- Up-to-date symlink: /home/comrade/kshoonya_ws/install/kshoonya_description/share/kshoonya_description/cmake/kshoonya_descriptionConfig.cmake
[0.228s] -- Up-to-date symlink: /home/comrade/kshoonya_ws/install/kshoonya_description/share/kshoonya_description/cmake/kshoonya_descriptionConfig-version.cmake
[0.228s] -- Up-to-date symlink: /home/comrade/kshoonya_ws/install/kshoonya_description/share/kshoonya_description/package.xml
[0.230s] Invoked command in '/home/comrade/kshoonya_ws/build/kshoonya_description' returned '0': CMAKE_PREFIX_PATH=${CMAKE_PREFIX_PATH}:/home/comrade/ros2_ws/install/py_pkg:/opt/ros/iron /usr/bin/cmake --install /home/comrade/kshoonya_ws/build/kshoonya_description
