-- Found ament_cmake: 2.0.3 (/opt/ros/iron/share/ament_cmake/cmake)
-- Override CMake install command with custom implementation using symlinks instead of copying resources
-- Configuring done
-- Generating done
-- Build files have been written to: /home/comrade/kshoonya_ws/build/kshoonya_description
-- Install configuration: ""
-- Execute custom install script
-- Symlinking: /home/comrade/kshoonya_ws/install/kshoonya_description/share/kshoonya_description//urdf/my_robot.urdf
-- Symlinking: /home/comrade/kshoonya_ws/install/kshoonya_description/share/kshoonya_description//launch/display.launch.py
-- Symlinking: /home/comrade/kshoonya_ws/install/kshoonya_description/share/kshoonya_description//launch/display.launch.xml
-- Symlinking: /home/comrade/kshoonya_ws/install/kshoonya_description/share/ament_index/resource_index/package_run_dependencies/kshoonya_description
-- Symlinking: /home/comrade/kshoonya_ws/install/kshoonya_description/share/ament_index/resource_index/parent_prefix_path/kshoonya_description
-- Symlinking: /home/comrade/kshoonya_ws/install/kshoonya_description/share/kshoonya_description/environment/ament_prefix_path.sh
-- Symlinking: /home/comrade/kshoonya_ws/install/kshoonya_description/share/kshoonya_description/environment/ament_prefix_path.dsv
-- Symlinking: /home/comrade/kshoonya_ws/install/kshoonya_description/share/kshoonya_description/environment/path.sh
-- Symlinking: /home/comrade/kshoonya_ws/install/kshoonya_description/share/kshoonya_description/environment/path.dsv
-- Symlinking: /home/comrade/kshoonya_ws/install/kshoonya_description/share/kshoonya_description/local_setup.bash
-- Symlinking: /home/comrade/kshoonya_ws/install/kshoonya_description/share/kshoonya_description/local_setup.sh
-- Symlinking: /home/comrade/kshoonya_ws/install/kshoonya_description/share/kshoonya_description/local_setup.zsh
-- Symlinking: /home/comrade/kshoonya_ws/install/kshoonya_description/share/kshoonya_description/local_setup.dsv
-- Symlinking: /home/comrade/kshoonya_ws/install/kshoonya_description/share/kshoonya_description/package.dsv
-- Symlinking: /home/comrade/kshoonya_ws/install/kshoonya_description/share/ament_index/resource_index/packages/kshoonya_description
-- Symlinking: /home/comrade/kshoonya_ws/install/kshoonya_description/share/kshoonya_description/cmake/kshoonya_descriptionConfig.cmake
-- Symlinking: /home/comrade/kshoonya_ws/install/kshoonya_description/share/kshoonya_description/cmake/kshoonya_descriptionConfig-version.cmake
-- Symlinking: /home/comrade/kshoonya_ws/install/kshoonya_description/share/kshoonya_description/package.xml
