[0.200s] DEBUG:colcon:Command line arguments: ['/usr/bin/colcon', 'build', '--symlink-install']
[0.200s] DEBUG:colcon:Parsed command line arguments: Namespace(log_base=None, log_level=None, verb_name='build', build_base='build', install_base='install', merge_install=False, symlink_install=True, test_result_base=None, continue_on_error=False, executor='parallel', parallel_workers=16, event_handlers=None, ignore_user_meta=False, metas=['./colcon.meta'], base_paths=['.'], packages_ignore=None, packages_ignore_regex=None, paths=None, packages_up_to=None, packages_up_to_regex=None, packages_above=None, packages_above_and_dependencies=None, packages_above_depth=None, packages_select_by_dep=None, packages_skip_by_dep=None, packages_skip_up_to=None, packages_select_build_failed=False, packages_skip_build_finished=False, packages_select_test_failures=False, packages_skip_test_passed=False, packages_select=None, packages_skip=None, packages_select_regex=None, packages_skip_regex=None, packages_start=None, packages_end=None, allow_overriding=[], cmake_args=None, cmake_target=None, cmake_target_skip_unavailable=False, cmake_clean_cache=False, cmake_clean_first=False, cmake_force_configure=False, ament_cmake_args=None, catkin_cmake_args=None, catkin_skip_building_tests=False, verb_parser=<colcon_defaults.argument_parser.defaults.DefaultArgumentsDecorator object at 0x7f8de0ae2740>, verb_extension=<colcon_core.verb.build.BuildVerb object at 0x7f8de0ae21d0>, main=<bound method BuildVerb.main of <colcon_core.verb.build.BuildVerb object at 0x7f8de0ae21d0>>)
[0.214s] Level 1:colcon.colcon_core.package_discovery:discover_packages(colcon_meta) check parameters
[0.214s] Level 1:colcon.colcon_core.package_discovery:discover_packages(recursive) check parameters
[0.214s] Level 1:colcon.colcon_core.package_discovery:discover_packages(ignore) check parameters
[0.214s] Level 1:colcon.colcon_core.package_discovery:discover_packages(path) check parameters
[0.214s] Level 1:colcon.colcon_core.package_discovery:discover_packages(colcon_meta) discover
[0.214s] Level 1:colcon.colcon_core.package_discovery:discover_packages(recursive) discover
[0.214s] INFO:colcon.colcon_core.package_discovery:Crawling recursively for packages in '/home/comrade/kshoonya_ws'
[0.214s] Level 1:colcon.colcon_core.package_identification:_identify(.) by extensions ['ignore', 'ignore_ament_install']
[0.214s] Level 1:colcon.colcon_core.package_identification:_identify(.) by extension 'ignore'
[0.214s] Level 1:colcon.colcon_core.package_identification:_identify(.) by extension 'ignore_ament_install'
[0.214s] Level 1:colcon.colcon_core.package_identification:_identify(.) by extensions ['colcon_pkg']
[0.214s] Level 1:colcon.colcon_core.package_identification:_identify(.) by extension 'colcon_pkg'
[0.214s] Level 1:colcon.colcon_core.package_identification:_identify(.) by extensions ['colcon_meta']
[0.214s] Level 1:colcon.colcon_core.package_identification:_identify(.) by extension 'colcon_meta'
[0.214s] Level 1:colcon.colcon_core.package_identification:_identify(.) by extensions ['ros']
[0.214s] Level 1:colcon.colcon_core.package_identification:_identify(.) by extension 'ros'
[0.221s] Level 1:colcon.colcon_core.package_identification:_identify(.) by extensions ['cmake', 'python']
[0.221s] Level 1:colcon.colcon_core.package_identification:_identify(.) by extension 'cmake'
[0.221s] Level 1:colcon.colcon_core.package_identification:_identify(.) by extension 'python'
[0.221s] Level 1:colcon.colcon_core.package_identification:_identify(.) by extensions ['python_setup_py']
[0.221s] Level 1:colcon.colcon_core.package_identification:_identify(.) by extension 'python_setup_py'
[0.222s] Level 1:colcon.colcon_core.package_identification:_identify(build) by extensions ['ignore', 'ignore_ament_install']
[0.222s] Level 1:colcon.colcon_core.package_identification:_identify(build) by extension 'ignore'
[0.222s] Level 1:colcon.colcon_core.package_identification:_identify(build) ignored
[0.222s] Level 1:colcon.colcon_core.package_identification:_identify(install) by extensions ['ignore', 'ignore_ament_install']
[0.222s] Level 1:colcon.colcon_core.package_identification:_identify(install) by extension 'ignore'
[0.222s] Level 1:colcon.colcon_core.package_identification:_identify(install) ignored
[0.222s] Level 1:colcon.colcon_core.package_identification:_identify(log) by extensions ['ignore', 'ignore_ament_install']
[0.222s] Level 1:colcon.colcon_core.package_identification:_identify(log) by extension 'ignore'
[0.222s] Level 1:colcon.colcon_core.package_identification:_identify(log) ignored
[0.222s] Level 1:colcon.colcon_core.package_identification:_identify(src) by extensions ['ignore', 'ignore_ament_install']
[0.222s] Level 1:colcon.colcon_core.package_identification:_identify(src) by extension 'ignore'
[0.222s] Level 1:colcon.colcon_core.package_identification:_identify(src) by extension 'ignore_ament_install'
[0.222s] Level 1:colcon.colcon_core.package_identification:_identify(src) by extensions ['colcon_pkg']
[0.222s] Level 1:colcon.colcon_core.package_identification:_identify(src) by extension 'colcon_pkg'
[0.222s] Level 1:colcon.colcon_core.package_identification:_identify(src) by extensions ['colcon_meta']
[0.222s] Level 1:colcon.colcon_core.package_identification:_identify(src) by extension 'colcon_meta'
[0.222s] Level 1:colcon.colcon_core.package_identification:_identify(src) by extensions ['ros']
[0.222s] Level 1:colcon.colcon_core.package_identification:_identify(src) by extension 'ros'
[0.222s] Level 1:colcon.colcon_core.package_identification:_identify(src) by extensions ['cmake', 'python']
[0.222s] Level 1:colcon.colcon_core.package_identification:_identify(src) by extension 'cmake'
[0.222s] Level 1:colcon.colcon_core.package_identification:_identify(src) by extension 'python'
[0.222s] Level 1:colcon.colcon_core.package_identification:_identify(src) by extensions ['python_setup_py']
[0.222s] Level 1:colcon.colcon_core.package_identification:_identify(src) by extension 'python_setup_py'
[0.222s] Level 1:colcon.colcon_core.package_identification:_identify(src/kshoonya_description) by extensions ['ignore', 'ignore_ament_install']
[0.222s] Level 1:colcon.colcon_core.package_identification:_identify(src/kshoonya_description) by extension 'ignore'
[0.222s] Level 1:colcon.colcon_core.package_identification:_identify(src/kshoonya_description) by extension 'ignore_ament_install'
[0.222s] Level 1:colcon.colcon_core.package_identification:_identify(src/kshoonya_description) by extensions ['colcon_pkg']
[0.222s] Level 1:colcon.colcon_core.package_identification:_identify(src/kshoonya_description) by extension 'colcon_pkg'
[0.222s] Level 1:colcon.colcon_core.package_identification:_identify(src/kshoonya_description) by extensions ['colcon_meta']
[0.222s] Level 1:colcon.colcon_core.package_identification:_identify(src/kshoonya_description) by extension 'colcon_meta'
[0.222s] Level 1:colcon.colcon_core.package_identification:_identify(src/kshoonya_description) by extensions ['ros']
[0.222s] Level 1:colcon.colcon_core.package_identification:_identify(src/kshoonya_description) by extension 'ros'
[0.224s] DEBUG:colcon.colcon_core.package_identification:Package 'src/kshoonya_description' with type 'ros.ament_cmake' and name 'kshoonya_description'
[0.224s] Level 1:colcon.colcon_core.package_identification:_identify(src/my_robot_bringup) by extensions ['ignore', 'ignore_ament_install']
[0.224s] Level 1:colcon.colcon_core.package_identification:_identify(src/my_robot_bringup) by extension 'ignore'
[0.224s] Level 1:colcon.colcon_core.package_identification:_identify(src/my_robot_bringup) by extension 'ignore_ament_install'
[0.224s] Level 1:colcon.colcon_core.package_identification:_identify(src/my_robot_bringup) by extensions ['colcon_pkg']
[0.224s] Level 1:colcon.colcon_core.package_identification:_identify(src/my_robot_bringup) by extension 'colcon_pkg'
[0.224s] Level 1:colcon.colcon_core.package_identification:_identify(src/my_robot_bringup) by extensions ['colcon_meta']
[0.224s] Level 1:colcon.colcon_core.package_identification:_identify(src/my_robot_bringup) by extension 'colcon_meta'
[0.224s] Level 1:colcon.colcon_core.package_identification:_identify(src/my_robot_bringup) by extensions ['ros']
[0.224s] Level 1:colcon.colcon_core.package_identification:_identify(src/my_robot_bringup) by extension 'ros'
[0.224s] DEBUG:colcon.colcon_core.package_identification:Package 'src/my_robot_bringup' with type 'ros.ament_cmake' and name 'my_robot_bringup'
[0.224s] Level 1:colcon.colcon_core.package_discovery:discover_packages(recursive) using defaults
[0.224s] Level 1:colcon.colcon_core.package_discovery:discover_packages(ignore) discover
[0.224s] Level 1:colcon.colcon_core.package_discovery:discover_packages(ignore) using defaults
[0.225s] Level 1:colcon.colcon_core.package_discovery:discover_packages(path) discover
[0.225s] Level 1:colcon.colcon_core.package_discovery:discover_packages(path) using defaults
[0.238s] Level 1:colcon.colcon_core.package_discovery:discover_packages(prefix_path) check parameters
[0.238s] Level 1:colcon.colcon_core.package_discovery:discover_packages(prefix_path) discover
[0.240s] DEBUG:colcon.colcon_installed_package_information.package_discovery:Found 2 installed packages in /home/comrade/kshoonya_ws/install
[0.240s] DEBUG:colcon.colcon_installed_package_information.package_discovery:Found 4 installed packages in /home/comrade/ros2_ws/install
[0.241s] DEBUG:colcon.colcon_installed_package_information.package_discovery:Found 337 installed packages in /opt/ros/iron
[0.243s] Level 1:colcon.colcon_core.package_discovery:discover_packages(prefix_path) using defaults
[0.273s] Level 5:colcon.colcon_core.verb:set package 'kshoonya_description' build argument 'cmake_args' from command line to 'None'
[0.273s] Level 5:colcon.colcon_core.verb:set package 'kshoonya_description' build argument 'cmake_target' from command line to 'None'
[0.273s] Level 5:colcon.colcon_core.verb:set package 'kshoonya_description' build argument 'cmake_target_skip_unavailable' from command line to 'False'
[0.273s] Level 5:colcon.colcon_core.verb:set package 'kshoonya_description' build argument 'cmake_clean_cache' from command line to 'False'
[0.273s] Level 5:colcon.colcon_core.verb:set package 'kshoonya_description' build argument 'cmake_clean_first' from command line to 'False'
[0.273s] Level 5:colcon.colcon_core.verb:set package 'kshoonya_description' build argument 'cmake_force_configure' from command line to 'False'
[0.273s] Level 5:colcon.colcon_core.verb:set package 'kshoonya_description' build argument 'ament_cmake_args' from command line to 'None'
[0.273s] Level 5:colcon.colcon_core.verb:set package 'kshoonya_description' build argument 'catkin_cmake_args' from command line to 'None'
[0.273s] Level 5:colcon.colcon_core.verb:set package 'kshoonya_description' build argument 'catkin_skip_building_tests' from command line to 'False'
[0.273s] DEBUG:colcon.colcon_core.verb:Building package 'kshoonya_description' with the following arguments: {'ament_cmake_args': None, 'build_base': '/home/comrade/kshoonya_ws/build/kshoonya_description', 'catkin_cmake_args': None, 'catkin_skip_building_tests': False, 'cmake_args': None, 'cmake_clean_cache': False, 'cmake_clean_first': False, 'cmake_force_configure': False, 'cmake_target': None, 'cmake_target_skip_unavailable': False, 'install_base': '/home/comrade/kshoonya_ws/install/kshoonya_description', 'merge_install': False, 'path': '/home/comrade/kshoonya_ws/src/kshoonya_description', 'symlink_install': True, 'test_result_base': None}
[0.274s] Level 5:colcon.colcon_core.verb:set package 'my_robot_bringup' build argument 'cmake_args' from command line to 'None'
[0.274s] Level 5:colcon.colcon_core.verb:set package 'my_robot_bringup' build argument 'cmake_target' from command line to 'None'
[0.274s] Level 5:colcon.colcon_core.verb:set package 'my_robot_bringup' build argument 'cmake_target_skip_unavailable' from command line to 'False'
[0.274s] Level 5:colcon.colcon_core.verb:set package 'my_robot_bringup' build argument 'cmake_clean_cache' from command line to 'False'
[0.274s] Level 5:colcon.colcon_core.verb:set package 'my_robot_bringup' build argument 'cmake_clean_first' from command line to 'False'
[0.274s] Level 5:colcon.colcon_core.verb:set package 'my_robot_bringup' build argument 'cmake_force_configure' from command line to 'False'
[0.274s] Level 5:colcon.colcon_core.verb:set package 'my_robot_bringup' build argument 'ament_cmake_args' from command line to 'None'
[0.274s] Level 5:colcon.colcon_core.verb:set package 'my_robot_bringup' build argument 'catkin_cmake_args' from command line to 'None'
[0.274s] Level 5:colcon.colcon_core.verb:set package 'my_robot_bringup' build argument 'catkin_skip_building_tests' from command line to 'False'
[0.274s] DEBUG:colcon.colcon_core.verb:Building package 'my_robot_bringup' with the following arguments: {'ament_cmake_args': None, 'build_base': '/home/comrade/kshoonya_ws/build/my_robot_bringup', 'catkin_cmake_args': None, 'catkin_skip_building_tests': False, 'cmake_args': None, 'cmake_clean_cache': False, 'cmake_clean_first': False, 'cmake_force_configure': False, 'cmake_target': None, 'cmake_target_skip_unavailable': False, 'install_base': '/home/comrade/kshoonya_ws/install/my_robot_bringup', 'merge_install': False, 'path': '/home/comrade/kshoonya_ws/src/my_robot_bringup', 'symlink_install': True, 'test_result_base': None}
[0.274s] INFO:colcon.colcon_core.executor:Executing jobs using 'parallel' executor
[0.276s] DEBUG:colcon.colcon_parallel_executor.executor.parallel:run_until_complete
[0.276s] INFO:colcon.colcon_ros.task.ament_cmake.build:Building ROS package in '/home/comrade/kshoonya_ws/src/kshoonya_description' with build type 'ament_cmake'
[0.276s] INFO:colcon.colcon_cmake.task.cmake.build:Building CMake package in '/home/comrade/kshoonya_ws/src/kshoonya_description'
[0.279s] INFO:colcon.colcon_core.plugin_system:Skipping extension 'colcon_core.shell.bat': Not used on non-Windows systems
[0.279s] INFO:colcon.colcon_core.shell:Skip shell extension 'powershell' for command environment: Not usable outside of PowerShell
[0.279s] DEBUG:colcon.colcon_core.shell:Skip shell extension 'dsv' for command environment
[0.286s] DEBUG:colcon.colcon_core.event_handler.log_command:Invoking command in '/home/comrade/kshoonya_ws/build/kshoonya_description': CMAKE_PREFIX_PATH=${CMAKE_PREFIX_PATH}:/home/comrade/ros2_ws/install/py_pkg:/opt/ros/iron /usr/bin/cmake --build /home/comrade/kshoonya_ws/build/kshoonya_description -- -j16 -l16
[0.307s] DEBUG:colcon.colcon_core.event_handler.log_command:Invoked command in '/home/comrade/kshoonya_ws/build/kshoonya_description' returned '0': CMAKE_PREFIX_PATH=${CMAKE_PREFIX_PATH}:/home/comrade/ros2_ws/install/py_pkg:/opt/ros/iron /usr/bin/cmake --build /home/comrade/kshoonya_ws/build/kshoonya_description -- -j16 -l16
[0.325s] DEBUG:colcon.colcon_core.event_handler.log_command:Invoking command in '/home/comrade/kshoonya_ws/build/kshoonya_description': CMAKE_PREFIX_PATH=${CMAKE_PREFIX_PATH}:/home/comrade/ros2_ws/install/py_pkg:/opt/ros/iron /usr/bin/cmake --install /home/comrade/kshoonya_ws/build/kshoonya_description
[0.337s] Level 1:colcon.colcon_core.environment:create_environment_scripts_only(kshoonya_description)
[0.337s] DEBUG:colcon.colcon_core.event_handler.log_command:Invoked command in '/home/comrade/kshoonya_ws/build/kshoonya_description' returned '0': CMAKE_PREFIX_PATH=${CMAKE_PREFIX_PATH}:/home/comrade/ros2_ws/install/py_pkg:/opt/ros/iron /usr/bin/cmake --install /home/comrade/kshoonya_ws/build/kshoonya_description
[0.340s] Level 1:colcon.colcon_core.environment:checking '/home/comrade/kshoonya_ws/install/kshoonya_description' for CMake module files
[0.340s] Level 1:colcon.colcon_core.environment:checking '/home/comrade/kshoonya_ws/install/kshoonya_description' for CMake config files
[0.340s] Level 1:colcon.colcon_core.shell:create_environment_hook('kshoonya_description', 'cmake_prefix_path')
[0.341s] INFO:colcon.colcon_core.shell:Creating environment hook '/home/comrade/kshoonya_ws/install/kshoonya_description/share/kshoonya_description/hook/cmake_prefix_path.ps1'
[0.341s] INFO:colcon.colcon_core.shell:Creating environment descriptor '/home/comrade/kshoonya_ws/install/kshoonya_description/share/kshoonya_description/hook/cmake_prefix_path.dsv'
[0.342s] INFO:colcon.colcon_core.shell:Creating environment hook '/home/comrade/kshoonya_ws/install/kshoonya_description/share/kshoonya_description/hook/cmake_prefix_path.sh'
[0.342s] Level 1:colcon.colcon_core.environment:checking '/home/comrade/kshoonya_ws/install/kshoonya_description/bin'
[0.342s] Level 1:colcon.colcon_core.environment:checking '/home/comrade/kshoonya_ws/install/kshoonya_description/lib/pkgconfig/kshoonya_description.pc'
[0.342s] Level 1:colcon.colcon_core.environment:checking '/home/comrade/kshoonya_ws/install/kshoonya_description/lib/python3.10/site-packages'
[0.342s] Level 1:colcon.colcon_core.environment:checking '/home/comrade/kshoonya_ws/install/kshoonya_description/bin'
[0.343s] INFO:colcon.colcon_core.shell:Creating package script '/home/comrade/kshoonya_ws/install/kshoonya_description/share/kshoonya_description/package.ps1'
[0.343s] INFO:colcon.colcon_core.shell:Creating package descriptor '/home/comrade/kshoonya_ws/install/kshoonya_description/share/kshoonya_description/package.dsv'
[0.344s] INFO:colcon.colcon_core.shell:Creating package script '/home/comrade/kshoonya_ws/install/kshoonya_description/share/kshoonya_description/package.sh'
[0.344s] INFO:colcon.colcon_core.shell:Creating package script '/home/comrade/kshoonya_ws/install/kshoonya_description/share/kshoonya_description/package.bash'
[0.344s] INFO:colcon.colcon_core.shell:Creating package script '/home/comrade/kshoonya_ws/install/kshoonya_description/share/kshoonya_description/package.zsh'
[0.345s] Level 1:colcon.colcon_core.environment:create_file_with_runtime_dependencies(/home/comrade/kshoonya_ws/install/kshoonya_description/share/colcon-core/packages/kshoonya_description)
[0.364s] Level 1:colcon.colcon_core.environment:create_environment_scripts_only(kshoonya_description)
[0.365s] Level 1:colcon.colcon_core.environment:checking '/home/comrade/kshoonya_ws/install/kshoonya_description' for CMake module files
[0.366s] Level 1:colcon.colcon_core.environment:checking '/home/comrade/kshoonya_ws/install/kshoonya_description' for CMake config files
[0.366s] Level 1:colcon.colcon_core.shell:create_environment_hook('kshoonya_description', 'cmake_prefix_path')
[0.367s] INFO:colcon.colcon_core.shell:Creating environment hook '/home/comrade/kshoonya_ws/install/kshoonya_description/share/kshoonya_description/hook/cmake_prefix_path.ps1'
[0.367s] INFO:colcon.colcon_core.shell:Creating environment descriptor '/home/comrade/kshoonya_ws/install/kshoonya_description/share/kshoonya_description/hook/cmake_prefix_path.dsv'
[0.367s] INFO:colcon.colcon_core.shell:Creating environment hook '/home/comrade/kshoonya_ws/install/kshoonya_description/share/kshoonya_description/hook/cmake_prefix_path.sh'
[0.367s] Level 1:colcon.colcon_core.environment:checking '/home/comrade/kshoonya_ws/install/kshoonya_description/bin'
[0.367s] Level 1:colcon.colcon_core.environment:checking '/home/comrade/kshoonya_ws/install/kshoonya_description/lib/pkgconfig/kshoonya_description.pc'
[0.368s] Level 1:colcon.colcon_core.environment:checking '/home/comrade/kshoonya_ws/install/kshoonya_description/lib/python3.10/site-packages'
[0.368s] Level 1:colcon.colcon_core.environment:checking '/home/comrade/kshoonya_ws/install/kshoonya_description/bin'
[0.369s] INFO:colcon.colcon_core.shell:Creating package script '/home/comrade/kshoonya_ws/install/kshoonya_description/share/kshoonya_description/package.ps1'
[0.370s] INFO:colcon.colcon_core.shell:Creating package descriptor '/home/comrade/kshoonya_ws/install/kshoonya_description/share/kshoonya_description/package.dsv'
[0.370s] INFO:colcon.colcon_core.shell:Creating package script '/home/comrade/kshoonya_ws/install/kshoonya_description/share/kshoonya_description/package.sh'
[0.370s] INFO:colcon.colcon_core.shell:Creating package script '/home/comrade/kshoonya_ws/install/kshoonya_description/share/kshoonya_description/package.bash'
[0.371s] INFO:colcon.colcon_core.shell:Creating package script '/home/comrade/kshoonya_ws/install/kshoonya_description/share/kshoonya_description/package.zsh'
[0.371s] Level 1:colcon.colcon_core.environment:create_file_with_runtime_dependencies(/home/comrade/kshoonya_ws/install/kshoonya_description/share/colcon-core/packages/kshoonya_description)
[0.371s] INFO:colcon.colcon_ros.task.ament_cmake.build:Building ROS package in '/home/comrade/kshoonya_ws/src/my_robot_bringup' with build type 'ament_cmake'
[0.372s] INFO:colcon.colcon_cmake.task.cmake.build:Building CMake package in '/home/comrade/kshoonya_ws/src/my_robot_bringup'
[0.373s] INFO:colcon.colcon_core.shell:Skip shell extension 'powershell' for command environment: Not usable outside of PowerShell
[0.373s] DEBUG:colcon.colcon_core.shell:Skip shell extension 'dsv' for command environment
[0.380s] DEBUG:colcon.colcon_core.event_handler.log_command:Invoking command in '/home/comrade/kshoonya_ws/build/my_robot_bringup': CMAKE_PREFIX_PATH=/home/comrade/kshoonya_ws/install/kshoonya_description:/home/comrade/kshoonya_ws/install/my_robot_bringup:/home/comrade/ros2_ws/install/my_robot_bringup:/home/comrade/ros2_ws/install/my_robot_interfaces:/home/comrade/ros2_ws/install/cpp_pubsub:/home/comrade/ros2_ws/install/py_pkg:/opt/ros/iron /usr/bin/cmake --build /home/comrade/kshoonya_ws/build/my_robot_bringup -- -j16 -l16
[0.409s] DEBUG:colcon.colcon_core.event_handler.log_command:Invoked command in '/home/comrade/kshoonya_ws/build/my_robot_bringup' returned '0': CMAKE_PREFIX_PATH=/home/comrade/kshoonya_ws/install/kshoonya_description:/home/comrade/kshoonya_ws/install/my_robot_bringup:/home/comrade/ros2_ws/install/my_robot_bringup:/home/comrade/ros2_ws/install/my_robot_interfaces:/home/comrade/ros2_ws/install/cpp_pubsub:/home/comrade/ros2_ws/install/py_pkg:/opt/ros/iron /usr/bin/cmake --build /home/comrade/kshoonya_ws/build/my_robot_bringup -- -j16 -l16
[0.443s] DEBUG:colcon.colcon_core.event_handler.log_command:Invoking command in '/home/comrade/kshoonya_ws/build/my_robot_bringup': CMAKE_PREFIX_PATH=/home/comrade/kshoonya_ws/install/kshoonya_description:/home/comrade/kshoonya_ws/install/my_robot_bringup:/home/comrade/ros2_ws/install/my_robot_bringup:/home/comrade/ros2_ws/install/my_robot_interfaces:/home/comrade/ros2_ws/install/cpp_pubsub:/home/comrade/ros2_ws/install/py_pkg:/opt/ros/iron /usr/bin/cmake --install /home/comrade/kshoonya_ws/build/my_robot_bringup
[0.470s] Level 1:colcon.colcon_core.environment:create_environment_scripts_only(my_robot_bringup)
[0.472s] Level 1:colcon.colcon_core.environment:checking '/home/comrade/kshoonya_ws/install/my_robot_bringup' for CMake module files
[0.472s] DEBUG:colcon.colcon_core.event_handler.log_command:Invoked command in '/home/comrade/kshoonya_ws/build/my_robot_bringup' returned '0': CMAKE_PREFIX_PATH=/home/comrade/kshoonya_ws/install/kshoonya_description:/home/comrade/kshoonya_ws/install/my_robot_bringup:/home/comrade/ros2_ws/install/my_robot_bringup:/home/comrade/ros2_ws/install/my_robot_interfaces:/home/comrade/ros2_ws/install/cpp_pubsub:/home/comrade/ros2_ws/install/py_pkg:/opt/ros/iron /usr/bin/cmake --install /home/comrade/kshoonya_ws/build/my_robot_bringup
[0.472s] Level 1:colcon.colcon_core.environment:checking '/home/comrade/kshoonya_ws/install/my_robot_bringup' for CMake config files
[0.472s] Level 1:colcon.colcon_core.shell:create_environment_hook('my_robot_bringup', 'cmake_prefix_path')
[0.473s] INFO:colcon.colcon_core.shell:Creating environment hook '/home/comrade/kshoonya_ws/install/my_robot_bringup/share/my_robot_bringup/hook/cmake_prefix_path.ps1'
[0.473s] INFO:colcon.colcon_core.shell:Creating environment descriptor '/home/comrade/kshoonya_ws/install/my_robot_bringup/share/my_robot_bringup/hook/cmake_prefix_path.dsv'
[0.474s] INFO:colcon.colcon_core.shell:Creating environment hook '/home/comrade/kshoonya_ws/install/my_robot_bringup/share/my_robot_bringup/hook/cmake_prefix_path.sh'
[0.474s] Level 1:colcon.colcon_core.environment:checking '/home/comrade/kshoonya_ws/install/my_robot_bringup/bin'
[0.474s] Level 1:colcon.colcon_core.environment:checking '/home/comrade/kshoonya_ws/install/my_robot_bringup/lib/pkgconfig/my_robot_bringup.pc'
[0.474s] Level 1:colcon.colcon_core.environment:checking '/home/comrade/kshoonya_ws/install/my_robot_bringup/lib/python3.10/site-packages'
[0.474s] Level 1:colcon.colcon_core.environment:checking '/home/comrade/kshoonya_ws/install/my_robot_bringup/bin'
[0.475s] INFO:colcon.colcon_core.shell:Creating package script '/home/comrade/kshoonya_ws/install/my_robot_bringup/share/my_robot_bringup/package.ps1'
[0.475s] INFO:colcon.colcon_core.shell:Creating package descriptor '/home/comrade/kshoonya_ws/install/my_robot_bringup/share/my_robot_bringup/package.dsv'
[0.476s] INFO:colcon.colcon_core.shell:Creating package script '/home/comrade/kshoonya_ws/install/my_robot_bringup/share/my_robot_bringup/package.sh'
[0.476s] INFO:colcon.colcon_core.shell:Creating package script '/home/comrade/kshoonya_ws/install/my_robot_bringup/share/my_robot_bringup/package.bash'
[0.476s] INFO:colcon.colcon_core.shell:Creating package script '/home/comrade/kshoonya_ws/install/my_robot_bringup/share/my_robot_bringup/package.zsh'
[0.476s] Level 1:colcon.colcon_core.environment:create_file_with_runtime_dependencies(/home/comrade/kshoonya_ws/install/my_robot_bringup/share/colcon-core/packages/my_robot_bringup)
[0.495s] Level 1:colcon.colcon_core.environment:create_environment_scripts_only(my_robot_bringup)
[0.498s] Level 1:colcon.colcon_core.environment:checking '/home/comrade/kshoonya_ws/install/my_robot_bringup' for CMake module files
[0.499s] Level 1:colcon.colcon_core.environment:checking '/home/comrade/kshoonya_ws/install/my_robot_bringup' for CMake config files
[0.499s] Level 1:colcon.colcon_core.shell:create_environment_hook('my_robot_bringup', 'cmake_prefix_path')
[0.500s] INFO:colcon.colcon_core.shell:Creating environment hook '/home/comrade/kshoonya_ws/install/my_robot_bringup/share/my_robot_bringup/hook/cmake_prefix_path.ps1'
[0.501s] INFO:colcon.colcon_core.shell:Creating environment descriptor '/home/comrade/kshoonya_ws/install/my_robot_bringup/share/my_robot_bringup/hook/cmake_prefix_path.dsv'
[0.501s] INFO:colcon.colcon_core.shell:Creating environment hook '/home/comrade/kshoonya_ws/install/my_robot_bringup/share/my_robot_bringup/hook/cmake_prefix_path.sh'
[0.502s] Level 1:colcon.colcon_core.environment:checking '/home/comrade/kshoonya_ws/install/my_robot_bringup/bin'
[0.502s] Level 1:colcon.colcon_core.environment:checking '/home/comrade/kshoonya_ws/install/my_robot_bringup/lib/pkgconfig/my_robot_bringup.pc'
[0.502s] Level 1:colcon.colcon_core.environment:checking '/home/comrade/kshoonya_ws/install/my_robot_bringup/lib/python3.10/site-packages'
[0.502s] Level 1:colcon.colcon_core.environment:checking '/home/comrade/kshoonya_ws/install/my_robot_bringup/bin'
[0.503s] INFO:colcon.colcon_core.shell:Creating package script '/home/comrade/kshoonya_ws/install/my_robot_bringup/share/my_robot_bringup/package.ps1'
[0.504s] INFO:colcon.colcon_core.shell:Creating package descriptor '/home/comrade/kshoonya_ws/install/my_robot_bringup/share/my_robot_bringup/package.dsv'
[0.504s] INFO:colcon.colcon_core.shell:Creating package script '/home/comrade/kshoonya_ws/install/my_robot_bringup/share/my_robot_bringup/package.sh'
[0.504s] INFO:colcon.colcon_core.shell:Creating package script '/home/comrade/kshoonya_ws/install/my_robot_bringup/share/my_robot_bringup/package.bash'
[0.504s] INFO:colcon.colcon_core.shell:Creating package script '/home/comrade/kshoonya_ws/install/my_robot_bringup/share/my_robot_bringup/package.zsh'
[0.505s] Level 1:colcon.colcon_core.environment:create_file_with_runtime_dependencies(/home/comrade/kshoonya_ws/install/my_robot_bringup/share/colcon-core/packages/my_robot_bringup)
[0.505s] DEBUG:colcon.colcon_parallel_executor.executor.parallel:closing loop
[0.505s] DEBUG:colcon.colcon_parallel_executor.executor.parallel:loop closed
[0.505s] DEBUG:colcon.colcon_parallel_executor.executor.parallel:run_until_complete finished with '0'
[0.505s] DEBUG:colcon.colcon_core.event_reactor:joining thread
[0.509s] INFO:colcon.colcon_core.plugin_system:Skipping extension 'colcon_notification.desktop_notification.terminal_notifier': Not used on non-Darwin systems
[0.509s] INFO:colcon.colcon_core.plugin_system:Skipping extension 'colcon_notification.desktop_notification.win32': Not used on non-Windows systems
[0.509s] INFO:colcon.colcon_notification.desktop_notification:Sending desktop notification using 'notify2'
[0.521s] DEBUG:colcon.colcon_core.event_reactor:joined thread
[0.523s] INFO:colcon.colcon_core.shell:Creating prefix script '/home/comrade/kshoonya_ws/install/local_setup.ps1'
[0.523s] INFO:colcon.colcon_core.shell:Creating prefix util module '/home/comrade/kshoonya_ws/install/_local_setup_util_ps1.py'
[0.524s] INFO:colcon.colcon_core.shell:Creating prefix chain script '/home/comrade/kshoonya_ws/install/setup.ps1'
[0.525s] INFO:colcon.colcon_core.shell:Creating prefix script '/home/comrade/kshoonya_ws/install/local_setup.sh'
[0.526s] INFO:colcon.colcon_core.shell:Creating prefix util module '/home/comrade/kshoonya_ws/install/_local_setup_util_sh.py'
[0.526s] INFO:colcon.colcon_core.shell:Creating prefix chain script '/home/comrade/kshoonya_ws/install/setup.sh'
[0.527s] INFO:colcon.colcon_core.shell:Creating prefix script '/home/comrade/kshoonya_ws/install/local_setup.bash'
[0.528s] INFO:colcon.colcon_core.shell:Creating prefix chain script '/home/comrade/kshoonya_ws/install/setup.bash'
[0.528s] INFO:colcon.colcon_core.shell:Creating prefix script '/home/comrade/kshoonya_ws/install/local_setup.zsh'
[0.529s] INFO:colcon.colcon_core.shell:Creating prefix chain script '/home/comrade/kshoonya_ws/install/setup.zsh'
