[0.013s] Invoking command in '/home/comrade/kshoonya_ws/build/kshoonya_description': CMAKE_PREFIX_PATH=${CMAKE_PREFIX_PATH}:/home/comrade/kshoonya_ws/install/my_robot_packages:/home/comrade/ros2_ws/install/py_pkg:/opt/ros/iron /usr/bin/cmake --build /home/comrade/kshoonya_ws/build/kshoonya_description -- -j16 -l16
[0.181s] Invoked command in '/home/comrade/kshoonya_ws/build/kshoonya_description' returned '0': CMAKE_PREFIX_PATH=${CMAKE_PREFIX_PATH}:/home/comrade/kshoonya_ws/install/my_robot_packages:/home/comrade/ros2_ws/install/py_pkg:/opt/ros/iron /usr/bin/cmake --build /home/comrade/kshoonya_ws/build/kshoonya_description -- -j16 -l16
[0.198s] Invoking command in '/home/comrade/kshoonya_ws/build/kshoonya_description': CMAKE_PREFIX_PATH=${CMAKE_PREFIX_PATH}:/home/comrade/kshoonya_ws/install/my_robot_packages:/home/comrade/ros2_ws/install/py_pkg:/opt/ros/iron /usr/bin/cmake --install /home/comrade/kshoonya_ws/build/kshoonya_description
[0.201s] -- Install configuration: ""
[0.202s] -- Execute custom install script
[0.202s] -- Up-to-date symlink: /home/comrade/kshoonya_ws/install/kshoonya_description/share/kshoonya_description//urdf/common_properties.xacro
[0.202s] -- Up-to-date symlink: /home/comrade/kshoonya_ws/install/kshoonya_description/share/kshoonya_description//urdf/gazebo_mobile_base.xacro
[0.202s] -- Up-to-date symlink: /home/comrade/kshoonya_ws/install/kshoonya_description/share/kshoonya_description//urdf/mobile_base.xacro
[0.202s] -- Up-to-date symlink: /home/comrade/kshoonya_ws/install/kshoonya_description/share/kshoonya_description//urdf/my_robot.urdf.xacro
[0.202s] -- Up-to-date symlink: /home/comrade/kshoonya_ws/install/kshoonya_description/share/kshoonya_description//urdf/sensor.xacro
[0.202s] -- Up-to-date symlink: /home/comrade/kshoonya_ws/install/kshoonya_description/share/kshoonya_description//launch/display.launch.py
[0.202s] -- Up-to-date symlink: /home/comrade/kshoonya_ws/install/kshoonya_description/share/kshoonya_description//launch/display.launch.xml
[0.202s] -- Up-to-date symlink: /home/comrade/kshoonya_ws/install/kshoonya_description/share/kshoonya_description//rviz/kshoonya_config.rviz
[0.202s] -- Up-to-date symlink: /home/comrade/kshoonya_ws/install/kshoonya_description/share/kshoonya_description//rviz/kshoonya_mobile_robot_config.rviz
[0.202s] -- Up-to-date symlink: /home/comrade/kshoonya_ws/install/kshoonya_description/share/ament_index/resource_index/package_run_dependencies/kshoonya_description
[0.203s] -- Up-to-date symlink: /home/comrade/kshoonya_ws/install/kshoonya_description/share/ament_index/resource_index/parent_prefix_path/kshoonya_description
[0.203s] -- Up-to-date symlink: /home/comrade/kshoonya_ws/install/kshoonya_description/share/kshoonya_description/environment/ament_prefix_path.sh
[0.203s] -- Up-to-date symlink: /home/comrade/kshoonya_ws/install/kshoonya_description/share/kshoonya_description/environment/ament_prefix_path.dsv
[0.203s] -- Up-to-date symlink: /home/comrade/kshoonya_ws/install/kshoonya_description/share/kshoonya_description/environment/path.sh
[0.203s] -- Up-to-date symlink: /home/comrade/kshoonya_ws/install/kshoonya_description/share/kshoonya_description/environment/path.dsv
[0.203s] -- Up-to-date symlink: /home/comrade/kshoonya_ws/install/kshoonya_description/share/kshoonya_description/local_setup.bash
[0.203s] -- Up-to-date symlink: /home/comrade/kshoonya_ws/install/kshoonya_description/share/kshoonya_description/local_setup.sh
[0.203s] -- Up-to-date symlink: /home/comrade/kshoonya_ws/install/kshoonya_description/share/kshoonya_description/local_setup.zsh
[0.203s] -- Up-to-date symlink: /home/comrade/kshoonya_ws/install/kshoonya_description/share/kshoonya_description/local_setup.dsv
[0.203s] -- Symlinking: /home/comrade/kshoonya_ws/install/kshoonya_description/share/kshoonya_description/package.dsv
[0.208s] -- Up-to-date symlink: /home/comrade/kshoonya_ws/install/kshoonya_description/share/ament_index/resource_index/packages/kshoonya_description
[0.208s] -- Up-to-date symlink: /home/comrade/kshoonya_ws/install/kshoonya_description/share/kshoonya_description/cmake/kshoonya_descriptionConfig.cmake
[0.208s] -- Up-to-date symlink: /home/comrade/kshoonya_ws/install/kshoonya_description/share/kshoonya_description/cmake/kshoonya_descriptionConfig-version.cmake
[0.208s] -- Up-to-date symlink: /home/comrade/kshoonya_ws/install/kshoonya_description/share/kshoonya_description/package.xml
[0.209s] Invoked command in '/home/comrade/kshoonya_ws/build/kshoonya_description' returned '0': CMAKE_PREFIX_PATH=${CMAKE_PREFIX_PATH}:/home/comrade/kshoonya_ws/install/my_robot_packages:/home/comrade/ros2_ws/install/py_pkg:/opt/ros/iron /usr/bin/cmake --install /home/comrade/kshoonya_ws/build/kshoonya_description
