[0.007s] Invoking command in '/home/comrade/kshoonya_ws/build/my_robot_bringup': CMAKE_PREFIX_PATH=/home/comrade/kshoonya_ws/install/kshoonya_description:/home/comrade/kshoonya_ws/install/my_robot_bringup:/home/comrade/ros2_ws/install/my_robot_bringup:/home/comrade/ros2_ws/install/my_robot_interfaces:/home/comrade/ros2_ws/install/cpp_pubsub:/home/comrade/kshoonya_ws/install/my_robot_packages:/home/comrade/ros2_ws/install/py_pkg:/opt/ros/iron /usr/bin/cmake --build /home/comrade/kshoonya_ws/build/my_robot_bringup -- -j16 -l16
[0.025s] -- Found ament_cmake: 2.0.3 (/opt/ros/iron/share/ament_cmake/cmake)
[0.121s] -- Override CMake install command with custom implementation using symlinks instead of copying resources
[0.173s] -- Configuring done
[0.176s] -- Generating done
[0.177s] -- Build files have been written to: /home/comrade/kshoonya_ws/build/my_robot_bringup
[0.191s] Invoked command in '/home/comrade/kshoonya_ws/build/my_robot_bringup' returned '0': CMAKE_PREFIX_PATH=/home/comrade/kshoonya_ws/install/kshoonya_description:/home/comrade/kshoonya_ws/install/my_robot_bringup:/home/comrade/ros2_ws/install/my_robot_bringup:/home/comrade/ros2_ws/install/my_robot_interfaces:/home/comrade/ros2_ws/install/cpp_pubsub:/home/comrade/kshoonya_ws/install/my_robot_packages:/home/comrade/ros2_ws/install/py_pkg:/opt/ros/iron /usr/bin/cmake --build /home/comrade/kshoonya_ws/build/my_robot_bringup -- -j16 -l16
[0.205s] Invoking command in '/home/comrade/kshoonya_ws/build/my_robot_bringup': CMAKE_PREFIX_PATH=/home/comrade/kshoonya_ws/install/kshoonya_description:/home/comrade/kshoonya_ws/install/my_robot_bringup:/home/comrade/ros2_ws/install/my_robot_bringup:/home/comrade/ros2_ws/install/my_robot_interfaces:/home/comrade/ros2_ws/install/cpp_pubsub:/home/comrade/kshoonya_ws/install/my_robot_packages:/home/comrade/ros2_ws/install/py_pkg:/opt/ros/iron /usr/bin/cmake --install /home/comrade/kshoonya_ws/build/my_robot_bringup
[0.210s] -- Install configuration: ""
[0.210s] -- Execute custom install script
[0.211s] -- Up-to-date symlink: /home/comrade/kshoonya_ws/install/my_robot_bringup/share/my_robot_bringup//launch/my_robot_gazebo.launch.xml
[0.211s] -- Up-to-date symlink: /home/comrade/kshoonya_ws/install/my_robot_bringup/share/my_robot_bringup//rviz/urdf_config.rviz
[0.211s] -- Symlinking: /home/comrade/kshoonya_ws/install/my_robot_bringup/share/my_robot_bringup//worlds/my_world.world
[0.217s] -- Up-to-date symlink: /home/comrade/kshoonya_ws/install/my_robot_bringup/share/ament_index/resource_index/package_run_dependencies/my_robot_bringup
[0.217s] -- Up-to-date symlink: /home/comrade/kshoonya_ws/install/my_robot_bringup/share/ament_index/resource_index/parent_prefix_path/my_robot_bringup
[0.218s] -- Up-to-date symlink: /home/comrade/kshoonya_ws/install/my_robot_bringup/share/my_robot_bringup/environment/ament_prefix_path.sh
[0.218s] -- Up-to-date symlink: /home/comrade/kshoonya_ws/install/my_robot_bringup/share/my_robot_bringup/environment/ament_prefix_path.dsv
[0.218s] -- Up-to-date symlink: /home/comrade/kshoonya_ws/install/my_robot_bringup/share/my_robot_bringup/environment/path.sh
[0.218s] -- Up-to-date symlink: /home/comrade/kshoonya_ws/install/my_robot_bringup/share/my_robot_bringup/environment/path.dsv
[0.218s] -- Up-to-date symlink: /home/comrade/kshoonya_ws/install/my_robot_bringup/share/my_robot_bringup/local_setup.bash
[0.218s] -- Up-to-date symlink: /home/comrade/kshoonya_ws/install/my_robot_bringup/share/my_robot_bringup/local_setup.sh
[0.218s] -- Up-to-date symlink: /home/comrade/kshoonya_ws/install/my_robot_bringup/share/my_robot_bringup/local_setup.zsh
[0.218s] -- Up-to-date symlink: /home/comrade/kshoonya_ws/install/my_robot_bringup/share/my_robot_bringup/local_setup.dsv
[0.219s] -- Symlinking: /home/comrade/kshoonya_ws/install/my_robot_bringup/share/my_robot_bringup/package.dsv
[0.225s] -- Up-to-date symlink: /home/comrade/kshoonya_ws/install/my_robot_bringup/share/ament_index/resource_index/packages/my_robot_bringup
[0.225s] -- Up-to-date symlink: /home/comrade/kshoonya_ws/install/my_robot_bringup/share/my_robot_bringup/cmake/my_robot_bringupConfig.cmake
[0.225s] -- Up-to-date symlink: /home/comrade/kshoonya_ws/install/my_robot_bringup/share/my_robot_bringup/cmake/my_robot_bringupConfig-version.cmake
[0.225s] -- Up-to-date symlink: /home/comrade/kshoonya_ws/install/my_robot_bringup/share/my_robot_bringup/package.xml
[0.228s] Invoked command in '/home/comrade/kshoonya_ws/build/my_robot_bringup' returned '0': CMAKE_PREFIX_PATH=/home/comrade/kshoonya_ws/install/kshoonya_description:/home/comrade/kshoonya_ws/install/my_robot_bringup:/home/comrade/ros2_ws/install/my_robot_bringup:/home/comrade/ros2_ws/install/my_robot_interfaces:/home/comrade/ros2_ws/install/cpp_pubsub:/home/comrade/kshoonya_ws/install/my_robot_packages:/home/comrade/ros2_ws/install/py_pkg:/opt/ros/iron /usr/bin/cmake --install /home/comrade/kshoonya_ws/build/my_robot_bringup
