[0.211s] DEBUG:colcon:Command line arguments: ['/usr/bin/colcon', 'build', '--symlink-install']
[0.211s] DEBUG:colcon:Parsed command line arguments: Namespace(log_base=None, log_level=None, verb_name='build', build_base='build', install_base='install', merge_install=False, symlink_install=True, test_result_base=None, continue_on_error=False, executor='parallel', parallel_workers=16, event_handlers=None, ignore_user_meta=False, metas=['./colcon.meta'], base_paths=['.'], packages_ignore=None, packages_ignore_regex=None, paths=None, packages_up_to=None, packages_up_to_regex=None, packages_above=None, packages_above_and_dependencies=None, packages_above_depth=None, packages_select_by_dep=None, packages_skip_by_dep=None, packages_skip_up_to=None, packages_select_build_failed=False, packages_skip_build_finished=False, packages_select_test_failures=False, packages_skip_test_passed=False, packages_select=None, packages_skip=None, packages_select_regex=None, packages_skip_regex=None, packages_start=None, packages_end=None, allow_overriding=[], cmake_args=None, cmake_target=None, cmake_target_skip_unavailable=False, cmake_clean_cache=False, cmake_clean_first=False, cmake_force_configure=False, ament_cmake_args=None, catkin_cmake_args=None, catkin_skip_building_tests=False, verb_parser=<colcon_defaults.argument_parser.defaults.DefaultArgumentsDecorator object at 0x7fbfc93d76d0>, verb_extension=<colcon_core.verb.build.BuildVerb object at 0x7fbfc93d7160>, main=<bound method BuildVerb.main of <colcon_core.verb.build.BuildVerb object at 0x7fbfc93d7160>>)
[0.226s] Level 1:colcon.colcon_core.package_discovery:discover_packages(colcon_meta) check parameters
[0.226s] Level 1:colcon.colcon_core.package_discovery:discover_packages(recursive) check parameters
[0.226s] Level 1:colcon.colcon_core.package_discovery:discover_packages(ignore) check parameters
[0.226s] Level 1:colcon.colcon_core.package_discovery:discover_packages(path) check parameters
[0.226s] Level 1:colcon.colcon_core.package_discovery:discover_packages(colcon_meta) discover
[0.226s] Level 1:colcon.colcon_core.package_discovery:discover_packages(recursive) discover
[0.226s] INFO:colcon.colcon_core.package_discovery:Crawling recursively for packages in '/home/comrade/kshoonya_ws'
[0.226s] Level 1:colcon.colcon_core.package_identification:_identify(.) by extensions ['ignore', 'ignore_ament_install']
[0.226s] Level 1:colcon.colcon_core.package_identification:_identify(.) by extension 'ignore'
[0.226s] Level 1:colcon.colcon_core.package_identification:_identify(.) by extension 'ignore_ament_install'
[0.226s] Level 1:colcon.colcon_core.package_identification:_identify(.) by extensions ['colcon_pkg']
[0.226s] Level 1:colcon.colcon_core.package_identification:_identify(.) by extension 'colcon_pkg'
[0.226s] Level 1:colcon.colcon_core.package_identification:_identify(.) by extensions ['colcon_meta']
[0.226s] Level 1:colcon.colcon_core.package_identification:_identify(.) by extension 'colcon_meta'
[0.226s] Level 1:colcon.colcon_core.package_identification:_identify(.) by extensions ['ros']
[0.226s] Level 1:colcon.colcon_core.package_identification:_identify(.) by extension 'ros'
[0.234s] Level 1:colcon.colcon_core.package_identification:_identify(.) by extensions ['cmake', 'python']
[0.234s] Level 1:colcon.colcon_core.package_identification:_identify(.) by extension 'cmake'
[0.234s] Level 1:colcon.colcon_core.package_identification:_identify(.) by extension 'python'
[0.234s] Level 1:colcon.colcon_core.package_identification:_identify(.) by extensions ['python_setup_py']
[0.234s] Level 1:colcon.colcon_core.package_identification:_identify(.) by extension 'python_setup_py'
[0.234s] Level 1:colcon.colcon_core.package_identification:_identify(build) by extensions ['ignore', 'ignore_ament_install']
[0.234s] Level 1:colcon.colcon_core.package_identification:_identify(build) by extension 'ignore'
[0.234s] Level 1:colcon.colcon_core.package_identification:_identify(build) ignored
[0.234s] Level 1:colcon.colcon_core.package_identification:_identify(install) by extensions ['ignore', 'ignore_ament_install']
[0.234s] Level 1:colcon.colcon_core.package_identification:_identify(install) by extension 'ignore'
[0.234s] Level 1:colcon.colcon_core.package_identification:_identify(install) ignored
[0.234s] Level 1:colcon.colcon_core.package_identification:_identify(log) by extensions ['ignore', 'ignore_ament_install']
[0.234s] Level 1:colcon.colcon_core.package_identification:_identify(log) by extension 'ignore'
[0.234s] Level 1:colcon.colcon_core.package_identification:_identify(log) ignored
[0.234s] Level 1:colcon.colcon_core.package_identification:_identify(src) by extensions ['ignore', 'ignore_ament_install']
[0.234s] Level 1:colcon.colcon_core.package_identification:_identify(src) by extension 'ignore'
[0.234s] Level 1:colcon.colcon_core.package_identification:_identify(src) by extension 'ignore_ament_install'
[0.234s] Level 1:colcon.colcon_core.package_identification:_identify(src) by extensions ['colcon_pkg']
[0.234s] Level 1:colcon.colcon_core.package_identification:_identify(src) by extension 'colcon_pkg'
[0.234s] Level 1:colcon.colcon_core.package_identification:_identify(src) by extensions ['colcon_meta']
[0.234s] Level 1:colcon.colcon_core.package_identification:_identify(src) by extension 'colcon_meta'
[0.234s] Level 1:colcon.colcon_core.package_identification:_identify(src) by extensions ['ros']
[0.234s] Level 1:colcon.colcon_core.package_identification:_identify(src) by extension 'ros'
[0.234s] Level 1:colcon.colcon_core.package_identification:_identify(src) by extensions ['cmake', 'python']
[0.234s] Level 1:colcon.colcon_core.package_identification:_identify(src) by extension 'cmake'
[0.234s] Level 1:colcon.colcon_core.package_identification:_identify(src) by extension 'python'
[0.234s] Level 1:colcon.colcon_core.package_identification:_identify(src) by extensions ['python_setup_py']
[0.234s] Level 1:colcon.colcon_core.package_identification:_identify(src) by extension 'python_setup_py'
[0.234s] Level 1:colcon.colcon_core.package_identification:_identify(src/kshoonya_description) by extensions ['ignore', 'ignore_ament_install']
[0.235s] Level 1:colcon.colcon_core.package_identification:_identify(src/kshoonya_description) by extension 'ignore'
[0.235s] Level 1:colcon.colcon_core.package_identification:_identify(src/kshoonya_description) by extension 'ignore_ament_install'
[0.235s] Level 1:colcon.colcon_core.package_identification:_identify(src/kshoonya_description) by extensions ['colcon_pkg']
[0.235s] Level 1:colcon.colcon_core.package_identification:_identify(src/kshoonya_description) by extension 'colcon_pkg'
[0.235s] Level 1:colcon.colcon_core.package_identification:_identify(src/kshoonya_description) by extensions ['colcon_meta']
[0.235s] Level 1:colcon.colcon_core.package_identification:_identify(src/kshoonya_description) by extension 'colcon_meta'
[0.235s] Level 1:colcon.colcon_core.package_identification:_identify(src/kshoonya_description) by extensions ['ros']
[0.235s] Level 1:colcon.colcon_core.package_identification:_identify(src/kshoonya_description) by extension 'ros'
[0.236s] DEBUG:colcon.colcon_core.package_identification:Package 'src/kshoonya_description' with type 'ros.ament_cmake' and name 'kshoonya_description'
[0.236s] Level 1:colcon.colcon_core.package_identification:_identify(src/my_robot_bringup) by extensions ['ignore', 'ignore_ament_install']
[0.236s] Level 1:colcon.colcon_core.package_identification:_identify(src/my_robot_bringup) by extension 'ignore'
[0.236s] Level 1:colcon.colcon_core.package_identification:_identify(src/my_robot_bringup) by extension 'ignore_ament_install'
[0.236s] Level 1:colcon.colcon_core.package_identification:_identify(src/my_robot_bringup) by extensions ['colcon_pkg']
[0.236s] Level 1:colcon.colcon_core.package_identification:_identify(src/my_robot_bringup) by extension 'colcon_pkg'
[0.236s] Level 1:colcon.colcon_core.package_identification:_identify(src/my_robot_bringup) by extensions ['colcon_meta']
[0.236s] Level 1:colcon.colcon_core.package_identification:_identify(src/my_robot_bringup) by extension 'colcon_meta'
[0.236s] Level 1:colcon.colcon_core.package_identification:_identify(src/my_robot_bringup) by extensions ['ros']
[0.236s] Level 1:colcon.colcon_core.package_identification:_identify(src/my_robot_bringup) by extension 'ros'
[0.237s] DEBUG:colcon.colcon_core.package_identification:Package 'src/my_robot_bringup' with type 'ros.ament_cmake' and name 'my_robot_bringup'
[0.237s] Level 1:colcon.colcon_core.package_identification:_identify(src/my_robot_packages) by extensions ['ignore', 'ignore_ament_install']
[0.237s] Level 1:colcon.colcon_core.package_identification:_identify(src/my_robot_packages) by extension 'ignore'
[0.237s] Level 1:colcon.colcon_core.package_identification:_identify(src/my_robot_packages) by extension 'ignore_ament_install'
[0.237s] Level 1:colcon.colcon_core.package_identification:_identify(src/my_robot_packages) by extensions ['colcon_pkg']
[0.237s] Level 1:colcon.colcon_core.package_identification:_identify(src/my_robot_packages) by extension 'colcon_pkg'
[0.237s] Level 1:colcon.colcon_core.package_identification:_identify(src/my_robot_packages) by extensions ['colcon_meta']
[0.237s] Level 1:colcon.colcon_core.package_identification:_identify(src/my_robot_packages) by extension 'colcon_meta'
[0.237s] Level 1:colcon.colcon_core.package_identification:_identify(src/my_robot_packages) by extensions ['ros']
[0.237s] Level 1:colcon.colcon_core.package_identification:_identify(src/my_robot_packages) by extension 'ros'
[0.237s] DEBUG:colcon.colcon_core.package_identification:Package 'src/my_robot_packages' with type 'ros.ament_python' and name 'my_robot_packages'
[0.237s] Level 1:colcon.colcon_core.package_discovery:discover_packages(recursive) using defaults
[0.237s] Level 1:colcon.colcon_core.package_discovery:discover_packages(ignore) discover
[0.237s] Level 1:colcon.colcon_core.package_discovery:discover_packages(ignore) using defaults
[0.237s] Level 1:colcon.colcon_core.package_discovery:discover_packages(path) discover
[0.237s] Level 1:colcon.colcon_core.package_discovery:discover_packages(path) using defaults
[0.252s] Level 1:colcon.colcon_core.package_discovery:discover_packages(prefix_path) check parameters
[0.252s] Level 1:colcon.colcon_core.package_discovery:discover_packages(prefix_path) discover
[0.255s] DEBUG:colcon.colcon_installed_package_information.package_discovery:Found 3 installed packages in /home/comrade/kshoonya_ws/install
[0.255s] DEBUG:colcon.colcon_installed_package_information.package_discovery:Found 4 installed packages in /home/comrade/ros2_ws/install
[0.256s] DEBUG:colcon.colcon_installed_package_information.package_discovery:Found 337 installed packages in /opt/ros/iron
[0.258s] Level 1:colcon.colcon_core.package_discovery:discover_packages(prefix_path) using defaults
[0.295s] Level 5:colcon.colcon_core.verb:set package 'kshoonya_description' build argument 'cmake_args' from command line to 'None'
[0.295s] Level 5:colcon.colcon_core.verb:set package 'kshoonya_description' build argument 'cmake_target' from command line to 'None'
[0.295s] Level 5:colcon.colcon_core.verb:set package 'kshoonya_description' build argument 'cmake_target_skip_unavailable' from command line to 'False'
[0.295s] Level 5:colcon.colcon_core.verb:set package 'kshoonya_description' build argument 'cmake_clean_cache' from command line to 'False'
[0.295s] Level 5:colcon.colcon_core.verb:set package 'kshoonya_description' build argument 'cmake_clean_first' from command line to 'False'
[0.295s] Level 5:colcon.colcon_core.verb:set package 'kshoonya_description' build argument 'cmake_force_configure' from command line to 'False'
[0.295s] Level 5:colcon.colcon_core.verb:set package 'kshoonya_description' build argument 'ament_cmake_args' from command line to 'None'
[0.295s] Level 5:colcon.colcon_core.verb:set package 'kshoonya_description' build argument 'catkin_cmake_args' from command line to 'None'
[0.295s] Level 5:colcon.colcon_core.verb:set package 'kshoonya_description' build argument 'catkin_skip_building_tests' from command line to 'False'
[0.295s] DEBUG:colcon.colcon_core.verb:Building package 'kshoonya_description' with the following arguments: {'ament_cmake_args': None, 'build_base': '/home/comrade/kshoonya_ws/build/kshoonya_description', 'catkin_cmake_args': None, 'catkin_skip_building_tests': False, 'cmake_args': None, 'cmake_clean_cache': False, 'cmake_clean_first': False, 'cmake_force_configure': False, 'cmake_target': None, 'cmake_target_skip_unavailable': False, 'install_base': '/home/comrade/kshoonya_ws/install/kshoonya_description', 'merge_install': False, 'path': '/home/comrade/kshoonya_ws/src/kshoonya_description', 'symlink_install': True, 'test_result_base': None}
[0.295s] Level 5:colcon.colcon_core.verb:set package 'my_robot_packages' build argument 'cmake_args' from command line to 'None'
[0.295s] Level 5:colcon.colcon_core.verb:set package 'my_robot_packages' build argument 'cmake_target' from command line to 'None'
[0.295s] Level 5:colcon.colcon_core.verb:set package 'my_robot_packages' build argument 'cmake_target_skip_unavailable' from command line to 'False'
[0.295s] Level 5:colcon.colcon_core.verb:set package 'my_robot_packages' build argument 'cmake_clean_cache' from command line to 'False'
[0.295s] Level 5:colcon.colcon_core.verb:set package 'my_robot_packages' build argument 'cmake_clean_first' from command line to 'False'
[0.295s] Level 5:colcon.colcon_core.verb:set package 'my_robot_packages' build argument 'cmake_force_configure' from command line to 'False'
[0.295s] Level 5:colcon.colcon_core.verb:set package 'my_robot_packages' build argument 'ament_cmake_args' from command line to 'None'
[0.295s] Level 5:colcon.colcon_core.verb:set package 'my_robot_packages' build argument 'catkin_cmake_args' from command line to 'None'
[0.296s] Level 5:colcon.colcon_core.verb:set package 'my_robot_packages' build argument 'catkin_skip_building_tests' from command line to 'False'
[0.296s] DEBUG:colcon.colcon_core.verb:Building package 'my_robot_packages' with the following arguments: {'ament_cmake_args': None, 'build_base': '/home/comrade/kshoonya_ws/build/my_robot_packages', 'catkin_cmake_args': None, 'catkin_skip_building_tests': False, 'cmake_args': None, 'cmake_clean_cache': False, 'cmake_clean_first': False, 'cmake_force_configure': False, 'cmake_target': None, 'cmake_target_skip_unavailable': False, 'install_base': '/home/comrade/kshoonya_ws/install/my_robot_packages', 'merge_install': False, 'path': '/home/comrade/kshoonya_ws/src/my_robot_packages', 'symlink_install': True, 'test_result_base': None}
[0.296s] Level 5:colcon.colcon_core.verb:set package 'my_robot_bringup' build argument 'cmake_args' from command line to 'None'
[0.296s] Level 5:colcon.colcon_core.verb:set package 'my_robot_bringup' build argument 'cmake_target' from command line to 'None'
[0.296s] Level 5:colcon.colcon_core.verb:set package 'my_robot_bringup' build argument 'cmake_target_skip_unavailable' from command line to 'False'
[0.296s] Level 5:colcon.colcon_core.verb:set package 'my_robot_bringup' build argument 'cmake_clean_cache' from command line to 'False'
[0.296s] Level 5:colcon.colcon_core.verb:set package 'my_robot_bringup' build argument 'cmake_clean_first' from command line to 'False'
[0.296s] Level 5:colcon.colcon_core.verb:set package 'my_robot_bringup' build argument 'cmake_force_configure' from command line to 'False'
[0.296s] Level 5:colcon.colcon_core.verb:set package 'my_robot_bringup' build argument 'ament_cmake_args' from command line to 'None'
[0.296s] Level 5:colcon.colcon_core.verb:set package 'my_robot_bringup' build argument 'catkin_cmake_args' from command line to 'None'
[0.296s] Level 5:colcon.colcon_core.verb:set package 'my_robot_bringup' build argument 'catkin_skip_building_tests' from command line to 'False'
[0.296s] DEBUG:colcon.colcon_core.verb:Building package 'my_robot_bringup' with the following arguments: {'ament_cmake_args': None, 'build_base': '/home/comrade/kshoonya_ws/build/my_robot_bringup', 'catkin_cmake_args': None, 'catkin_skip_building_tests': False, 'cmake_args': None, 'cmake_clean_cache': False, 'cmake_clean_first': False, 'cmake_force_configure': False, 'cmake_target': None, 'cmake_target_skip_unavailable': False, 'install_base': '/home/comrade/kshoonya_ws/install/my_robot_bringup', 'merge_install': False, 'path': '/home/comrade/kshoonya_ws/src/my_robot_bringup', 'symlink_install': True, 'test_result_base': None}
[0.297s] INFO:colcon.colcon_core.executor:Executing jobs using 'parallel' executor
[0.299s] DEBUG:colcon.colcon_parallel_executor.executor.parallel:run_until_complete
[0.299s] INFO:colcon.colcon_ros.task.ament_cmake.build:Building ROS package in '/home/comrade/kshoonya_ws/src/kshoonya_description' with build type 'ament_cmake'
[0.299s] INFO:colcon.colcon_cmake.task.cmake.build:Building CMake package in '/home/comrade/kshoonya_ws/src/kshoonya_description'
[0.303s] INFO:colcon.colcon_core.plugin_system:Skipping extension 'colcon_core.shell.bat': Not used on non-Windows systems
[0.303s] INFO:colcon.colcon_core.shell:Skip shell extension 'powershell' for command environment: Not usable outside of PowerShell
[0.303s] DEBUG:colcon.colcon_core.shell:Skip shell extension 'dsv' for command environment
[0.307s] INFO:colcon.colcon_ros.task.ament_python.build:Building ROS package in '/home/comrade/kshoonya_ws/src/my_robot_packages' with build type 'ament_python'
[0.307s] Level 1:colcon.colcon_core.shell:create_environment_hook('my_robot_packages', 'ament_prefix_path')
[0.308s] INFO:colcon.colcon_core.shell:Creating environment hook '/home/comrade/kshoonya_ws/install/my_robot_packages/share/my_robot_packages/hook/ament_prefix_path.ps1'
[0.308s] INFO:colcon.colcon_core.shell:Creating environment descriptor '/home/comrade/kshoonya_ws/install/my_robot_packages/share/my_robot_packages/hook/ament_prefix_path.dsv'
[0.308s] INFO:colcon.colcon_core.shell:Creating environment hook '/home/comrade/kshoonya_ws/install/my_robot_packages/share/my_robot_packages/hook/ament_prefix_path.sh'
[0.310s] INFO:colcon.colcon_core.shell:Skip shell extension 'powershell' for command environment: Not usable outside of PowerShell
[0.310s] DEBUG:colcon.colcon_core.shell:Skip shell extension 'dsv' for command environment
[0.316s] DEBUG:colcon.colcon_core.event_handler.log_command:Invoking command in '/home/comrade/kshoonya_ws/build/kshoonya_description': CMAKE_PREFIX_PATH=${CMAKE_PREFIX_PATH}:/home/comrade/kshoonya_ws/install/my_robot_packages:/home/comrade/ros2_ws/install/py_pkg:/opt/ros/iron /usr/bin/cmake --build /home/comrade/kshoonya_ws/build/kshoonya_description -- -j16 -l16
[0.512s] INFO:colcon.colcon_core.task.python.build:Building Python package in '/home/comrade/kshoonya_ws/src/my_robot_packages'
[0.512s] INFO:colcon.colcon_core.shell:Skip shell extension 'powershell' for command environment: Not usable outside of PowerShell
[0.513s] DEBUG:colcon.colcon_core.shell:Skip shell extension 'dsv' for command environment
[0.517s] DEBUG:colcon.colcon_core.event_handler.log_command:Invoked command in '/home/comrade/kshoonya_ws/build/kshoonya_description' returned '0': CMAKE_PREFIX_PATH=${CMAKE_PREFIX_PATH}:/home/comrade/kshoonya_ws/install/my_robot_packages:/home/comrade/ros2_ws/install/py_pkg:/opt/ros/iron /usr/bin/cmake --build /home/comrade/kshoonya_ws/build/kshoonya_description -- -j16 -l16
[0.538s] DEBUG:colcon.colcon_core.event_handler.log_command:Invoking command in '/home/comrade/kshoonya_ws/build/kshoonya_description': CMAKE_PREFIX_PATH=${CMAKE_PREFIX_PATH}:/home/comrade/kshoonya_ws/install/my_robot_packages:/home/comrade/ros2_ws/install/py_pkg:/opt/ros/iron /usr/bin/cmake --install /home/comrade/kshoonya_ws/build/kshoonya_description
[0.555s] Level 1:colcon.colcon_core.environment:create_environment_scripts_only(kshoonya_description)
[0.555s] DEBUG:colcon.colcon_core.event_handler.log_command:Invoked command in '/home/comrade/kshoonya_ws/build/kshoonya_description' returned '0': CMAKE_PREFIX_PATH=${CMAKE_PREFIX_PATH}:/home/comrade/kshoonya_ws/install/my_robot_packages:/home/comrade/ros2_ws/install/py_pkg:/opt/ros/iron /usr/bin/cmake --install /home/comrade/kshoonya_ws/build/kshoonya_description
[0.559s] Level 1:colcon.colcon_core.environment:checking '/home/comrade/kshoonya_ws/install/kshoonya_description' for CMake module files
[0.560s] Level 1:colcon.colcon_core.environment:checking '/home/comrade/kshoonya_ws/install/kshoonya_description' for CMake config files
[0.560s] Level 1:colcon.colcon_core.shell:create_environment_hook('kshoonya_description', 'cmake_prefix_path')
[0.561s] INFO:colcon.colcon_core.shell:Creating environment hook '/home/comrade/kshoonya_ws/install/kshoonya_description/share/kshoonya_description/hook/cmake_prefix_path.ps1'
[0.561s] INFO:colcon.colcon_core.shell:Creating environment descriptor '/home/comrade/kshoonya_ws/install/kshoonya_description/share/kshoonya_description/hook/cmake_prefix_path.dsv'
[0.561s] INFO:colcon.colcon_core.shell:Creating environment hook '/home/comrade/kshoonya_ws/install/kshoonya_description/share/kshoonya_description/hook/cmake_prefix_path.sh'
[0.562s] Level 1:colcon.colcon_core.environment:checking '/home/comrade/kshoonya_ws/install/kshoonya_description/bin'
[0.562s] Level 1:colcon.colcon_core.environment:checking '/home/comrade/kshoonya_ws/install/kshoonya_description/lib/pkgconfig/kshoonya_description.pc'
[0.562s] Level 1:colcon.colcon_core.environment:checking '/home/comrade/kshoonya_ws/install/kshoonya_description/lib/python3.10/site-packages'
[0.562s] Level 1:colcon.colcon_core.environment:checking '/home/comrade/kshoonya_ws/install/kshoonya_description/bin'
[0.563s] INFO:colcon.colcon_core.shell:Creating package script '/home/comrade/kshoonya_ws/install/kshoonya_description/share/kshoonya_description/package.ps1'
[0.564s] INFO:colcon.colcon_core.shell:Creating package descriptor '/home/comrade/kshoonya_ws/install/kshoonya_description/share/kshoonya_description/package.dsv'
[0.564s] INFO:colcon.colcon_core.shell:Creating package script '/home/comrade/kshoonya_ws/install/kshoonya_description/share/kshoonya_description/package.sh'
[0.565s] INFO:colcon.colcon_core.shell:Creating package script '/home/comrade/kshoonya_ws/install/kshoonya_description/share/kshoonya_description/package.bash'
[0.565s] INFO:colcon.colcon_core.shell:Creating package script '/home/comrade/kshoonya_ws/install/kshoonya_description/share/kshoonya_description/package.zsh'
[0.566s] Level 1:colcon.colcon_core.environment:create_file_with_runtime_dependencies(/home/comrade/kshoonya_ws/install/kshoonya_description/share/colcon-core/packages/kshoonya_description)
[0.580s] Level 1:colcon.colcon_core.environment:create_environment_scripts_only(kshoonya_description)
[0.581s] Level 1:colcon.colcon_core.environment:checking '/home/comrade/kshoonya_ws/install/kshoonya_description' for CMake module files
[0.582s] Level 1:colcon.colcon_core.environment:checking '/home/comrade/kshoonya_ws/install/kshoonya_description' for CMake config files
[0.582s] Level 1:colcon.colcon_core.shell:create_environment_hook('kshoonya_description', 'cmake_prefix_path')
[0.583s] INFO:colcon.colcon_core.shell:Creating environment hook '/home/comrade/kshoonya_ws/install/kshoonya_description/share/kshoonya_description/hook/cmake_prefix_path.ps1'
[0.583s] INFO:colcon.colcon_core.shell:Creating environment descriptor '/home/comrade/kshoonya_ws/install/kshoonya_description/share/kshoonya_description/hook/cmake_prefix_path.dsv'
[0.583s] INFO:colcon.colcon_core.shell:Creating environment hook '/home/comrade/kshoonya_ws/install/kshoonya_description/share/kshoonya_description/hook/cmake_prefix_path.sh'
[0.583s] Level 1:colcon.colcon_core.environment:checking '/home/comrade/kshoonya_ws/install/kshoonya_description/bin'
[0.583s] Level 1:colcon.colcon_core.environment:checking '/home/comrade/kshoonya_ws/install/kshoonya_description/lib/pkgconfig/kshoonya_description.pc'
[0.584s] Level 1:colcon.colcon_core.environment:checking '/home/comrade/kshoonya_ws/install/kshoonya_description/lib/python3.10/site-packages'
[0.584s] Level 1:colcon.colcon_core.environment:checking '/home/comrade/kshoonya_ws/install/kshoonya_description/bin'
[0.585s] INFO:colcon.colcon_core.shell:Creating package script '/home/comrade/kshoonya_ws/install/kshoonya_description/share/kshoonya_description/package.ps1'
[0.585s] INFO:colcon.colcon_core.shell:Creating package descriptor '/home/comrade/kshoonya_ws/install/kshoonya_description/share/kshoonya_description/package.dsv'
[0.585s] INFO:colcon.colcon_core.shell:Creating package script '/home/comrade/kshoonya_ws/install/kshoonya_description/share/kshoonya_description/package.sh'
[0.585s] INFO:colcon.colcon_core.shell:Creating package script '/home/comrade/kshoonya_ws/install/kshoonya_description/share/kshoonya_description/package.bash'
[0.586s] INFO:colcon.colcon_core.shell:Creating package script '/home/comrade/kshoonya_ws/install/kshoonya_description/share/kshoonya_description/package.zsh'
[0.586s] Level 1:colcon.colcon_core.environment:create_file_with_runtime_dependencies(/home/comrade/kshoonya_ws/install/kshoonya_description/share/colcon-core/packages/kshoonya_description)
[0.586s] INFO:colcon.colcon_ros.task.ament_cmake.build:Building ROS package in '/home/comrade/kshoonya_ws/src/my_robot_bringup' with build type 'ament_cmake'
[0.586s] INFO:colcon.colcon_cmake.task.cmake.build:Building CMake package in '/home/comrade/kshoonya_ws/src/my_robot_bringup'
[0.587s] INFO:colcon.colcon_core.shell:Skip shell extension 'powershell' for command environment: Not usable outside of PowerShell
[0.587s] DEBUG:colcon.colcon_core.shell:Skip shell extension 'dsv' for command environment
[0.595s] DEBUG:colcon.colcon_core.event_handler.log_command:Invoking command in '/home/comrade/kshoonya_ws/build/my_robot_bringup': CMAKE_PREFIX_PATH=/home/comrade/kshoonya_ws/install/kshoonya_description:/home/comrade/kshoonya_ws/install/my_robot_bringup:/home/comrade/ros2_ws/install/my_robot_bringup:/home/comrade/ros2_ws/install/my_robot_interfaces:/home/comrade/ros2_ws/install/cpp_pubsub:/home/comrade/kshoonya_ws/install/my_robot_packages:/home/comrade/ros2_ws/install/py_pkg:/opt/ros/iron /usr/bin/cmake --build /home/comrade/kshoonya_ws/build/my_robot_bringup -- -j16 -l16
[0.779s] DEBUG:colcon.colcon_core.event_handler.log_command:Invoked command in '/home/comrade/kshoonya_ws/build/my_robot_bringup' returned '0': CMAKE_PREFIX_PATH=/home/comrade/kshoonya_ws/install/kshoonya_description:/home/comrade/kshoonya_ws/install/my_robot_bringup:/home/comrade/ros2_ws/install/my_robot_bringup:/home/comrade/ros2_ws/install/my_robot_interfaces:/home/comrade/ros2_ws/install/cpp_pubsub:/home/comrade/kshoonya_ws/install/my_robot_packages:/home/comrade/ros2_ws/install/py_pkg:/opt/ros/iron /usr/bin/cmake --build /home/comrade/kshoonya_ws/build/my_robot_bringup -- -j16 -l16
[0.793s] DEBUG:colcon.colcon_core.event_handler.log_command:Invoking command in '/home/comrade/kshoonya_ws/build/my_robot_bringup': CMAKE_PREFIX_PATH=/home/comrade/kshoonya_ws/install/kshoonya_description:/home/comrade/kshoonya_ws/install/my_robot_bringup:/home/comrade/ros2_ws/install/my_robot_bringup:/home/comrade/ros2_ws/install/my_robot_interfaces:/home/comrade/ros2_ws/install/cpp_pubsub:/home/comrade/kshoonya_ws/install/my_robot_packages:/home/comrade/ros2_ws/install/py_pkg:/opt/ros/iron /usr/bin/cmake --install /home/comrade/kshoonya_ws/build/my_robot_bringup
[0.804s] DEBUG:colcon.colcon_core.event_handler.log_command:Invoking command in '/home/comrade/kshoonya_ws/build/my_robot_packages': PYTHONPATH=/home/comrade/kshoonya_ws/build/my_robot_packages/prefix_override:/home/comrade/kshoonya_ws/install/my_robot_packages/lib/python3.10/site-packages:${PYTHONPATH} /usr/bin/python3 setup.py develop --editable --build-directory /home/comrade/kshoonya_ws/build/my_robot_packages/build --no-deps install_data
[0.814s] Level 1:colcon.colcon_core.environment:create_environment_scripts_only(my_robot_bringup)
[0.815s] Level 1:colcon.colcon_core.environment:checking '/home/comrade/kshoonya_ws/install/my_robot_bringup' for CMake module files
[0.816s] DEBUG:colcon.colcon_core.event_handler.log_command:Invoked command in '/home/comrade/kshoonya_ws/build/my_robot_bringup' returned '0': CMAKE_PREFIX_PATH=/home/comrade/kshoonya_ws/install/kshoonya_description:/home/comrade/kshoonya_ws/install/my_robot_bringup:/home/comrade/ros2_ws/install/my_robot_bringup:/home/comrade/ros2_ws/install/my_robot_interfaces:/home/comrade/ros2_ws/install/cpp_pubsub:/home/comrade/kshoonya_ws/install/my_robot_packages:/home/comrade/ros2_ws/install/py_pkg:/opt/ros/iron /usr/bin/cmake --install /home/comrade/kshoonya_ws/build/my_robot_bringup
[0.816s] Level 1:colcon.colcon_core.environment:checking '/home/comrade/kshoonya_ws/install/my_robot_bringup' for CMake config files
[0.816s] Level 1:colcon.colcon_core.shell:create_environment_hook('my_robot_bringup', 'cmake_prefix_path')
[0.817s] INFO:colcon.colcon_core.shell:Creating environment hook '/home/comrade/kshoonya_ws/install/my_robot_bringup/share/my_robot_bringup/hook/cmake_prefix_path.ps1'
[0.817s] INFO:colcon.colcon_core.shell:Creating environment descriptor '/home/comrade/kshoonya_ws/install/my_robot_bringup/share/my_robot_bringup/hook/cmake_prefix_path.dsv'
[0.817s] INFO:colcon.colcon_core.shell:Creating environment hook '/home/comrade/kshoonya_ws/install/my_robot_bringup/share/my_robot_bringup/hook/cmake_prefix_path.sh'
[0.818s] Level 1:colcon.colcon_core.environment:checking '/home/comrade/kshoonya_ws/install/my_robot_bringup/bin'
[0.818s] Level 1:colcon.colcon_core.environment:checking '/home/comrade/kshoonya_ws/install/my_robot_bringup/lib/pkgconfig/my_robot_bringup.pc'
[0.818s] Level 1:colcon.colcon_core.environment:checking '/home/comrade/kshoonya_ws/install/my_robot_bringup/lib/python3.10/site-packages'
[0.818s] Level 1:colcon.colcon_core.environment:checking '/home/comrade/kshoonya_ws/install/my_robot_bringup/bin'
[0.819s] INFO:colcon.colcon_core.shell:Creating package script '/home/comrade/kshoonya_ws/install/my_robot_bringup/share/my_robot_bringup/package.ps1'
[0.819s] INFO:colcon.colcon_core.shell:Creating package descriptor '/home/comrade/kshoonya_ws/install/my_robot_bringup/share/my_robot_bringup/package.dsv'
[0.819s] INFO:colcon.colcon_core.shell:Creating package script '/home/comrade/kshoonya_ws/install/my_robot_bringup/share/my_robot_bringup/package.sh'
[0.819s] INFO:colcon.colcon_core.shell:Creating package script '/home/comrade/kshoonya_ws/install/my_robot_bringup/share/my_robot_bringup/package.bash'
[0.819s] INFO:colcon.colcon_core.shell:Creating package script '/home/comrade/kshoonya_ws/install/my_robot_bringup/share/my_robot_bringup/package.zsh'
[0.820s] Level 1:colcon.colcon_core.environment:create_file_with_runtime_dependencies(/home/comrade/kshoonya_ws/install/my_robot_bringup/share/colcon-core/packages/my_robot_bringup)
[0.834s] Level 1:colcon.colcon_core.environment:create_environment_scripts_only(my_robot_bringup)
[0.835s] Level 1:colcon.colcon_core.environment:checking '/home/comrade/kshoonya_ws/install/my_robot_bringup' for CMake module files
[0.836s] Level 1:colcon.colcon_core.environment:checking '/home/comrade/kshoonya_ws/install/my_robot_bringup' for CMake config files
[0.836s] Level 1:colcon.colcon_core.shell:create_environment_hook('my_robot_bringup', 'cmake_prefix_path')
[0.836s] INFO:colcon.colcon_core.shell:Creating environment hook '/home/comrade/kshoonya_ws/install/my_robot_bringup/share/my_robot_bringup/hook/cmake_prefix_path.ps1'
[0.837s] INFO:colcon.colcon_core.shell:Creating environment descriptor '/home/comrade/kshoonya_ws/install/my_robot_bringup/share/my_robot_bringup/hook/cmake_prefix_path.dsv'
[0.837s] INFO:colcon.colcon_core.shell:Creating environment hook '/home/comrade/kshoonya_ws/install/my_robot_bringup/share/my_robot_bringup/hook/cmake_prefix_path.sh'
[0.837s] Level 1:colcon.colcon_core.environment:checking '/home/comrade/kshoonya_ws/install/my_robot_bringup/bin'
[0.837s] Level 1:colcon.colcon_core.environment:checking '/home/comrade/kshoonya_ws/install/my_robot_bringup/lib/pkgconfig/my_robot_bringup.pc'
[0.837s] Level 1:colcon.colcon_core.environment:checking '/home/comrade/kshoonya_ws/install/my_robot_bringup/lib/python3.10/site-packages'
[0.837s] Level 1:colcon.colcon_core.environment:checking '/home/comrade/kshoonya_ws/install/my_robot_bringup/bin'
[0.838s] INFO:colcon.colcon_core.shell:Creating package script '/home/comrade/kshoonya_ws/install/my_robot_bringup/share/my_robot_bringup/package.ps1'
[0.839s] INFO:colcon.colcon_core.shell:Creating package descriptor '/home/comrade/kshoonya_ws/install/my_robot_bringup/share/my_robot_bringup/package.dsv'
[0.839s] INFO:colcon.colcon_core.shell:Creating package script '/home/comrade/kshoonya_ws/install/my_robot_bringup/share/my_robot_bringup/package.sh'
[0.839s] INFO:colcon.colcon_core.shell:Creating package script '/home/comrade/kshoonya_ws/install/my_robot_bringup/share/my_robot_bringup/package.bash'
[0.839s] INFO:colcon.colcon_core.shell:Creating package script '/home/comrade/kshoonya_ws/install/my_robot_bringup/share/my_robot_bringup/package.zsh'
[0.839s] Level 1:colcon.colcon_core.environment:create_file_with_runtime_dependencies(/home/comrade/kshoonya_ws/install/my_robot_bringup/share/colcon-core/packages/my_robot_bringup)
[1.121s] Level 1:colcon.colcon_core.shell:create_environment_hook('my_robot_packages', 'pythonpath_develop')
[1.122s] INFO:colcon.colcon_core.shell:Creating environment hook '/home/comrade/kshoonya_ws/build/my_robot_packages/share/my_robot_packages/hook/pythonpath_develop.ps1'
[1.122s] DEBUG:colcon.colcon_core.event_handler.log_command:Invoked command in '/home/comrade/kshoonya_ws/build/my_robot_packages' returned '0': PYTHONPATH=/home/comrade/kshoonya_ws/build/my_robot_packages/prefix_override:/home/comrade/kshoonya_ws/install/my_robot_packages/lib/python3.10/site-packages:${PYTHONPATH} /usr/bin/python3 setup.py develop --editable --build-directory /home/comrade/kshoonya_ws/build/my_robot_packages/build --no-deps install_data
[1.122s] INFO:colcon.colcon_core.shell:Creating environment descriptor '/home/comrade/kshoonya_ws/build/my_robot_packages/share/my_robot_packages/hook/pythonpath_develop.dsv'
[1.123s] INFO:colcon.colcon_core.shell:Creating environment hook '/home/comrade/kshoonya_ws/build/my_robot_packages/share/my_robot_packages/hook/pythonpath_develop.sh'
[1.124s] Level 1:colcon.colcon_core.environment:checking '/home/comrade/kshoonya_ws/install/my_robot_packages' for CMake module files
[1.124s] Level 1:colcon.colcon_core.environment:checking '/home/comrade/kshoonya_ws/install/my_robot_packages' for CMake config files
[1.124s] Level 1:colcon.colcon_core.environment:checking '/home/comrade/kshoonya_ws/install/my_robot_packages/lib'
[1.125s] Level 1:colcon.colcon_core.environment:checking '/home/comrade/kshoonya_ws/install/my_robot_packages/bin'
[1.125s] Level 1:colcon.colcon_core.environment:checking '/home/comrade/kshoonya_ws/install/my_robot_packages/lib/pkgconfig/my_robot_packages.pc'
[1.125s] Level 1:colcon.colcon_core.environment:checking '/home/comrade/kshoonya_ws/install/my_robot_packages/lib/python3.10/site-packages'
[1.125s] Level 1:colcon.colcon_core.shell:create_environment_hook('my_robot_packages', 'pythonpath')
[1.126s] INFO:colcon.colcon_core.shell:Creating environment hook '/home/comrade/kshoonya_ws/install/my_robot_packages/share/my_robot_packages/hook/pythonpath.ps1'
[1.126s] INFO:colcon.colcon_core.shell:Creating environment descriptor '/home/comrade/kshoonya_ws/install/my_robot_packages/share/my_robot_packages/hook/pythonpath.dsv'
[1.126s] INFO:colcon.colcon_core.shell:Creating environment hook '/home/comrade/kshoonya_ws/install/my_robot_packages/share/my_robot_packages/hook/pythonpath.sh'
[1.126s] Level 1:colcon.colcon_core.environment:checking '/home/comrade/kshoonya_ws/install/my_robot_packages/bin'
[1.126s] Level 1:colcon.colcon_core.environment:create_environment_scripts_only(my_robot_packages)
[1.127s] INFO:colcon.colcon_core.shell:Creating package script '/home/comrade/kshoonya_ws/install/my_robot_packages/share/my_robot_packages/package.ps1'
[1.128s] INFO:colcon.colcon_core.shell:Creating package descriptor '/home/comrade/kshoonya_ws/install/my_robot_packages/share/my_robot_packages/package.dsv'
[1.128s] INFO:colcon.colcon_core.shell:Creating package script '/home/comrade/kshoonya_ws/install/my_robot_packages/share/my_robot_packages/package.sh'
[1.128s] INFO:colcon.colcon_core.shell:Creating package script '/home/comrade/kshoonya_ws/install/my_robot_packages/share/my_robot_packages/package.bash'
[1.128s] INFO:colcon.colcon_core.shell:Creating package script '/home/comrade/kshoonya_ws/install/my_robot_packages/share/my_robot_packages/package.zsh'
[1.128s] Level 1:colcon.colcon_core.environment:create_file_with_runtime_dependencies(/home/comrade/kshoonya_ws/install/my_robot_packages/share/colcon-core/packages/my_robot_packages)
[1.128s] DEBUG:colcon.colcon_parallel_executor.executor.parallel:closing loop
[1.129s] DEBUG:colcon.colcon_parallel_executor.executor.parallel:loop closed
[1.129s] DEBUG:colcon.colcon_parallel_executor.executor.parallel:run_until_complete finished with '0'
[1.129s] DEBUG:colcon.colcon_core.event_reactor:joining thread
[1.133s] INFO:colcon.colcon_core.plugin_system:Skipping extension 'colcon_notification.desktop_notification.terminal_notifier': Not used on non-Darwin systems
[1.133s] INFO:colcon.colcon_core.plugin_system:Skipping extension 'colcon_notification.desktop_notification.win32': Not used on non-Windows systems
[1.133s] INFO:colcon.colcon_notification.desktop_notification:Sending desktop notification using 'notify2'
[1.139s] DEBUG:colcon.colcon_core.event_reactor:joined thread
[1.140s] INFO:colcon.colcon_core.shell:Creating prefix script '/home/comrade/kshoonya_ws/install/local_setup.ps1'
[1.141s] INFO:colcon.colcon_core.shell:Creating prefix util module '/home/comrade/kshoonya_ws/install/_local_setup_util_ps1.py'
[1.142s] INFO:colcon.colcon_core.shell:Creating prefix chain script '/home/comrade/kshoonya_ws/install/setup.ps1'
[1.143s] INFO:colcon.colcon_core.shell:Creating prefix script '/home/comrade/kshoonya_ws/install/local_setup.sh'
[1.143s] INFO:colcon.colcon_core.shell:Creating prefix util module '/home/comrade/kshoonya_ws/install/_local_setup_util_sh.py'
[1.144s] INFO:colcon.colcon_core.shell:Creating prefix chain script '/home/comrade/kshoonya_ws/install/setup.sh'
[1.145s] INFO:colcon.colcon_core.shell:Creating prefix script '/home/comrade/kshoonya_ws/install/local_setup.bash'
[1.145s] INFO:colcon.colcon_core.shell:Creating prefix chain script '/home/comrade/kshoonya_ws/install/setup.bash'
[1.146s] INFO:colcon.colcon_core.shell:Creating prefix script '/home/comrade/kshoonya_ws/install/local_setup.zsh'
[1.146s] INFO:colcon.colcon_core.shell:Creating prefix chain script '/home/comrade/kshoonya_ws/install/setup.zsh'
